TN:
SF:/opt/missionchain/deploy/packages/contracts/contracts/governance/DAOGovernor.sol
FN:113,constructor
FN:126,setTemporaryMembers
FN:153,renounceOwnershipToDAO
FN:181,propose
FN:206,approve
FN:226,execute
FN:261,emergencyPause
FN:303,getProposal
FN:333,isExecutable
FN:342,_timelockFor
FNF:10
FNH:9
FNDA:41,constructor
FNDA:29,setTemporaryMembers
FNDA:10,renounceOwnershipToDAO
FNDA:18,propose
FNDA:23,approve
FNDA:13,execute
FNDA:9,emergencyPause
FNDA:7,getProposal
FNDA:0,isExecutable
FNDA:17,_timelockFor
DA:114,41
DA:115,41
DA:116,41
DA:118,41
DA:128,29
DA:129,26
DA:132,25
DA:133,125
DA:134,125
DA:135,5
DA:140,25
DA:141,125
DA:142,125
DA:143,125
DA:146,25
DA:155,10
DA:156,9
DA:158,8
DA:161,8
DA:164,8
DA:166,8
DA:182,18
DA:183,17
DA:185,17
DA:186,17
DA:188,17
DA:189,17
DA:190,17
DA:191,17
DA:192,17
DA:193,17
DA:194,17
DA:195,17
DA:197,17
DA:199,17
DA:200,17
DA:207,23
DA:209,22
DA:210,22
DA:211,22
DA:213,21
DA:214,21
DA:216,21
DA:218,21
DA:219,9
DA:227,13
DA:228,13
DA:230,10
DA:231,10
DA:237,7
DA:240,7
DA:241,7
DA:243,0
DA:244,0
DA:248,0
DA:251,7
DA:263,9
DA:264,8
DA:265,8
DA:268,6
DA:269,14
DA:270,12
DA:271,14
DA:275,2
DA:278,2
DA:281,2
DA:282,0
DA:283,0
DA:287,0
DA:317,7
DA:318,7
DA:334,0
DA:335,0
DA:336,0
DA:343,17
DA:344,3
DA:345,2
DA:346,0
LF:78
LH:68
BRDA:114,1,0,41
BRDA:114,1,1,0
BRDA:128,2,0,26
BRDA:128,2,1,3
BRDA:134,3,0,5
BRDA:134,3,1,120
BRDA:141,4,0,125
BRDA:141,4,1,0
BRDA:155,5,0,9
BRDA:155,5,1,1
BRDA:181,6,0,18
BRDA:181,6,1,0
BRDA:182,7,0,17
BRDA:182,7,1,1
BRDA:183,8,0,17
BRDA:183,8,1,0
BRDA:207,9,0,22
BRDA:207,9,1,1
BRDA:210,10,0,22
BRDA:210,10,1,0
BRDA:211,11,0,21
BRDA:211,11,1,1
BRDA:218,12,0,9
BRDA:218,12,1,12
BRDA:226,13,0,13
BRDA:226,13,1,0
BRDA:228,14,0,10
BRDA:228,14,1,3
BRDA:231,15,0,7
BRDA:231,15,1,3
BRDA:241,16,0,0
BRDA:241,16,1,7
BRDA:243,17,0,0
BRDA:243,17,1,0
BRDA:261,18,0,9
BRDA:261,18,1,0
BRDA:263,19,0,8
BRDA:263,19,1,1
BRDA:264,20,0,8
BRDA:264,20,1,0
BRDA:265,21,0,6
BRDA:265,21,1,2
BRDA:269,22,0,12
BRDA:269,22,1,2
BRDA:271,23,0,12
BRDA:271,23,1,2
BRDA:281,24,0,0
BRDA:281,24,1,2
BRDA:282,25,0,0
BRDA:282,25,1,0
BRDA:335,26,0,0
BRDA:335,26,1,0
BRDA:343,27,0,14
BRDA:343,27,1,3
BRDA:344,28,0,1
BRDA:344,28,1,2
BRDA:345,29,0,2
BRDA:345,29,1,0
BRF:58
BRH:41
end_of_record
TN:
SF:/opt/missionchain/deploy/packages/contracts/contracts/governance/StewardCouncil.sol
FN:41,onlyOwner
FN:48,constructor
FN:61,addMember
FN:85,updateMember
FN:94,setActive
FN:104,removeMember
FN:128,isMember
FN:132,isActiveMember
FN:136,memberCount
FN:141,getMembers
FN:156,getActiveMembers
FNF:11
FNH:0
FNDA:0,onlyOwner
FNDA:0,constructor
FNDA:0,addMember
FNDA:0,updateMember
FNDA:0,setActive
FNDA:0,removeMember
FNDA:0,isMember
FNDA:0,isActiveMember
FNDA:0,memberCount
FNDA:0,getMembers
FNDA:0,getActiveMembers
DA:42,0
DA:43,0
DA:49,0
DA:50,0
DA:62,0
DA:63,0
DA:65,0
DA:73,0
DA:74,0
DA:75,0
DA:77,0
DA:86,0
DA:87,0
DA:88,0
DA:89,0
DA:90,0
DA:91,0
DA:95,0
DA:96,0
DA:97,0
DA:98,0
DA:99,0
DA:101,0
DA:105,0
DA:106,0
DA:108,0
DA:109,0
DA:112,0
DA:113,0
DA:114,0
DA:115,0
DA:116,0
DA:117,0
DA:119,0
DA:120,0
DA:121,0
DA:123,0
DA:129,0
DA:133,0
DA:137,0
DA:146,0
DA:147,0
DA:148,0
DA:149,0
DA:150,0
DA:151,0
DA:152,0
DA:157,0
DA:158,0
DA:159,0
DA:160,0
DA:161,0
DA:162,0
DA:163,0
LF:54
LH:0
BRDA:42,1,0,0
BRDA:42,1,1,0
BRDA:49,2,0,0
BRDA:49,2,1,0
BRDA:61,3,0,0
BRDA:61,3,1,0
BRDA:62,4,0,0
BRDA:62,4,1,0
BRDA:63,5,0,0
BRDA:63,5,1,0
BRDA:85,6,0,0
BRDA:85,6,1,0
BRDA:86,7,0,0
BRDA:86,7,1,0
BRDA:94,8,0,0
BRDA:94,8,1,0
BRDA:95,9,0,0
BRDA:95,9,1,0
BRDA:97,10,0,0
BRDA:97,10,1,0
BRDA:99,11,0,0
BRDA:99,11,1,0
BRDA:104,12,0,0
BRDA:104,12,1,0
BRDA:106,13,0,0
BRDA:106,13,1,0
BRDA:109,14,0,0
BRDA:109,14,1,0
BRDA:114,15,0,0
BRDA:114,15,1,0
BRDA:147,16,0,0
BRDA:147,16,1,0
BRDA:149,17,0,0
BRDA:149,17,1,0
BRDA:162,18,0,0
BRDA:162,18,1,0
BRF:36
BRH:0
end_of_record
TN:
SF:/opt/missionchain/deploy/packages/contracts/contracts/infrastructure/LiquidityPool.sol
FN:64,constructor
FN:84,receiveUSDT
FN:98,depositMIC
FN:116,withdrawUSDT
FN:134,withdrawMICForCEX
FN:147,usdtBalance
FN:152,micBalance
FNF:7
FNH:7
FNDA:52,constructor
FNDA:26,receiveUSDT
FNDA:17,depositMIC
FNDA:8,withdrawUSDT
FNDA:8,withdrawMICForCEX
FNDA:15,usdtBalance
FNDA:19,micBalance
DA:69,52
DA:70,51
DA:71,50
DA:73,49
DA:74,49
DA:76,49
DA:85,26
DA:87,25
DA:88,25
DA:90,25
DA:99,17
DA:101,16
DA:102,16
DA:104,16
DA:117,8
DA:118,7
DA:119,6
DA:121,5
DA:123,5
DA:135,8
DA:136,7
DA:137,6
DA:139,5
DA:141,5
DA:148,15
DA:153,19
LF:26
LH:26
BRDA:69,1,0,51
BRDA:69,1,1,1
BRDA:70,2,0,50
BRDA:70,2,1,1
BRDA:71,3,0,49
BRDA:71,3,1,1
BRDA:84,4,0,26
BRDA:84,4,1,2
BRDA:84,5,0,26
BRDA:84,5,1,0
BRDA:85,6,0,25
BRDA:85,6,1,1
BRDA:98,7,0,17
BRDA:98,7,1,2
BRDA:98,8,0,17
BRDA:98,8,1,0
BRDA:99,9,0,16
BRDA:99,9,1,1
BRDA:116,10,0,8
BRDA:116,10,1,2
BRDA:116,11,0,8
BRDA:116,11,1,0
BRDA:117,12,0,7
BRDA:117,12,1,1
BRDA:118,13,0,6
BRDA:118,13,1,1
BRDA:119,14,0,5
BRDA:119,14,1,1
BRDA:134,15,0,8
BRDA:134,15,1,2
BRDA:134,16,0,8
BRDA:134,16,1,0
BRDA:135,17,0,7
BRDA:135,17,1,1
BRDA:136,18,0,6
BRDA:136,18,1,1
BRDA:137,19,0,5
BRDA:137,19,1,1
BRF:38
BRH:34
end_of_record
TN:
SF:/opt/missionchain/deploy/packages/contracts/contracts/infrastructure/LiquidityPoolV5.sol
FN:42,constructor
FN:56,receiveAndDistribute
FN:65,depositMIC
FN:74,setMicBurnRate
FN:80,swapAndBurnMIC
FN:103,swapUsdtToMic
FN:108,swapMicToUsdt
FN:114,usdtBalance
FN:115,micBalance
FN:116,previewBurn
FNF:10
FNH:0
FNDA:0,constructor
FNDA:0,receiveAndDistribute
FNDA:0,depositMIC
FNDA:0,setMicBurnRate
FNDA:0,swapAndBurnMIC
FNDA:0,swapUsdtToMic
FNDA:0,swapMicToUsdt
FNDA:0,usdtBalance
FNDA:0,micBalance
FNDA:0,previewBurn
DA:43,0
DA:44,0
DA:45,0
DA:46,0
DA:47,0
DA:48,0
DA:49,0
DA:57,0
DA:58,0
DA:59,0
DA:60,0
DA:66,0
DA:67,0
DA:68,0
DA:69,0
DA:75,0
DA:76,0
DA:77,0
DA:81,0
DA:82,0
DA:84,0
DA:86,0
DA:87,0
DA:88,0
DA:90,0
DA:92,0
DA:93,0
DA:94,0
DA:96,0
DA:104,0
DA:109,0
DA:117,0
DA:118,0
LF:33
LH:0
BRDA:43,1,0,0
BRDA:43,1,1,0
BRDA:44,2,0,0
BRDA:44,2,1,0
BRDA:45,3,0,0
BRDA:45,3,1,0
BRDA:56,4,0,0
BRDA:56,4,1,0
BRDA:56,5,0,0
BRDA:56,5,1,0
BRDA:57,6,0,0
BRDA:57,6,1,0
BRDA:65,7,0,0
BRDA:65,7,1,0
BRDA:65,8,0,0
BRDA:65,8,1,0
BRDA:66,9,0,0
BRDA:66,9,1,0
BRDA:74,10,0,0
BRDA:74,10,1,0
BRDA:75,11,0,0
BRDA:75,11,1,0
BRDA:80,12,0,0
BRDA:80,12,1,0
BRDA:80,13,0,0
BRDA:80,13,1,0
BRDA:81,14,0,0
BRDA:81,14,1,0
BRDA:82,15,0,0
BRDA:82,15,1,0
BRDA:87,16,0,0
BRDA:87,16,1,0
BRDA:88,17,0,0
BRDA:88,17,1,0
BRDA:117,18,0,0
BRDA:117,18,1,0
BRF:36
BRH:0
end_of_record
TN:
SF:/opt/missionchain/deploy/packages/contracts/contracts/infrastructure/ManagementPool.sol
FN:75,constructor
FN:98,receiveUSDT
FN:119,claim
FN:137,distributeBonus
FN:154,setRoleAddress
FN:168,getRoleAddress
FN:175,getRoleBps
FNF:7
FNH:7
FNDA:44,constructor
FNDA:30,receiveUSDT
FNDA:17,claim
FNDA:7,distributeBonus
FNDA:5,setRoleAddress
FNDA:7,getRoleAddress
FNDA:6,getRoleBps
DA:80,44
DA:81,43
DA:83,42
DA:85,42
DA:86,252
DA:87,252
DA:90,42
DA:99,30
DA:101,29
DA:102,29
DA:105,29
DA:106,29
DA:110,29
DA:112,29
DA:120,17
DA:121,17
DA:123,14
DA:124,14
DA:126,13
DA:127,13
DA:129,13
DA:138,7
DA:139,6
DA:140,5
DA:142,4
DA:143,4
DA:145,4
DA:155,5
DA:156,5
DA:158,4
DA:159,4
DA:161,4
DA:169,7
DA:170,7
DA:176,6
DA:177,6
LF:36
LH:36
BRDA:80,1,0,43
BRDA:80,1,1,1
BRDA:81,2,0,42
BRDA:81,2,1,1
BRDA:86,3,0,252
BRDA:86,3,1,0
BRDA:98,4,0,30
BRDA:98,4,1,2
BRDA:98,5,0,30
BRDA:98,5,1,0
BRDA:99,6,0,29
BRDA:99,6,1,1
BRDA:119,7,0,17
BRDA:119,7,1,0
BRDA:120,8,0,17
BRDA:120,8,1,0
BRDA:121,9,0,14
BRDA:121,9,1,3
BRDA:124,10,0,13
BRDA:124,10,1,1
BRDA:137,11,0,7
BRDA:137,11,1,1
BRDA:137,12,0,7
BRDA:137,12,1,0
BRDA:138,13,0,6
BRDA:138,13,1,1
BRDA:139,14,0,5
BRDA:139,14,1,1
BRDA:140,15,0,4
BRDA:140,15,1,1
BRDA:154,16,0,5
BRDA:154,16,1,1
BRDA:155,17,0,5
BRDA:155,17,1,0
BRDA:156,18,0,4
BRDA:156,18,1,1
BRDA:169,19,0,7
BRDA:169,19,1,0
BRDA:176,20,0,6
BRDA:176,20,1,0
BRF:40
BRH:32
end_of_record
TN:
SF:/opt/missionchain/deploy/packages/contracts/contracts/infrastructure/TreasuryManager.sol
FN:64,constructor
FN:77,receiveUSDT
FN:105,transfer
FN:140,emergencyWithdraw
FN:155,getSubPoolBalance
FN:161,getCurrentPeriodTransfers
FN:168,getContractBalance
FNF:7
FNH:7
FNDA:49,constructor
FNDA:37,receiveUSDT
FNDA:23,transfer
FNDA:8,emergencyWithdraw
FNDA:38,getSubPoolBalance
FNDA:9,getCurrentPeriodTransfers
FNDA:1,getContractBalance
DA:65,49
DA:66,48
DA:68,47
DA:69,47
DA:78,37
DA:80,36
DA:82,36
DA:83,36
DA:85,36
DA:87,36
DA:88,36
DA:89,36
DA:91,36
DA:93,36
DA:106,23
DA:107,22
DA:108,21
DA:110,20
DA:111,20
DA:114,20
DA:115,20
DA:118,19
DA:119,19
DA:123,18
DA:125,18
DA:126,18
DA:128,18
DA:141,8
DA:142,7
DA:143,6
DA:144,5
DA:146,4
DA:147,4
DA:149,4
DA:156,38
DA:157,37
DA:162,9
DA:163,8
DA:164,8
DA:169,1
LF:40
LH:40
BRDA:65,1,0,48
BRDA:65,1,1,1
BRDA:66,2,0,47
BRDA:66,2,1,1
BRDA:77,3,0,37
BRDA:77,3,1,2
BRDA:77,4,0,37
BRDA:77,4,1,0
BRDA:78,5,0,36
BRDA:78,5,1,1
BRDA:105,6,0,23
BRDA:105,6,1,1
BRDA:105,7,0,23
BRDA:105,7,1,0
BRDA:106,8,0,22
BRDA:106,8,1,1
BRDA:107,9,0,21
BRDA:107,9,1,1
BRDA:108,10,0,20
BRDA:108,10,1,1
BRDA:111,11,0,20
BRDA:111,11,1,0
BRDA:115,12,0,19
BRDA:115,12,1,1
BRDA:119,13,0,18
BRDA:119,13,1,1
BRDA:140,14,0,8
BRDA:140,14,1,2
BRDA:140,15,0,8
BRDA:140,15,1,0
BRDA:141,16,0,7
BRDA:141,16,1,1
BRDA:142,17,0,6
BRDA:142,17,1,1
BRDA:143,18,0,5
BRDA:143,18,1,1
BRDA:144,19,0,4
BRDA:144,19,1,1
BRDA:156,20,0,37
BRDA:156,20,1,1
BRDA:162,21,0,8
BRDA:162,21,1,1
BRF:42
BRH:38
end_of_record
TN:
SF:/opt/missionchain/deploy/packages/contracts/contracts/interfaces/ILockManager.sol
FNF:0
FNH:0
LF:0
LH:0
BRF:0
BRH:0
end_of_record
TN:
SF:/opt/missionchain/deploy/packages/contracts/contracts/marketplace/P2PEscrowMFP.sol
FN:95,constructor
FN:106,onERC721Received
FN:117,activeOrderForToken
FN:122,isExpired
FN:128,getOrder
FN:142,createOrder
FN:182,matchOrder
FN:227,cancelOrder
FN:252,expireOrder
FN:271,setFee
FN:279,setFeeRecipient
FN:291,setCancellationFee
FN:299,pauseTrading
FN:309,emergencyRecoverNFT
FNF:14
FNH:0
FNDA:0,constructor
FNDA:0,onERC721Received
FNDA:0,activeOrderForToken
FNDA:0,isExpired
FNDA:0,getOrder
FNDA:0,createOrder
FNDA:0,matchOrder
FNDA:0,cancelOrder
FNDA:0,expireOrder
FNDA:0,setFee
FNDA:0,setFeeRecipient
FNDA:0,setCancellationFee
FNDA:0,pauseTrading
FNDA:0,emergencyRecoverNFT
DA:96,0
DA:97,0
DA:98,0
DA:99,0
DA:100,0
DA:101,0
DA:102,0
DA:109,0
DA:118,0
DA:123,0
DA:124,0
DA:129,0
DA:144,0
DA:145,0
DA:146,0
DA:150,0
DA:154,0
DA:155,0
DA:161,0
DA:162,0
DA:173,0
DA:174,0
DA:175,0
DA:183,0
DA:184,0
DA:185,0
DA:186,0
DA:187,0
DA:190,0
DA:192,0
DA:195,0
DA:198,0
DA:199,0
DA:202,0
DA:203,0
DA:204,0
DA:205,0
DA:208,0
DA:209,0
DA:210,0
DA:212,0
DA:214,0
DA:215,0
DA:216,0
DA:219,0
DA:220,0
DA:228,0
DA:229,0
DA:230,0
DA:232,0
DA:233,0
DA:234,0
DA:235,0
DA:238,0
DA:239,0
DA:240,0
DA:243,0
DA:245,0
DA:253,0
DA:254,0
DA:255,0
DA:257,0
DA:258,0
DA:259,0
DA:261,0
DA:263,0
DA:272,0
DA:273,0
DA:274,0
DA:280,0
DA:282,0
DA:283,0
DA:285,0
DA:286,0
DA:292,0
DA:293,0
DA:294,0
DA:300,0
DA:301,0
DA:311,0
DA:312,0
DA:313,0
DA:314,0
DA:316,0
DA:317,0
DA:318,0
DA:320,0
DA:322,0
LF:88
LH:0
BRDA:96,1,0,0
BRDA:96,1,1,0
BRDA:97,2,0,0
BRDA:97,2,1,0
BRDA:98,3,0,0
BRDA:98,3,1,0
BRDA:142,4,0,0
BRDA:142,4,1,0
BRDA:144,5,0,0
BRDA:144,5,1,0
BRDA:145,6,0,0
BRDA:145,6,1,0
BRDA:146,7,0,0
BRDA:146,7,1,0
BRDA:150,8,0,0
BRDA:150,8,1,0
BRDA:154,9,0,0
BRDA:154,9,1,0
BRDA:155,10,0,0
BRDA:155,10,1,0
BRDA:156,11,0,0
BRDA:156,11,1,0
BRDA:182,12,0,0
BRDA:182,12,1,0
BRDA:183,13,0,0
BRDA:183,13,1,0
BRDA:185,14,0,0
BRDA:185,14,1,0
BRDA:186,15,0,0
BRDA:186,15,1,0
BRDA:187,16,0,0
BRDA:187,16,1,0
BRDA:192,17,0,0
BRDA:192,17,1,0
BRDA:198,18,0,0
BRDA:198,18,1,0
BRDA:209,19,0,0
BRDA:209,19,1,0
BRDA:212,20,0,0
BRDA:212,20,1,0
BRDA:227,21,0,0
BRDA:227,21,1,0
BRDA:229,22,0,0
BRDA:229,22,1,0
BRDA:230,23,0,0
BRDA:230,23,1,0
BRDA:232,24,0,0
BRDA:232,24,1,0
BRDA:252,25,0,0
BRDA:252,25,1,0
BRDA:254,26,0,0
BRDA:254,26,1,0
BRDA:255,27,0,0
BRDA:255,27,1,0
BRDA:271,28,0,0
BRDA:271,28,1,0
BRDA:272,29,0,0
BRDA:272,29,1,0
BRDA:279,30,0,0
BRDA:279,30,1,0
BRDA:280,31,0,0
BRDA:280,31,1,0
BRDA:282,32,0,0
BRDA:282,32,1,0
BRDA:291,33,0,0
BRDA:291,33,1,0
BRDA:292,34,0,0
BRDA:292,34,1,0
BRDA:299,35,0,0
BRDA:299,35,1,0
BRDA:309,36,0,0
BRDA:309,36,1,0
BRDA:309,37,0,0
BRDA:309,37,1,0
BRDA:311,38,0,0
BRDA:311,38,1,0
BRDA:313,39,0,0
BRDA:313,39,1,0
BRDA:314,40,0,0
BRDA:314,40,1,0
BRF:80
BRH:0
end_of_record
TN:
SF:/opt/missionchain/deploy/packages/contracts/contracts/mining/EmissionController.sol
FN:73,constructor
FN:100,eBase
FN:119,demandFactor
FN:128,roiFactor
FN:139,warmUpFactor
FN:149,_currentMinerBps
FN:160,dailyEmission
FN:184,distributeDaily
FN:220,setROI
FN:225,setPriceFloorBreached
FN:232,setMiningPool
FN:237,setStakingPool
FN:242,setDaoTreasury
FN:247,setCommunityNFTPool
FN:262,setSplitRatios
FNF:15
FNH:12
FNDA:50,constructor
FNDA:30,eBase
FNDA:28,demandFactor
FNDA:29,roiFactor
FNDA:30,warmUpFactor
FNDA:14,_currentMinerBps
FNDA:25,dailyEmission
FNDA:17,distributeDaily
FNDA:6,setROI
FNDA:4,setPriceFloorBreached
FNDA:2,setMiningPool
FNDA:0,setStakingPool
FNDA:0,setDaoTreasury
FNDA:0,setCommunityNFTPool
FNDA:5,setSplitRatios
DA:82,50
DA:83,50
DA:84,50
DA:85,50
DA:86,50
DA:87,50
DA:88,50
DA:90,50
DA:91,50
DA:92,50
DA:94,50
DA:95,50
DA:101,30
DA:103,30
DA:104,30
DA:106,30
DA:109,29
DA:113,29
DA:114,29
DA:120,28
DA:123,28
DA:129,29
DA:131,28
DA:132,28
DA:133,27
DA:134,24
DA:140,30
DA:141,30
DA:142,30
DA:143,9
DA:150,14
DA:151,14
DA:152,14
DA:153,5
DA:155,5
DA:156,5
DA:161,25
DA:162,25
DA:164,23
DA:165,23
DA:166,23
DA:167,23
DA:170,23
DA:173,23
DA:174,23
DA:177,23
DA:178,23
DA:180,23
DA:185,17
DA:186,16
DA:188,15
DA:189,15
DA:190,1
DA:191,1
DA:194,14
DA:195,14
DA:199,14
DA:200,14
DA:203,14
DA:204,14
DA:205,14
DA:206,14
DA:209,14
DA:210,14
DA:211,14
DA:212,14
DA:214,14
DA:215,14
DA:221,6
DA:222,6
DA:226,4
DA:227,4
DA:233,2
DA:234,1
DA:238,0
DA:239,0
DA:243,0
DA:244,0
DA:248,0
DA:249,0
DA:264,5
DA:267,4
DA:272,3
DA:277,3
DA:282,3
DA:287,3
DA:288,3
DA:289,3
DA:290,3
DA:292,3
LF:90
LH:84
BRDA:82,1,0,50
BRDA:82,1,1,0
BRDA:106,2,0,1
BRDA:106,2,1,29
BRDA:129,3,0,1
BRDA:129,3,1,28
BRDA:132,4,0,1
BRDA:132,4,1,27
BRDA:133,5,0,3
BRDA:133,5,1,24
BRDA:142,6,0,21
BRDA:142,6,1,9
BRDA:152,7,0,9
BRDA:152,7,1,5
BRDA:162,8,0,2
BRDA:162,8,1,23
BRDA:174,9,0,2
BRDA:174,9,1,21
BRDA:178,10,0,1
BRDA:178,10,1,22
BRDA:184,11,0,17
BRDA:184,11,1,0
BRDA:185,12,0,16
BRDA:185,12,1,1
BRDA:186,13,0,15
BRDA:186,13,1,1
BRDA:189,14,0,1
BRDA:189,14,1,14
BRDA:209,15,0,14
BRDA:209,15,1,0
BRDA:210,16,0,14
BRDA:210,16,1,0
BRDA:211,17,0,14
BRDA:211,17,1,0
BRDA:212,18,0,14
BRDA:212,18,1,0
BRDA:220,19,0,6
BRDA:220,19,1,1
BRDA:225,20,0,4
BRDA:225,20,1,0
BRDA:232,21,0,2
BRDA:232,21,1,1
BRDA:233,22,0,1
BRDA:233,22,1,1
BRDA:237,23,0,0
BRDA:237,23,1,0
BRDA:238,24,0,0
BRDA:238,24,1,0
BRDA:242,25,0,0
BRDA:242,25,1,0
BRDA:243,26,0,0
BRDA:243,26,1,0
BRDA:247,27,0,0
BRDA:247,27,1,0
BRDA:248,28,0,0
BRDA:248,28,1,0
BRDA:262,29,0,5
BRDA:262,29,1,0
BRDA:264,30,0,4
BRDA:264,30,1,1
BRDA:267,31,0,3
BRDA:267,31,1,1
BRDA:268,32,0,4
BRDA:268,32,1,0
BRDA:272,33,0,3
BRDA:272,33,1,0
BRDA:273,34,0,3
BRDA:273,34,1,0
BRDA:277,35,0,3
BRDA:277,35,1,0
BRDA:278,36,0,0
BRDA:278,36,1,3
BRDA:282,37,0,3
BRDA:282,37,1,0
BRF:74
BRH:48
end_of_record
TN:
SF:/opt/missionchain/deploy/packages/contracts/contracts/mining/MiningPool.sol
FN:42,constructor
FN:50,startEpoch
FN:64,submitScores
FN:84,finalizeEpoch
FN:97,claimReward
FN:116,pendingReward
FN:124,getScore
FNF:7
FNH:7
FNDA:67,constructor
FNDA:61,startEpoch
FNDA:46,submitScores
FNDA:39,finalizeEpoch
FNDA:23,claimReward
FNDA:6,pendingReward
FNDA:6,getScore
DA:43,67
DA:44,65
DA:45,65
DA:46,65
DA:51,61
DA:52,9
DA:54,60
DA:55,60
DA:65,46
DA:66,45
DA:67,44
DA:69,43
DA:70,43
DA:72,73
DA:73,73
DA:74,1
DA:76,73
DA:77,73
DA:80,43
DA:85,39
DA:86,38
DA:87,38
DA:90,37
DA:91,37
DA:93,37
DA:98,23
DA:99,23
DA:100,22
DA:102,20
DA:103,20
DA:105,18
DA:107,18
DA:108,18
DA:110,18
DA:112,18
DA:117,6
DA:118,6
DA:119,3
DA:120,3
DA:125,6
LF:40
LH:40
BRDA:43,1,0,65
BRDA:43,1,1,2
BRDA:50,2,0,61
BRDA:50,2,1,3
BRDA:51,3,0,9
BRDA:51,3,1,52
BRDA:52,4,0,8
BRDA:52,4,1,1
BRDA:64,5,0,46
BRDA:64,5,1,3
BRDA:65,6,0,45
BRDA:65,6,1,1
BRDA:66,7,0,44
BRDA:66,7,1,1
BRDA:67,8,0,43
BRDA:67,8,1,1
BRDA:73,9,0,1
BRDA:73,9,1,72
BRDA:84,10,0,39
BRDA:84,10,1,3
BRDA:85,11,0,38
BRDA:85,11,1,1
BRDA:87,12,0,37
BRDA:87,12,1,1
BRDA:97,13,0,23
BRDA:97,13,1,0
BRDA:99,14,0,22
BRDA:99,14,1,1
BRDA:100,15,0,20
BRDA:100,15,1,2
BRDA:103,16,0,18
BRDA:103,16,1,2
BRDA:108,17,0,18
BRDA:108,17,1,0
BRDA:118,18,0,3
BRDA:118,18,1,3
BRDA:118,19,0,1
BRDA:118,19,1,1
BRDA:118,20,0,1
BRDA:118,20,1,1
BRF:40
BRH:38
end_of_record
TN:
SF:/opt/missionchain/deploy/packages/contracts/contracts/mining/NFTStaking.sol
FN:98,constructor
FN:106,_updateRewards
FN:120,_pendingRewardPool
FN:137,stake
FN:176,unstake
FN:211,claimRewards
FN:229,setUserTier
FN:235,batchSetTiers
FN:246,getUserStakes
FN:250,pendingReward
FN:258,_isOwner
FN:266,_userTotalStaked
FN:273,_tierMultiplier
FN:281,_tierCap
FN:289,_lockMultiplier
FN:296,_lockDuration
FNF:16
FNH:13
FNDA:122,constructor
FNDA:173,_updateRewards
FNDA:4,_pendingRewardPool
FNDA:145,stake
FNDA:46,unstake
FNDA:4,claimRewards
FNDA:45,setUserTier
FNDA:2,batchSetTiers
FNDA:5,getUserStakes
FNDA:2,pendingReward
FNDA:48,_isOwner
FNDA:0,_userTotalStaked
FNDA:0,_tierMultiplier
FNDA:0,_tierCap
FNDA:133,_lockMultiplier
FNDA:133,_lockDuration
DA:99,122
DA:100,120
DA:101,120
DA:102,120
DA:107,173
DA:111,173
DA:112,4
DA:113,4
DA:114,4
DA:117,173
DA:122,4
DA:139,145
DA:141,144
DA:142,11
DA:145,133
DA:147,133
DA:150,133
DA:151,133
DA:153,133
DA:154,133
DA:156,133
DA:168,133
DA:169,133
DA:170,133
DA:172,133
DA:177,46
DA:178,46
DA:179,45
DA:180,44
DA:183,39
DA:184,39
DA:185,38
DA:186,38
DA:188,39
DA:189,39
DA:191,38
DA:194,38
DA:196,38
DA:197,38
DA:198,38
DA:199,38
DA:201,38
DA:202,38
DA:203,1
DA:204,1
DA:207,38
DA:212,4
DA:213,4
DA:214,3
DA:216,2
DA:218,2
DA:219,2
DA:221,1
DA:222,1
DA:224,1
DA:230,45
DA:231,45
DA:232,45
DA:236,2
DA:237,1
DA:238,3
DA:239,3
DA:240,3
DA:247,5
DA:251,2
DA:252,2
DA:253,1
DA:259,48
DA:260,48
DA:261,46
DA:263,2
DA:267,0
DA:268,0
DA:269,0
DA:274,0
DA:275,0
DA:276,0
DA:277,0
DA:278,0
DA:282,0
DA:283,0
DA:284,0
DA:285,0
DA:286,0
DA:290,133
DA:291,124
DA:292,115
DA:293,104
DA:297,133
DA:298,124
DA:299,115
DA:300,104
LF:92
LH:79
BRDA:99,1,0,120
BRDA:99,1,1,2
BRDA:111,2,0,4
BRDA:111,2,1,169
BRDA:113,3,0,4
BRDA:113,3,1,0
BRDA:137,4,0,145
BRDA:137,4,1,0
BRDA:139,5,0,144
BRDA:139,5,1,1
BRDA:141,6,0,11
BRDA:141,6,1,133
BRDA:142,7,0,0
BRDA:142,7,1,11
BRDA:176,8,0,46
BRDA:176,8,1,0
BRDA:178,9,0,45
BRDA:178,9,1,1
BRDA:179,10,0,44
BRDA:179,10,1,1
BRDA:180,11,0,39
BRDA:180,11,1,5
BRDA:184,12,0,38
BRDA:184,12,1,1
BRDA:189,13,0,38
BRDA:189,13,1,1
BRDA:202,14,0,1
BRDA:202,14,1,37
BRDA:211,15,0,4
BRDA:211,15,1,0
BRDA:213,16,0,3
BRDA:213,16,1,1
BRDA:214,17,0,2
BRDA:214,17,1,1
BRDA:219,18,0,1
BRDA:219,18,1,1
BRDA:229,19,0,45
BRDA:229,19,1,1
BRDA:235,20,0,2
BRDA:235,20,1,0
BRDA:236,21,0,1
BRDA:236,21,1,1
BRDA:252,22,0,1
BRDA:252,22,1,1
BRDA:261,23,0,46
BRDA:261,23,1,0
BRDA:269,24,0,0
BRDA:269,24,1,0
BRDA:274,25,0,0
BRDA:274,25,1,0
BRDA:275,26,0,0
BRDA:275,26,1,0
BRDA:276,27,0,0
BRDA:276,27,1,0
BRDA:277,28,0,0
BRDA:277,28,1,0
BRDA:282,29,0,0
BRDA:282,29,1,0
BRDA:283,30,0,0
BRDA:283,30,1,0
BRDA:284,31,0,0
BRDA:284,31,1,0
BRDA:285,32,0,0
BRDA:285,32,1,0
BRDA:290,33,0,9
BRDA:290,33,1,124
BRDA:291,34,0,9
BRDA:291,34,1,115
BRDA:292,35,0,11
BRDA:292,35,1,104
BRDA:297,36,0,9
BRDA:297,36,1,124
BRDA:298,37,0,9
BRDA:298,37,1,115
BRDA:299,38,0,11
BRDA:299,38,1,104
BRF:76
BRH:51
end_of_record
TN:
SF:/opt/missionchain/deploy/packages/contracts/contracts/mock/MockCallTarget.sol
FN:12,doSomething
FN:17,setValue
FNF:2
FNH:2
FNDA:5,doSomething
FNDA:1,setValue
DA:13,5
DA:14,5
DA:18,1
DA:19,1
LF:4
LH:4
BRF:0
BRH:0
end_of_record
TN:
SF:/opt/missionchain/deploy/packages/contracts/contracts/mock/MockMFPNFT.sol
FN:13,mintBatch
FNF:1
FNH:1
FNDA:17,mintBatch
DA:14,17
DA:15,17
DA:16,17
DA:17,17
LF:4
LH:4
BRDA:14,1,0,17
BRDA:14,1,1,0
BRF:2
BRH:1
end_of_record
TN:
SF:/opt/missionchain/deploy/packages/contracts/contracts/mock/MockMICELicense.sol
FN:9,setActiveLicenses
FNF:1
FNH:1
FNDA:26,setActiveLicenses
DA:10,26
LF:1
LH:1
BRF:0
BRH:0
end_of_record
TN:
SF:/opt/missionchain/deploy/packages/contracts/contracts/mock/MockPausableTarget.sol
FN:10,pause
FNF:1
FNH:1
FNDA:2,pause
DA:11,2
DA:12,2
LF:2
LH:2
BRF:0
BRH:0
end_of_record
TN:
SF:/opt/missionchain/deploy/packages/contracts/contracts/mock/MockUSDT.sol
FN:9,constructor
FN:11,decimals
FN:16,mint
FN:21,faucet
FNF:4
FNH:2
FNDA:596,constructor
FNDA:0,decimals
FNDA:1166,mint
FNDA:0,faucet
DA:12,0
DA:17,1166
DA:22,0
LF:3
LH:1
BRF:0
BRH:0
end_of_record
TN:
SF:/opt/missionchain/deploy/packages/contracts/contracts/nft/CommunityNFT.sol
FN:72,constructor
FN:85,mint
FN:115,mintBatch
FN:145,expireInstances
FN:159,isActive
FN:165,remainingDays
FN:172,getUserInstances
FN:177,activeCountOf
FN:189,highestActiveTier
FN:202,tierMultiplier
FN:210,tierDuration
FN:215,tierName
FN:224,uri
FN:229,setBaseURI
FN:242,setMultipliers
FN:264,setDurations
FN:279,_tierDuration
FN:286,supportsInterface
FNF:18
FNH:8
FNDA:171,constructor
FNDA:65,mint
FNDA:3,mintBatch
FNDA:1,expireInstances
FNDA:2,isActive
FNDA:0,remainingDays
FNDA:0,getUserInstances
FNDA:0,activeCountOf
FNDA:0,highestActiveTier
FNDA:0,tierMultiplier
FNDA:12,tierDuration
FNDA:0,tierName
FNDA:0,uri
FNDA:0,setBaseURI
FNDA:0,setMultipliers
FNDA:20,setDurations
FNDA:76,_tierDuration
FNDA:0,supportsInterface
DA:73,171
DA:74,171
DA:76,171
DA:77,171
DA:86,65
DA:87,64
DA:89,62
DA:90,62
DA:92,62
DA:100,62
DA:101,62
DA:102,62
DA:104,62
DA:106,62
DA:107,62
DA:116,3
DA:117,3
DA:118,3
DA:120,2
DA:122,2
DA:123,5
DA:124,5
DA:131,5
DA:133,5
DA:136,2
DA:137,2
DA:138,2
DA:146,1
DA:147,1
DA:148,1
DA:149,1
DA:150,1
DA:151,1
DA:160,2
DA:161,2
DA:166,0
DA:167,0
DA:168,0
DA:173,0
DA:178,0
DA:179,0
DA:180,0
DA:181,0
DA:182,0
DA:190,0
DA:191,0
DA:192,0
DA:193,0
DA:194,0
DA:195,0
DA:198,0
DA:203,0
DA:204,0
DA:205,0
DA:206,0
DA:211,12
DA:216,0
DA:217,0
DA:218,0
DA:219,0
DA:225,0
DA:226,0
DA:230,0
DA:231,0
DA:243,0
DA:244,0
DA:245,0
DA:246,0
DA:248,0
DA:249,0
DA:250,0
DA:252,0
DA:265,20
DA:266,18
DA:267,16
DA:268,14
DA:270,11
DA:271,11
DA:272,11
DA:274,11
DA:280,76
DA:281,50
DA:282,31
DA:283,0
DA:289,0
LF:85
LH:47
BRDA:73,1,0,171
BRDA:73,1,1,0
BRDA:85,2,0,65
BRDA:85,2,1,1
BRDA:85,3,0,65
BRDA:85,3,1,0
BRDA:86,4,0,64
BRDA:86,4,1,1
BRDA:87,5,0,62
BRDA:87,5,1,2
BRDA:115,6,0,3
BRDA:115,6,1,0
BRDA:115,7,0,3
BRDA:115,7,1,0
BRDA:116,8,0,3
BRDA:116,8,1,0
BRDA:117,9,0,3
BRDA:117,9,1,0
BRDA:118,10,0,2
BRDA:118,10,1,1
BRDA:148,11,0,1
BRDA:148,11,1,0
BRDA:167,12,0,0
BRDA:167,12,1,0
BRDA:167,13,0,0
BRDA:167,13,1,0
BRDA:181,14,0,0
BRDA:181,14,1,0
BRDA:194,15,0,0
BRDA:194,15,1,0
BRDA:203,16,0,0
BRDA:203,16,1,0
BRDA:204,17,0,0
BRDA:204,17,1,0
BRDA:205,18,0,0
BRDA:205,18,1,0
BRDA:216,19,0,0
BRDA:216,19,1,0
BRDA:217,20,0,0
BRDA:217,20,1,0
BRDA:218,21,0,0
BRDA:218,21,1,0
BRDA:225,22,0,0
BRDA:225,22,1,0
BRDA:229,23,0,0
BRDA:229,23,1,0
BRDA:242,24,0,0
BRDA:242,24,1,0
BRDA:243,25,0,0
BRDA:243,25,1,0
BRDA:244,26,0,0
BRDA:244,26,1,0
BRDA:245,27,0,0
BRDA:245,27,1,0
BRDA:246,28,0,0
BRDA:246,28,1,0
BRDA:264,29,0,20
BRDA:264,29,1,2
BRDA:265,30,0,18
BRDA:265,30,1,2
BRDA:266,31,0,16
BRDA:266,31,1,2
BRDA:267,32,0,14
BRDA:267,32,1,2
BRDA:268,33,0,11
BRDA:268,33,1,3
BRDA:280,34,0,26
BRDA:280,34,1,50
BRDA:281,35,0,19
BRDA:281,35,1,31
BRDA:282,36,0,31
BRDA:282,36,1,0
BRF:72
BRH:30
end_of_record
TN:
SF:/opt/missionchain/deploy/packages/contracts/contracts/nft/MFPNFT.sol
FN:47,constructor
FN:59,mint
FN:73,mintBatch
FN:90,approveExpansion
FN:101,totalMinted
FN:106,remainingSupply
FN:111,isHolder
FN:117,_baseURI
FN:121,setBaseURI
FN:128,supportsInterface
FNF:10
FNH:10
FNDA:120,constructor
FNDA:20,mint
FNDA:1833,mintBatch
FNDA:8,approveExpansion
FNDA:10,totalMinted
FNDA:6,remainingSupply
FNDA:7,isHolder
FNDA:2,_baseURI
FNDA:2,setBaseURI
FNDA:3,supportsInterface
DA:48,120
DA:49,119
DA:50,119
DA:52,119
DA:53,119
DA:60,20
DA:61,19
DA:63,18
DA:64,18
DA:66,18
DA:67,18
DA:74,1833
DA:75,1832
DA:76,1831
DA:78,1828
DA:79,1828
DA:80,251720
DA:83,1828
DA:91,8
DA:92,7
DA:93,7
DA:95,7
DA:102,10
DA:107,6
DA:112,7
DA:118,2
DA:122,2
DA:123,2
DA:131,3
LF:29
LH:29
BRDA:48,1,0,119
BRDA:48,1,1,1
BRDA:59,2,0,20
BRDA:59,2,1,2
BRDA:59,3,0,20
BRDA:59,3,1,0
BRDA:60,4,0,19
BRDA:60,4,1,1
BRDA:61,5,0,18
BRDA:61,5,1,1
BRDA:73,6,0,1833
BRDA:73,6,1,1
BRDA:73,7,0,1833
BRDA:73,7,1,0
BRDA:74,8,0,1832
BRDA:74,8,1,1
BRDA:75,9,0,1831
BRDA:75,9,1,1
BRDA:76,10,0,1828
BRDA:76,10,1,3
BRDA:90,11,0,8
BRDA:90,11,1,1
BRDA:91,12,0,7
BRDA:91,12,1,1
BRDA:121,13,0,2
BRDA:121,13,1,1
BRF:26
BRH:24
end_of_record
TN:
SF:/opt/missionchain/deploy/packages/contracts/contracts/referral/ReferralRegistry.sol
FN:69,constructor
FN:80,setReferrer
FN:100,distributeReferral
FN:139,referrerOf
FN:144,getTier
FN:155,getGVRate
FN:160,currentMonthIndex
FN:168,_updateGVChain
FN:179,_monthIndex
FNF:9
FNH:9
FNDA:202,constructor
FNDA:201,setReferrer
FNDA:54,distributeReferral
FNDA:76,referrerOf
FNDA:14,getTier
FNDA:6,getGVRate
FNDA:2,currentMonthIndex
FNDA:53,_updateGVChain
FNDA:55,_monthIndex
DA:70,202
DA:71,200
DA:72,200
DA:81,201
DA:82,199
DA:83,198
DA:84,196
DA:85,196
DA:86,196
DA:102,54
DA:104,53
DA:105,53
DA:107,53
DA:108,53
DA:117,53
DA:118,53
DA:121,53
DA:122,51
DA:126,53
DA:127,26
DA:131,53
DA:133,53
DA:140,76
DA:145,14
DA:146,14
DA:147,12
DA:148,10
DA:149,8
DA:150,6
DA:151,3
DA:156,6
DA:161,2
DA:169,53
DA:170,53
DA:171,53
DA:172,78
DA:173,78
DA:174,78
DA:180,55
LF:39
LH:39
BRDA:70,1,0,200
BRDA:70,1,1,2
BRDA:80,2,0,201
BRDA:80,2,1,1
BRDA:81,3,0,199
BRDA:81,3,1,2
BRDA:82,4,0,198
BRDA:82,4,1,1
BRDA:83,5,0,196
BRDA:83,5,1,2
BRDA:99,6,0,54
BRDA:99,6,1,1
BRDA:100,7,0,54
BRDA:100,7,1,0
BRDA:102,8,0,53
BRDA:102,8,1,1
BRDA:107,9,0,51
BRDA:107,9,1,2
BRDA:117,10,0,51
BRDA:117,10,1,2
BRDA:121,11,0,51
BRDA:121,11,1,2
BRDA:126,12,0,26
BRDA:126,12,1,27
BRDA:146,13,0,2
BRDA:146,13,1,12
BRDA:147,14,0,2
BRDA:147,14,1,10
BRDA:148,15,0,2
BRDA:148,15,1,8
BRDA:149,16,0,2
BRDA:149,16,1,6
BRDA:150,17,0,3
BRDA:150,17,1,3
BRF:34
BRH:33
end_of_record
TN:
SF:/opt/missionchain/deploy/packages/contracts/contracts/revenue/RevenueRouter.sol
FN:102,constructor
FN:143,receiveAndDistribute
FN:185,adjustBPS
FN:217,_checkBPSChange
FN:227,setMarketing
FN:234,setManagement
FN:241,setTreasury
FN:248,setReservedStaking
FN:255,setLiquidity
FNF:9
FNH:9
FNDA:141,constructor
FNDA:79,receiveAndDistribute
FNDA:10,adjustBPS
FNDA:32,_checkBPSChange
FNDA:3,setMarketing
FNDA:2,setManagement
FNDA:2,setTreasury
FNDA:2,setReservedStaking
FNDA:2,setLiquidity
DA:111,141
DA:112,141
DA:113,141
DA:114,141
DA:115,141
DA:116,141
DA:117,141
DA:119,141
DA:120,141
DA:121,141
DA:122,141
DA:123,141
DA:124,141
DA:127,141
DA:128,141
DA:129,141
DA:130,141
DA:131,141
DA:133,141
DA:144,79
DA:147,78
DA:150,78
DA:151,78
DA:152,78
DA:153,78
DA:154,78
DA:157,78
DA:158,78
DA:159,78
DA:160,78
DA:161,78
DA:163,78
DA:187,10
DA:193,9
DA:199,8
DA:200,6
DA:201,6
DA:202,6
DA:203,6
DA:205,6
DA:206,6
DA:207,6
DA:208,6
DA:209,6
DA:211,6
DA:213,6
DA:218,32
DA:219,32
DA:228,3
DA:229,2
DA:230,2
DA:235,2
DA:236,1
DA:237,1
DA:242,2
DA:243,1
DA:244,1
DA:249,2
DA:250,1
DA:251,1
DA:256,2
DA:257,1
DA:258,1
LF:63
LH:63
BRDA:111,1,0,141
BRDA:111,1,1,0
BRDA:112,2,0,141
BRDA:112,2,1,0
BRDA:113,3,0,141
BRDA:113,3,1,0
BRDA:114,4,0,141
BRDA:114,4,1,0
BRDA:115,5,0,141
BRDA:115,5,1,0
BRDA:116,6,0,141
BRDA:116,6,1,0
BRDA:117,7,0,141
BRDA:117,7,1,0
BRDA:143,8,0,80
BRDA:143,8,1,0
BRDA:143,9,0,79
BRDA:143,9,1,1
BRDA:144,10,0,78
BRDA:144,10,1,1
BRDA:157,11,0,78
BRDA:157,11,1,0
BRDA:158,12,0,78
BRDA:158,12,1,0
BRDA:159,13,0,78
BRDA:159,13,1,0
BRDA:160,14,0,78
BRDA:160,14,1,0
BRDA:161,15,0,78
BRDA:161,15,1,0
BRDA:185,16,0,10
BRDA:185,16,1,1
BRDA:187,17,0,9
BRDA:187,17,1,1
BRDA:193,18,0,8
BRDA:193,18,1,1
BRDA:218,19,0,7
BRDA:218,19,1,25
BRDA:219,20,0,30
BRDA:219,20,1,2
BRDA:227,21,0,3
BRDA:227,21,1,1
BRDA:228,22,0,2
BRDA:228,22,1,1
BRDA:234,23,0,2
BRDA:234,23,1,0
BRDA:235,24,0,1
BRDA:235,24,1,1
BRDA:241,25,0,2
BRDA:241,25,1,0
BRDA:242,26,0,1
BRDA:242,26,1,1
BRDA:248,27,0,2
BRDA:248,27,1,0
BRDA:249,28,0,1
BRDA:249,28,1,1
BRDA:255,29,0,2
BRDA:255,29,1,0
BRDA:256,30,0,1
BRDA:256,30,1,1
BRF:60
BRH:43
end_of_record
TN:
SF:/opt/missionchain/deploy/packages/contracts/contracts/revenue/SeedBudget.sol
FN:114,constructor
FN:150,receiveAndDistribute
FN:186,claimLeadership
FN:217,addAgent
FN:232,removeAgent
FN:243,recordAgentSale
FN:256,allocateAgentCommission
FN:268,claimAgentCommission
FN:281,leadershipWallet
FN:287,agentCommissionBps
FN:292,isActiveAgent
FN:297,agentTotalSales
FN:306,setLeadershipWallet
FN:315,setLiquidityPool
FN:322,setAuditWallet
FN:329,setDaoReserve
FNF:16
FNH:16
FNDA:118,constructor
FNDA:64,receiveAndDistribute
FNDA:7,claimLeadership
FNDA:14,addAgent
FNDA:2,removeAgent
FNDA:4,recordAgentSale
FNDA:4,allocateAgentCommission
FNDA:2,claimAgentCommission
FNDA:8,leadershipWallet
FNDA:1,agentCommissionBps
FNDA:2,isActiveAgent
FNDA:1,agentTotalSales
FNDA:3,setLeadershipWallet
FNDA:2,setLiquidityPool
FNDA:1,setAuditWallet
FNDA:1,setDaoReserve
DA:122,118
DA:123,118
DA:124,118
DA:125,118
DA:127,118
DA:128,820
DA:129,819
DA:132,117
DA:133,117
DA:134,117
DA:135,117
DA:137,117
DA:152,64
DA:155,63
DA:158,63
DA:159,63
DA:160,63
DA:162,63
DA:163,63
DA:164,63
DA:167,63
DA:168,63
DA:169,63
DA:170,63
DA:171,63
DA:172,63
DA:173,63
DA:176,63
DA:178,63
DA:187,7
DA:188,7
DA:190,6
DA:191,6
DA:193,5
DA:197,5
DA:206,5
DA:207,5
DA:219,14
DA:220,13
DA:222,12
DA:228,12
DA:233,2
DA:234,1
DA:235,1
DA:245,4
DA:246,3
DA:247,3
DA:258,4
DA:259,4
DA:261,3
DA:262,3
DA:264,3
DA:269,2
DA:270,2
DA:272,1
DA:273,1
DA:275,1
DA:282,8
DA:283,8
DA:288,1
DA:293,2
DA:298,1
DA:308,3
DA:309,2
DA:310,1
DA:311,1
DA:316,2
DA:317,1
DA:318,1
DA:323,1
DA:324,1
DA:325,1
DA:330,1
DA:331,1
DA:332,1
LF:75
LH:75
BRDA:122,1,0,118
BRDA:122,1,1,0
BRDA:123,2,0,118
BRDA:123,2,1,0
BRDA:124,3,0,118
BRDA:124,3,1,0
BRDA:125,4,0,118
BRDA:125,4,1,0
BRDA:128,5,0,819
BRDA:128,5,1,1
BRDA:149,6,0,65
BRDA:149,6,1,0
BRDA:150,7,0,64
BRDA:150,7,1,1
BRDA:152,8,0,63
BRDA:152,8,1,1
BRDA:186,9,0,7
BRDA:186,9,1,0
BRDA:187,10,0,7
BRDA:187,10,1,0
BRDA:188,11,0,6
BRDA:188,11,1,1
BRDA:191,12,0,5
BRDA:191,12,1,1
BRDA:197,13,0,0
BRDA:197,13,1,5
BRDA:217,14,0,14
BRDA:217,14,1,1
BRDA:219,15,0,13
BRDA:219,15,1,1
BRDA:220,16,0,12
BRDA:220,16,1,1
BRDA:232,17,0,2
BRDA:232,17,1,1
BRDA:233,18,0,1
BRDA:233,18,1,1
BRDA:243,19,0,4
BRDA:243,19,1,1
BRDA:245,20,0,3
BRDA:245,20,1,1
BRDA:256,21,0,4
BRDA:256,21,1,0
BRDA:258,22,0,4
BRDA:258,22,1,0
BRDA:259,23,0,3
BRDA:259,23,1,1
BRDA:268,24,0,2
BRDA:268,24,1,0
BRDA:270,25,0,1
BRDA:270,25,1,1
BRDA:282,26,0,8
BRDA:282,26,1,0
BRDA:306,27,0,3
BRDA:306,27,1,1
BRDA:308,28,0,2
BRDA:308,28,1,1
BRDA:309,29,0,1
BRDA:309,29,1,1
BRDA:315,30,0,2
BRDA:315,30,1,0
BRDA:316,31,0,1
BRDA:316,31,1,1
BRDA:322,32,0,1
BRDA:322,32,1,0
BRDA:323,33,0,1
BRDA:323,33,1,0
BRDA:329,34,0,1
BRDA:329,34,1,0
BRDA:330,35,0,1
BRDA:330,35,1,0
BRF:70
BRH:53
end_of_record
TN:
SF:/opt/missionchain/deploy/packages/contracts/contracts/revenue/SeedBudgetV5.sol
FN:60,constructor
FN:89,receiveAndDistribute
FN:109,_forward
FN:118,setDistributionProgramPool
FN:122,setOperationalSalaryPool
FN:126,setManagementBonusPool
FN:130,setLiquidityPool
FN:134,setReservedExpensesPool
FN:146,sweepBalanceToPool
FN:154,balance
FNF:10
FNH:0
FNDA:0,constructor
FNDA:0,receiveAndDistribute
FNDA:0,_forward
FNDA:0,setDistributionProgramPool
FNDA:0,setOperationalSalaryPool
FNDA:0,setManagementBonusPool
FNDA:0,setLiquidityPool
FNDA:0,setReservedExpensesPool
FNDA:0,sweepBalanceToPool
FNDA:0,balance
DA:69,0
DA:70,0
DA:72,0
DA:73,0
DA:74,0
DA:75,0
DA:76,0
DA:77,0
DA:79,0
DA:91,0
DA:92,0
DA:94,0
DA:95,0
DA:96,0
DA:97,0
DA:98,0
DA:100,0
DA:101,0
DA:102,0
DA:103,0
DA:104,0
DA:106,0
DA:110,0
DA:112,0
DA:113,0
DA:119,0
DA:120,0
DA:123,0
DA:124,0
DA:127,0
DA:128,0
DA:131,0
DA:132,0
DA:135,0
DA:136,0
DA:147,0
DA:148,0
DA:149,0
DA:150,0
DA:151,0
DA:155,0
LF:41
LH:0
BRDA:69,1,0,0
BRDA:69,1,1,0
BRDA:70,2,0,0
BRDA:70,2,1,0
BRDA:88,3,0,0
BRDA:88,3,1,0
BRDA:89,4,0,0
BRDA:89,4,1,0
BRDA:91,5,0,0
BRDA:91,5,1,0
BRDA:110,6,0,0
BRDA:110,6,1,0
BRDA:110,7,0,0
BRDA:110,7,1,0
BRDA:118,8,0,0
BRDA:118,8,1,0
BRDA:122,9,0,0
BRDA:122,9,1,0
BRDA:126,10,0,0
BRDA:126,10,1,0
BRDA:130,11,0,0
BRDA:130,11,1,0
BRDA:134,12,0,0
BRDA:134,12,1,0
BRDA:146,13,0,0
BRDA:146,13,1,0
BRDA:146,14,0,0
BRDA:146,14,1,0
BRDA:147,15,0,0
BRDA:147,15,1,0
BRDA:149,16,0,0
BRDA:149,16,1,0
BRF:32
BRH:0
end_of_record
TN:
SF:/opt/missionchain/deploy/packages/contracts/contracts/revenue/SeedBudgetV5b.sol
FN:79,constructor
FN:94,receiveAndDistribute
FN:139,release
FN:165,setSlotController
FN:172,setLiquidityPool
FN:182,setFee
FN:193,totalUsdtBalance
FNF:7
FNH:0
FNDA:0,constructor
FNDA:0,receiveAndDistribute
FNDA:0,release
FNDA:0,setSlotController
FNDA:0,setLiquidityPool
FNDA:0,setFee
FNDA:0,totalUsdtBalance
DA:80,0
DA:81,0
DA:82,0
DA:83,0
DA:84,0
DA:96,0
DA:97,0
DA:99,0
DA:100,0
DA:101,0
DA:102,0
DA:103,0
DA:105,0
DA:106,0
DA:107,0
DA:108,0
DA:110,0
DA:111,0
DA:112,0
DA:113,0
DA:114,0
DA:117,0
DA:118,0
DA:119,0
DA:122,0
DA:125,0
DA:141,0
DA:142,0
DA:143,0
DA:144,0
DA:145,0
DA:147,0
DA:148,0
DA:150,0
DA:151,0
DA:153,0
DA:154,0
DA:155,0
DA:158,0
DA:167,0
DA:168,0
DA:169,0
DA:173,0
DA:174,0
DA:184,0
DA:185,0
DA:186,0
DA:187,0
DA:188,0
DA:194,0
LF:50
LH:0
BRDA:80,1,0,0
BRDA:80,1,1,0
BRDA:81,2,0,0
BRDA:81,2,1,0
BRDA:93,3,0,0
BRDA:93,3,1,0
BRDA:94,4,0,0
BRDA:94,4,1,0
BRDA:96,5,0,0
BRDA:96,5,1,0
BRDA:117,6,0,0
BRDA:117,6,1,0
BRDA:139,7,0,0
BRDA:139,7,1,0
BRDA:141,8,0,0
BRDA:141,8,1,0
BRDA:142,9,0,0
BRDA:142,9,1,0
BRDA:143,10,0,0
BRDA:143,10,1,0
BRDA:144,11,0,0
BRDA:144,11,1,0
BRDA:145,12,0,0
BRDA:145,12,1,0
BRDA:154,13,0,0
BRDA:154,13,1,0
BRDA:165,14,0,0
BRDA:165,14,1,0
BRDA:167,15,0,0
BRDA:167,15,1,0
BRDA:172,16,0,0
BRDA:172,16,1,0
BRDA:182,17,0,0
BRDA:182,17,1,0
BRDA:184,18,0,0
BRDA:184,18,1,0
BRDA:185,19,0,0
BRDA:185,19,1,0
BRF:38
BRH:0
end_of_record
TN:
SF:/opt/missionchain/deploy/packages/contracts/contracts/rewards/ClaimRewards.sol
FN:141,constructor
FN:167,receiveUSDT
FN:196,distributeReserve
FN:229,triggerMilestone
FN:263,distributeGVOverride
FN:289,reserveBalance
FN:294,milestoneBalance
FN:299,gvBalance
FNF:8
FNH:8
FNDA:53,constructor
FNDA:37,receiveUSDT
FNDA:10,distributeReserve
FNDA:9,triggerMilestone
FNDA:8,distributeGVOverride
FNDA:20,reserveBalance
FNDA:18,milestoneBalance
FNDA:19,gvBalance
DA:147,53
DA:148,52
DA:149,51
DA:150,50
DA:152,49
DA:153,49
DA:154,49
DA:156,49
DA:168,37
DA:171,36
DA:174,36
DA:175,36
DA:176,36
DA:178,36
DA:179,36
DA:180,36
DA:182,36
DA:197,10
DA:198,9
DA:200,8
DA:201,8
DA:202,8
DA:204,8
DA:206,7
DA:208,7
DA:209,8
DA:210,8
DA:214,7
DA:230,9
DA:231,8
DA:233,7
DA:234,7
DA:236,7
DA:238,6
DA:241,6
DA:244,6
DA:245,6
DA:247,6
DA:264,8
DA:265,7
DA:267,6
DA:268,6
DA:269,6
DA:271,6
DA:273,5
DA:275,5
DA:276,6
DA:277,6
DA:281,5
DA:290,20
DA:295,18
DA:300,19
LF:52
LH:52
BRDA:147,1,0,52
BRDA:147,1,1,1
BRDA:148,2,0,51
BRDA:148,2,1,1
BRDA:149,3,0,50
BRDA:149,3,1,1
BRDA:150,4,0,49
BRDA:150,4,1,1
BRDA:167,5,0,39
BRDA:167,5,1,0
BRDA:167,6,0,37
BRDA:167,6,1,2
BRDA:168,7,0,36
BRDA:168,7,1,1
BRDA:196,8,0,11
BRDA:196,8,1,0
BRDA:196,9,0,10
BRDA:196,9,1,1
BRDA:197,10,0,9
BRDA:197,10,1,1
BRDA:198,11,0,8
BRDA:198,11,1,1
BRDA:204,12,0,7
BRDA:204,12,1,1
BRDA:209,13,0,8
BRDA:209,13,1,0
BRDA:229,14,0,10
BRDA:229,14,1,0
BRDA:229,15,0,9
BRDA:229,15,1,1
BRDA:230,16,0,8
BRDA:230,16,1,1
BRDA:231,17,0,7
BRDA:231,17,1,1
BRDA:236,18,0,6
BRDA:236,18,1,1
BRDA:263,19,0,9
BRDA:263,19,1,0
BRDA:263,20,0,8
BRDA:263,20,1,1
BRDA:264,21,0,7
BRDA:264,21,1,1
BRDA:265,22,0,6
BRDA:265,22,1,1
BRDA:271,23,0,5
BRDA:271,23,1,1
BRDA:276,24,0,6
BRDA:276,24,1,0
BRF:48
BRH:42
end_of_record
TN:
SF:/opt/missionchain/deploy/packages/contracts/contracts/rewards/CommunityNFTRewardPool.sol
FN:27,constructor
FN:35,balance
FN:45,distribute
FN:65,emergencyWithdraw
FNF:4
FNH:4
FNDA:14,constructor
FNDA:1,balance
FNDA:6,distribute
FNDA:2,emergencyWithdraw
DA:28,14
DA:29,12
DA:30,12
DA:31,12
DA:36,1
DA:46,6
DA:47,5
DA:49,4
DA:50,4
DA:52,4
DA:53,6
DA:54,5
DA:55,5
DA:56,5
DA:59,3
DA:60,3
DA:61,3
DA:66,2
DA:67,1
DA:68,1
LF:20
LH:20
BRDA:28,1,0,12
BRDA:28,1,1,2
BRDA:45,2,0,6
BRDA:45,2,1,1
BRDA:45,3,0,6
BRDA:45,3,1,0
BRDA:46,4,0,5
BRDA:46,4,1,1
BRDA:47,5,0,4
BRDA:47,5,1,1
BRDA:53,6,0,5
BRDA:53,6,1,1
BRDA:65,7,0,2
BRDA:65,7,1,1
BRDA:66,8,0,1
BRDA:66,8,1,1
BRF:16
BRH:15
end_of_record
TN:
SF:/opt/missionchain/deploy/packages/contracts/contracts/rewards/IncentivePool.sol
FN:50,constructor
FN:66,receiveUSDT
FN:85,distribute
FN:111,currentBalance
FNF:4
FNH:4
FNDA:22,constructor
FNDA:19,receiveUSDT
FNDA:9,distribute
FNDA:15,currentBalance
DA:51,22
DA:52,22
DA:54,22
DA:56,22
DA:67,19
DA:69,18
DA:71,18
DA:86,9
DA:87,8
DA:90,7
DA:91,7
DA:92,7
DA:94,7
DA:97,6
DA:98,9
DA:99,9
DA:103,6
DA:112,15
LF:18
LH:18
BRDA:51,1,0,22
BRDA:51,1,1,0
BRDA:52,2,0,22
BRDA:52,2,1,0
BRDA:66,3,0,20
BRDA:66,3,1,0
BRDA:66,4,0,19
BRDA:66,4,1,1
BRDA:67,5,0,18
BRDA:67,5,1,1
BRDA:85,6,0,11
BRDA:85,6,1,0
BRDA:85,7,0,9
BRDA:85,7,1,2
BRDA:86,8,0,8
BRDA:86,8,1,1
BRDA:87,9,0,7
BRDA:87,9,1,1
BRDA:94,10,0,6
BRDA:94,10,1,1
BRDA:98,11,0,9
BRDA:98,11,1,0
BRF:22
BRH:17
end_of_record
TN:
SF:/opt/missionchain/deploy/packages/contracts/contracts/rewards/LuckyDraw.sol
FN:103,constructor
FN:116,weeklyBudget
FN:121,currentBalance
FN:131,receiveUSDT
FN:155,startDraw
FN:205,sweepExcess
FN:222,_prizeAmount
FNF:7
FNH:7
FNDA:27,constructor
FNDA:1,weeklyBudget
FNDA:7,currentBalance
FNDA:23,receiveUSDT
FNDA:15,startDraw
FNDA:2,sweepExcess
FNDA:234,_prizeAmount
DA:104,27
DA:105,27
DA:107,27
DA:108,27
DA:117,1
DA:122,7
DA:132,23
DA:133,23
DA:134,23
DA:156,15
DA:157,1
DA:159,14
DA:160,1
DA:164,13
DA:165,13
DA:168,13
DA:169,13
DA:170,13
DA:174,13
DA:175,13
DA:177,13
DA:179,234
DA:180,234
DA:181,234
DA:184,234
DA:185,234
DA:186,468
DA:189,234
DA:192,234
DA:194,234
DA:206,2
DA:207,1
DA:208,1
DA:209,1
DA:210,1
DA:223,234
DA:224,13
DA:226,26
DA:228,65
DA:230,130
LF:40
LH:40
BRDA:104,1,0,27
BRDA:104,1,1,0
BRDA:105,2,0,27
BRDA:105,2,1,0
BRDA:131,3,0,23
BRDA:131,3,1,1
BRDA:131,4,0,23
BRDA:131,4,1,0
BRDA:155,5,0,15
BRDA:155,5,1,1
BRDA:155,6,0,15
BRDA:155,6,1,0
BRDA:156,7,0,1
BRDA:156,7,1,14
BRDA:159,8,0,1
BRDA:159,8,1,13
BRDA:164,9,0,1
BRDA:164,9,1,12
BRDA:205,10,0,2
BRDA:205,10,1,1
BRDA:205,11,0,2
BRDA:205,11,1,0
BRDA:206,12,0,1
BRDA:206,12,1,1
BRDA:223,13,0,13
BRDA:223,13,1,221
BRDA:225,14,0,26
BRDA:225,14,1,195
BRDA:227,15,0,65
BRDA:227,15,1,130
BRF:30
BRH:25
end_of_record
TN:
SF:/opt/missionchain/deploy/packages/contracts/contracts/rewards/PeriodicRewards.sol
FN:59,constructor
FN:75,receiveUSDT
FN:98,distributeMonthly
FN:121,monthlyBalance
FN:130,_sumAmounts
FNF:5
FNH:5
FNDA:27,constructor
FNDA:16,receiveUSDT
FNDA:8,distributeMonthly
FNDA:16,monthlyBalance
FNDA:6,_sumAmounts
DA:60,27
DA:61,26
DA:63,25
DA:65,25
DA:76,16
DA:78,15
DA:80,15
DA:82,15
DA:99,8
DA:100,7
DA:102,6
DA:103,6
DA:105,5
DA:107,5
DA:108,10
DA:109,10
DA:113,5
DA:122,16
DA:131,6
DA:132,6
LF:20
LH:20
BRDA:60,1,0,26
BRDA:60,1,1,1
BRDA:61,2,0,25
BRDA:61,2,1,1
BRDA:75,3,0,18
BRDA:75,3,1,0
BRDA:75,4,0,16
BRDA:75,4,1,2
BRDA:76,5,0,15
BRDA:76,5,1,1
BRDA:98,6,0,9
BRDA:98,6,1,0
BRDA:98,7,0,8
BRDA:98,7,1,1
BRDA:99,8,0,7
BRDA:99,8,1,1
BRDA:100,9,0,6
BRDA:100,9,1,1
BRDA:103,10,0,5
BRDA:103,10,1,1
BRDA:108,11,0,10
BRDA:108,11,1,0
BRF:22
BRH:19
end_of_record
TN:
SF:/opt/missionchain/deploy/packages/contracts/contracts/rewards/RewardDistributor.sol
FN:108,constructor
FN:146,receiveAndDistribute
FN:184,adjustBPS
FN:214,_checkBPSChange
FN:224,setClaimRewards
FN:231,setPeriodicRewards
FN:238,setLuckyDraw
FN:245,setIncentivePool
FNF:8
FNH:8
FNDA:35,constructor
FNDA:7,receiveAndDistribute
FNDA:7,adjustBPS
FNDA:6,_checkBPSChange
FNDA:3,setClaimRewards
FNDA:3,setPeriodicRewards
FNDA:3,setLuckyDraw
FNDA:3,setIncentivePool
DA:116,35
DA:117,35
DA:118,35
DA:119,35
DA:120,35
DA:121,35
DA:123,35
DA:124,35
DA:125,35
DA:126,35
DA:127,35
DA:130,35
DA:131,35
DA:132,35
DA:133,35
DA:135,35
DA:147,7
DA:150,6
DA:153,6
DA:154,6
DA:155,6
DA:156,6
DA:159,6
DA:160,6
DA:161,6
DA:162,6
DA:164,6
DA:186,7
DA:192,7
DA:198,6
DA:199,0
DA:200,0
DA:201,0
DA:203,0
DA:204,0
DA:205,0
DA:206,0
DA:208,0
DA:210,0
DA:215,6
DA:216,6
DA:225,3
DA:226,2
DA:227,2
DA:232,3
DA:233,2
DA:234,2
DA:239,3
DA:240,2
DA:241,2
DA:246,3
DA:247,2
DA:248,2
LF:53
LH:44
BRDA:116,1,0,35
BRDA:116,1,1,0
BRDA:117,2,0,35
BRDA:117,2,1,0
BRDA:118,3,0,35
BRDA:118,3,1,0
BRDA:119,4,0,35
BRDA:119,4,1,0
BRDA:120,5,0,35
BRDA:120,5,1,0
BRDA:121,6,0,35
BRDA:121,6,1,0
BRDA:146,7,0,9
BRDA:146,7,1,0
BRDA:146,8,0,7
BRDA:146,8,1,2
BRDA:147,9,0,6
BRDA:147,9,1,1
BRDA:159,10,0,6
BRDA:159,10,1,0
BRDA:160,11,0,6
BRDA:160,11,1,0
BRDA:161,12,0,6
BRDA:161,12,1,0
BRDA:162,13,0,6
BRDA:162,13,1,0
BRDA:184,14,0,7
BRDA:184,14,1,1
BRDA:186,15,0,7
BRDA:186,15,1,0
BRDA:192,16,0,6
BRDA:192,16,1,1
BRDA:215,17,0,6
BRDA:215,17,1,0
BRDA:216,18,0,0
BRDA:216,18,1,6
BRDA:224,19,0,3
BRDA:224,19,1,1
BRDA:225,20,0,2
BRDA:225,20,1,1
BRDA:231,21,0,3
BRDA:231,21,1,0
BRDA:232,22,0,2
BRDA:232,22,1,1
BRDA:238,23,0,3
BRDA:238,23,1,0
BRDA:239,24,0,2
BRDA:239,24,1,1
BRDA:245,25,0,3
BRDA:245,25,1,0
BRDA:246,26,0,2
BRDA:246,26,1,1
BRF:52
BRH:35
end_of_record
TN:
SF:/opt/missionchain/deploy/packages/contracts/contracts/sales/AirdropDistributor.sol
FN:45,constructor
FN:58,setMerkleRoot
FN:65,withdrawRemaining
FN:79,claim
FN:111,isClaimed
FNF:5
FNH:5
FNDA:42,constructor
FNDA:29,setMerkleRoot
FNDA:5,withdrawRemaining
FNDA:27,claim
FNDA:10,isClaimed
DA:46,42
DA:47,41
DA:48,40
DA:49,40
DA:50,40
DA:51,40
DA:59,29
DA:60,29
DA:66,5
DA:67,4
DA:68,4
DA:69,3
DA:80,27
DA:82,26
DA:83,26
DA:84,24
DA:87,20
DA:88,20
DA:91,20
DA:95,20
DA:103,20
DA:112,10
DA:113,10
LF:23
LH:23
BRDA:46,1,0,41
BRDA:46,1,1,1
BRDA:47,2,0,40
BRDA:47,2,1,1
BRDA:48,3,0,40
BRDA:48,3,1,0
BRDA:58,4,0,29
BRDA:58,4,1,1
BRDA:65,5,0,5
BRDA:65,5,1,1
BRDA:66,6,0,4
BRDA:66,6,1,1
BRDA:68,7,0,3
BRDA:68,7,1,1
BRDA:80,8,0,26
BRDA:80,8,1,1
BRDA:83,9,0,24
BRDA:83,9,1,2
BRDA:84,10,0,20
BRDA:84,10,1,4
BRF:20
BRH:19
end_of_record
TN:
SF:/opt/missionchain/deploy/packages/contracts/contracts/sales/MICELicense.sol
FN:122,constructor
FN:148,buyLicense
FN:154,buyLicense
FN:163,getCurrentRound
FN:168,getCurrentPrice
FN:173,getRoundForToken
FN:178,getPriceForRound
FN:192,isActive
FN:199,getUserLicenses
FN:209,recycleLicense
FN:221,recycledCount
FN:230,setMicPriceUSDT
FN:252,_buyLicenses
FN:303,_roundForToken
FN:317,_calcMicBurn
FN:322,_mintOneLicense
FN:350,supportsInterface
FNF:17
FNH:15
FNDA:30,constructor
FNDA:5,buyLicense
FNDA:16,buyLicense
FNDA:4,getCurrentRound
FNDA:2,getCurrentPrice
FNDA:7,getRoundForToken
FNDA:32,getPriceForRound
FNDA:4,isActive
FNDA:2,getUserLicenses
FNDA:1,recycleLicense
FNDA:0,recycledCount
FNDA:1,setMicPriceUSDT
FNDA:21,_buyLicenses
FNDA:30,_roundForToken
FNDA:19,_calcMicBurn
FNDA:26,_mintOneLicense
FNDA:0,supportsInterface
DA:123,30
DA:124,30
DA:125,30
DA:126,30
DA:127,30
DA:128,30
DA:130,30
DA:131,30
DA:132,30
DA:133,30
DA:134,30
DA:136,30
DA:149,5
DA:155,16
DA:164,4
DA:169,2
DA:174,7
DA:179,32
DA:180,32
DA:181,9
DA:182,6
DA:183,4
DA:184,2
DA:193,4
DA:194,4
DA:195,3
DA:200,2
DA:210,1
DA:211,1
DA:212,1
DA:214,1
DA:215,1
DA:217,1
DA:222,0
DA:231,1
DA:232,1
DA:233,1
DA:234,1
DA:253,21
DA:254,20
DA:257,19
DA:258,5
DA:262,19
DA:263,19
DA:264,19
DA:267,19
DA:268,19
DA:269,19
DA:272,19
DA:275,19
DA:277,19
DA:278,19
DA:280,5
DA:281,5
DA:282,5
DA:283,5
DA:287,19
DA:288,19
DA:289,19
DA:293,19
DA:294,26
DA:304,30
DA:305,5
DA:306,2
DA:307,2
DA:308,2
DA:318,19
DA:323,26
DA:325,26
DA:326,1
DA:327,1
DA:329,25
DA:330,25
DA:333,26
DA:338,26
DA:340,26
DA:342,26
DA:353,0
LF:78
LH:76
BRDA:123,1,0,30
BRDA:123,1,1,0
BRDA:124,2,0,30
BRDA:124,2,1,0
BRDA:125,3,0,30
BRDA:125,3,1,0
BRDA:126,4,0,30
BRDA:126,4,1,0
BRDA:127,5,0,30
BRDA:127,5,1,0
BRDA:128,6,0,30
BRDA:128,6,1,0
BRDA:148,7,0,5
BRDA:148,7,1,0
BRDA:154,8,0,16
BRDA:154,8,1,0
BRDA:179,9,0,32
BRDA:179,9,1,0
BRDA:180,10,0,23
BRDA:180,10,1,9
BRDA:181,11,0,3
BRDA:181,11,1,6
BRDA:182,12,0,2
BRDA:182,12,1,4
BRDA:183,13,0,2
BRDA:183,13,1,2
BRDA:194,14,0,1
BRDA:194,14,1,3
BRDA:211,15,0,1
BRDA:211,15,1,0
BRDA:212,16,0,1
BRDA:212,16,1,0
BRDA:230,17,0,1
BRDA:230,17,1,1
BRDA:231,18,0,1
BRDA:231,18,1,0
BRDA:253,19,0,20
BRDA:253,19,1,1
BRDA:254,20,0,19
BRDA:254,20,1,1
BRDA:257,21,0,5
BRDA:257,21,1,14
BRDA:278,22,0,5
BRDA:278,22,1,14
BRDA:287,23,0,19
BRDA:287,23,1,0
BRDA:304,24,0,25
BRDA:304,24,1,5
BRDA:305,25,0,3
BRDA:305,25,1,2
BRDA:306,26,0,0
BRDA:306,26,1,2
BRDA:307,27,0,0
BRDA:307,27,1,2
BRDA:325,28,0,1
BRDA:325,28,1,25
BRF:56
BRH:41
end_of_record
TN:
SF:/opt/missionchain/deploy/packages/contracts/contracts/sales/PreSale.sol
FN:127,constructor
FN:160,buy
FN:240,setActive
FNF:3
FNH:3
FNDA:86,constructor
FNDA:62,buy
FNDA:84,setActive
DA:136,86
DA:137,85
DA:138,84
DA:139,83
DA:140,82
DA:141,81
DA:142,80
DA:144,80
DA:145,80
DA:146,80
DA:147,80
DA:148,80
DA:149,80
DA:151,80
DA:152,80
DA:161,62
DA:162,61
DA:163,60
DA:166,59
DA:167,13
DA:169,16
DA:171,10
DA:174,20
DA:178,55
DA:183,53
DA:186,53
DA:189,53
DA:190,53
DA:193,53
DA:197,53
DA:198,53
DA:199,53
DA:201,19
DA:202,19
DA:205,19
DA:206,19
DA:210,53
DA:211,53
DA:214,53
DA:217,53
DA:226,53
DA:227,15
DA:229,9
DA:231,19
DA:234,53
DA:241,84
DA:242,84
LF:47
LH:47
BRDA:136,1,0,85
BRDA:136,1,1,1
BRDA:137,2,0,84
BRDA:137,2,1,1
BRDA:138,3,0,83
BRDA:138,3,1,1
BRDA:139,4,0,82
BRDA:139,4,1,1
BRDA:140,5,0,81
BRDA:140,5,1,1
BRDA:141,6,0,80
BRDA:141,6,1,1
BRDA:142,7,0,80
BRDA:142,7,1,0
BRDA:160,8,0,62
BRDA:160,8,1,0
BRDA:161,9,0,61
BRDA:161,9,1,1
BRDA:162,10,0,60
BRDA:162,10,1,1
BRDA:163,11,0,59
BRDA:163,11,1,1
BRDA:166,12,0,13
BRDA:166,12,1,46
BRDA:167,13,0,12
BRDA:167,13,1,1
BRDA:168,14,0,16
BRDA:168,14,1,30
BRDA:169,15,0,15
BRDA:169,15,1,1
BRDA:170,16,0,10
BRDA:170,16,1,20
BRDA:171,17,0,9
BRDA:171,17,1,1
BRDA:174,18,0,19
BRDA:174,18,1,1
BRDA:178,19,0,53
BRDA:178,19,1,2
BRDA:186,20,0,53
BRDA:186,20,1,0
BRDA:199,21,0,19
BRDA:199,21,1,34
BRDA:226,22,0,15
BRDA:226,22,1,38
BRDA:228,23,0,9
BRDA:228,23,1,29
BRDA:230,24,0,19
BRDA:230,24,1,10
BRDA:240,25,0,84
BRDA:240,25,1,1
BRF:50
BRH:47
end_of_record
TN:
SF:/opt/missionchain/deploy/packages/contracts/contracts/sales/SeedSale.sol
FN:91,constructor
FN:129,buyPackage
FN:171,addToWhitelist
FN:182,removeFromWhitelist
FN:193,setActive
FNF:5
FNH:5
FNDA:71,constructor
FNDA:43,buyPackage
FNDA:67,addToWhitelist
FNDA:2,removeFromWhitelist
FNDA:70,setActive
DA:99,71
DA:100,70
DA:101,69
DA:102,68
DA:103,67
DA:104,66
DA:106,66
DA:107,66
DA:108,66
DA:109,66
DA:110,66
DA:112,66
DA:113,66
DA:116,66
DA:118,66
DA:120,66
DA:122,66
DA:130,43
DA:131,42
DA:132,40
DA:134,39
DA:136,39
DA:138,39
DA:141,39
DA:145,39
DA:146,39
DA:149,39
DA:152,38
DA:161,38
DA:163,38
DA:173,67
DA:174,133
DA:175,133
DA:184,2
DA:185,2
DA:186,2
DA:194,70
DA:195,70
LF:38
LH:38
BRDA:99,1,0,70
BRDA:99,1,1,1
BRDA:100,2,0,69
BRDA:100,2,1,1
BRDA:101,3,0,68
BRDA:101,3,1,1
BRDA:102,4,0,67
BRDA:102,4,1,1
BRDA:103,5,0,66
BRDA:103,5,1,1
BRDA:104,6,0,66
BRDA:104,6,1,0
BRDA:129,7,0,43
BRDA:129,7,1,0
BRDA:130,8,0,42
BRDA:130,8,1,1
BRDA:131,9,0,40
BRDA:131,9,1,2
BRDA:132,10,0,39
BRDA:132,10,1,1
BRDA:136,11,0,39
BRDA:136,11,1,0
BRDA:171,12,0,67
BRDA:171,12,1,1
BRDA:182,13,0,2
BRDA:182,13,1,1
BRDA:193,14,0,70
BRDA:193,14,1,1
BRF:28
BRH:25
end_of_record
TN:
SF:/opt/missionchain/deploy/packages/contracts/contracts/sales/SeedSaleV5.sol
FN:106,constructor
FN:144,buyPackage
FN:184,adminGrantOldInvestor
FN:209,oldInvestorsRemaining
FN:215,addToWhitelist
FN:222,removeFromWhitelist
FN:231,setActive
FNF:7
FNH:0
FNDA:0,constructor
FNDA:0,buyPackage
FNDA:0,adminGrantOldInvestor
FNDA:0,oldInvestorsRemaining
FNDA:0,addToWhitelist
FNDA:0,removeFromWhitelist
FNDA:0,setActive
DA:115,0
DA:116,0
DA:117,0
DA:118,0
DA:119,0
DA:120,0
DA:121,0
DA:123,0
DA:124,0
DA:125,0
DA:126,0
DA:127,0
DA:129,0
DA:131,0
DA:132,0
DA:133,0
DA:136,0
DA:137,0
DA:138,0
DA:139,0
DA:145,0
DA:146,0
DA:148,0
DA:149,0
DA:151,0
DA:154,0
DA:157,0
DA:158,0
DA:161,0
DA:164,0
DA:173,0
DA:175,0
DA:185,0
DA:186,0
DA:187,0
DA:188,0
DA:193,0
DA:195,0
DA:197,0
DA:206,0
DA:210,0
DA:216,0
DA:217,0
DA:218,0
DA:223,0
DA:224,0
DA:225,0
DA:232,0
DA:233,0
LF:49
LH:0
BRDA:115,1,0,0
BRDA:115,1,1,0
BRDA:116,2,0,0
BRDA:116,2,1,0
BRDA:117,3,0,0
BRDA:117,3,1,0
BRDA:118,4,0,0
BRDA:118,4,1,0
BRDA:119,5,0,0
BRDA:119,5,1,0
BRDA:120,6,0,0
BRDA:120,6,1,0
BRDA:121,7,0,0
BRDA:121,7,1,0
BRDA:144,8,0,0
BRDA:144,8,1,0
BRDA:145,9,0,0
BRDA:145,9,1,0
BRDA:146,10,0,0
BRDA:146,10,1,0
BRDA:149,11,0,0
BRDA:149,11,1,0
BRDA:184,12,0,0
BRDA:184,12,1,0
BRDA:184,13,0,0
BRDA:184,13,1,0
BRDA:185,14,0,0
BRDA:185,14,1,0
BRDA:186,15,0,0
BRDA:186,15,1,0
BRDA:187,16,0,0
BRDA:187,16,1,0
BRDA:188,17,0,0
BRDA:188,17,1,0
BRDA:215,18,0,0
BRDA:215,18,1,0
BRDA:222,19,0,0
BRDA:222,19,1,0
BRDA:231,20,0,0
BRDA:231,20,1,0
BRF:40
BRH:0
end_of_record
TN:
SF:/opt/missionchain/deploy/packages/contracts/contracts/sales/SeedSaleV6.sol
FN:83,constructor
FN:118,buyPackage
FN:149,adminGrantOldInvestor
FN:174,oldInvestorsRemaining
FN:178,addToWhitelist
FN:185,removeFromWhitelist
FN:192,setActive
FN:200,rescueToken
FNF:8
FNH:0
FNDA:0,constructor
FNDA:0,buyPackage
FNDA:0,adminGrantOldInvestor
FNDA:0,oldInvestorsRemaining
FNDA:0,addToWhitelist
FNDA:0,removeFromWhitelist
FNDA:0,setActive
FNDA:0,rescueToken
DA:92,0
DA:93,0
DA:94,0
DA:95,0
DA:96,0
DA:97,0
DA:98,0
DA:100,0
DA:101,0
DA:102,0
DA:103,0
DA:104,0
DA:106,0
DA:108,0
DA:109,0
DA:110,0
DA:112,0
DA:113,0
DA:114,0
DA:115,0
DA:119,0
DA:120,0
DA:122,0
DA:123,0
DA:124,0
DA:126,0
DA:127,0
DA:128,0
DA:130,0
DA:132,0
DA:140,0
DA:142,0
DA:150,0
DA:151,0
DA:152,0
DA:153,0
DA:158,0
DA:160,0
DA:162,0
DA:171,0
DA:175,0
DA:179,0
DA:180,0
DA:181,0
DA:186,0
DA:187,0
DA:188,0
DA:193,0
DA:194,0
DA:202,0
DA:203,0
DA:204,0
DA:205,0
DA:206,0
LF:54
LH:0
BRDA:92,1,0,0
BRDA:92,1,1,0
BRDA:93,2,0,0
BRDA:93,2,1,0
BRDA:94,3,0,0
BRDA:94,3,1,0
BRDA:95,4,0,0
BRDA:95,4,1,0
BRDA:96,5,0,0
BRDA:96,5,1,0
BRDA:97,6,0,0
BRDA:97,6,1,0
BRDA:98,7,0,0
BRDA:98,7,1,0
BRDA:118,8,0,0
BRDA:118,8,1,0
BRDA:119,9,0,0
BRDA:119,9,1,0
BRDA:120,10,0,0
BRDA:120,10,1,0
BRDA:123,11,0,0
BRDA:123,11,1,0
BRDA:149,12,0,0
BRDA:149,12,1,0
BRDA:149,13,0,0
BRDA:149,13,1,0
BRDA:150,14,0,0
BRDA:150,14,1,0
BRDA:151,15,0,0
BRDA:151,15,1,0
BRDA:152,16,0,0
BRDA:152,16,1,0
BRDA:153,17,0,0
BRDA:153,17,1,0
BRDA:178,18,0,0
BRDA:178,18,1,0
BRDA:185,19,0,0
BRDA:185,19,1,0
BRDA:192,20,0,0
BRDA:192,20,1,0
BRDA:200,21,0,0
BRDA:200,21,1,0
BRDA:202,22,0,0
BRDA:202,22,1,0
BRDA:203,23,0,0
BRDA:203,23,1,0
BRDA:204,24,0,0
BRDA:204,24,1,0
BRF:48
BRH:0
end_of_record
TN:
SF:/opt/missionchain/deploy/packages/contracts/contracts/token/LockManager.sol
FN:20,constructor
FN:36,createSchedule
FN:55,lockedOf
FN:63,availableOf
FN:72,getSchedules
FN:77,getScheduleAt
FN:83,scheduleCount
FN:88,_lockedForSchedule
FNF:8
FNH:7
FNDA:207,constructor
FNDA:135,createSchedule
FNDA:87,lockedOf
FNDA:0,availableOf
FNDA:15,getSchedules
FNDA:2,getScheduleAt
FNDA:2,scheduleCount
FNDA:38,_lockedForSchedule
DA:21,207
DA:37,135
DA:38,135
DA:39,135
DA:40,135
DA:42,135
DA:50,135
DA:56,87
DA:57,87
DA:58,38
DA:64,0
DA:65,0
DA:66,0
DA:67,0
DA:73,15
DA:78,2
DA:79,1
DA:84,2
DA:89,38
DA:92,38
DA:93,23
DA:97,15
DA:100,15
DA:101,15
DA:104,15
DA:105,5
DA:108,10
DA:109,10
LF:28
LH:24
BRDA:36,1,0,135
BRDA:36,1,1,1
BRDA:37,2,0,135
BRDA:37,2,1,0
BRDA:38,3,0,135
BRDA:38,3,1,0
BRDA:39,4,0,135
BRDA:39,4,1,0
BRDA:40,5,0,135
BRDA:40,5,1,0
BRDA:78,6,0,1
BRDA:78,6,1,1
BRDA:92,7,0,23
BRDA:92,7,1,15
BRDA:104,8,0,5
BRDA:104,8,1,10
BRF:16
BRH:12
end_of_record
TN:
SF:/opt/missionchain/deploy/packages/contracts/contracts/token/MICToken.sol
FN:34,constructor
FN:42,setLockManager
FN:50,setApprovedStakingContract
FN:57,mintFromMining
FN:64,remainingMiningPool
FN:69,lockedBalanceOf
FN:75,availableBalanceOf
FN:82,pause
FN:83,unpause
FN:86,_update
FNF:10
FNH:10
FNDA:517,constructor
FNDA:37,setLockManager
FNDA:123,setApprovedStakingContract
FNDA:91,mintFromMining
FNDA:26,remainingMiningPool
FNDA:2,lockedBalanceOf
FNDA:1,availableBalanceOf
FNDA:1,pause
FNDA:1,unpause
FNDA:1716,_update
DA:35,517
DA:36,517
DA:37,517
DA:38,517
DA:43,37
DA:44,37
DA:45,37
DA:52,123
DA:53,123
DA:58,91
DA:59,90
DA:60,90
DA:61,90
DA:65,26
DA:70,2
DA:71,2
DA:76,1
DA:77,1
DA:78,1
DA:79,1
DA:93,1716
DA:99,66
DA:100,66
DA:101,66
DA:103,1707
LF:25
LH:25
BRDA:35,1,0,517
BRDA:35,1,1,0
BRDA:42,2,0,37
BRDA:42,2,1,0
BRDA:50,3,0,123
BRDA:50,3,1,2
BRDA:57,4,0,91
BRDA:57,4,1,0
BRDA:58,5,0,90
BRDA:58,5,1,1
BRDA:70,6,0,0
BRDA:70,6,1,2
BRDA:77,7,0,0
BRDA:77,7,1,1
BRDA:79,8,0,0
BRDA:79,8,1,1
BRDA:82,9,0,1
BRDA:82,9,1,0
BRDA:83,10,0,1
BRDA:83,10,1,0
BRDA:93,11,0,66
BRDA:93,11,1,1650
BRDA:101,12,0,57
BRDA:101,12,1,9
BRF:24
BRH:16
end_of_record
TN:
SF:/opt/missionchain/deploy/packages/contracts/contracts/treasury/ListingReserveVault.sol
FN:48,onlyOwner
FN:53,constructor
FN:70,requestWithdraw
FN:93,executeWithdraw
FN:109,cancelWithdraw
FN:117,vaultBalance
FN:118,getRequest
FNF:7
FNH:0
FNDA:0,onlyOwner
FNDA:0,constructor
FNDA:0,requestWithdraw
FNDA:0,executeWithdraw
FNDA:0,cancelWithdraw
FNDA:0,vaultBalance
FNDA:0,getRequest
DA:49,0
DA:50,0
DA:54,0
DA:55,0
DA:56,0
DA:57,0
DA:71,0
DA:72,0
DA:73,0
DA:75,0
DA:76,0
DA:77,0
DA:89,0
DA:94,0
DA:95,0
DA:96,0
DA:97,0
DA:98,0
DA:100,0
DA:101,0
DA:102,0
DA:104,0
DA:105,0
DA:110,0
DA:111,0
DA:112,0
DA:113,0
DA:114,0
LF:28
LH:0
BRDA:49,1,0,0
BRDA:49,1,1,0
BRDA:54,2,0,0
BRDA:54,2,1,0
BRDA:55,3,0,0
BRDA:55,3,1,0
BRDA:70,4,0,0
BRDA:70,4,1,0
BRDA:71,5,0,0
BRDA:71,5,1,0
BRDA:72,6,0,0
BRDA:72,6,1,0
BRDA:73,7,0,0
BRDA:73,7,1,0
BRDA:93,8,0,0
BRDA:93,8,1,0
BRDA:95,9,0,0
BRDA:95,9,1,0
BRDA:96,10,0,0
BRDA:96,10,1,0
BRDA:97,11,0,0
BRDA:97,11,1,0
BRDA:98,12,0,0
BRDA:98,12,1,0
BRDA:109,13,0,0
BRDA:109,13,1,0
BRDA:111,14,0,0
BRDA:111,14,1,0
BRDA:112,15,0,0
BRDA:112,15,1,0
BRF:30
BRH:0
end_of_record
TN:
SF:/opt/missionchain/deploy/packages/contracts/contracts/treasury/ManagementBonusPool.sol
FN:68,onlyOwner
FN:72,onlyDistributor
FN:76,onlyCouncil
FN:81,constructor
FN:92,setDistributor
FN:97,setThreshold
FN:105,receiveAndDistribute
FN:116,createOrder
FN:137,approveOrder
FN:150,executeOrder
FN:170,cancelOrder
FN:180,poolBalance
FN:181,getOrder
FN:182,isApproved
FN:184,approvalRatioBps
FNF:15
FNH:0
FNDA:0,onlyOwner
FNDA:0,onlyDistributor
FNDA:0,onlyCouncil
FNDA:0,constructor
FNDA:0,setDistributor
FNDA:0,setThreshold
FNDA:0,receiveAndDistribute
FNDA:0,createOrder
FNDA:0,approveOrder
FNDA:0,executeOrder
FNDA:0,cancelOrder
FNDA:0,poolBalance
FNDA:0,getOrder
FNDA:0,isApproved
FNDA:0,approvalRatioBps
DA:69,0
DA:70,0
DA:73,0
DA:74,0
DA:77,0
DA:78,0
DA:82,0
DA:83,0
DA:84,0
DA:85,0
DA:86,0
DA:87,0
DA:93,0
DA:94,0
DA:98,0
DA:99,0
DA:100,0
DA:106,0
DA:107,0
DA:108,0
DA:109,0
DA:119,0
DA:120,0
DA:121,0
DA:123,0
DA:124,0
DA:134,0
DA:138,0
DA:139,0
DA:140,0
DA:141,0
DA:143,0
DA:144,0
DA:146,0
DA:151,0
DA:152,0
DA:153,0
DA:155,0
DA:156,0
DA:158,0
DA:159,0
DA:161,0
DA:162,0
DA:163,0
DA:165,0
DA:166,0
DA:171,0
DA:172,0
DA:173,0
DA:174,0
DA:175,0
DA:185,0
DA:186,0
DA:187,0
LF:54
LH:0
BRDA:69,1,0,0
BRDA:69,1,1,0
BRDA:73,2,0,0
BRDA:73,2,1,0
BRDA:77,3,0,0
BRDA:77,3,1,0
BRDA:82,4,0,0
BRDA:82,4,1,0
BRDA:83,5,0,0
BRDA:83,5,1,0
BRDA:84,6,0,0
BRDA:84,6,1,0
BRDA:92,7,0,0
BRDA:92,7,1,0
BRDA:97,8,0,0
BRDA:97,8,1,0
BRDA:98,9,0,0
BRDA:98,9,1,0
BRDA:105,10,0,0
BRDA:105,10,1,0
BRDA:105,11,0,0
BRDA:105,11,1,0
BRDA:106,12,0,0
BRDA:106,12,1,0
BRDA:116,13,0,0
BRDA:116,13,1,0
BRDA:119,14,0,0
BRDA:119,14,1,0
BRDA:120,15,0,0
BRDA:120,15,1,0
BRDA:121,16,0,0
BRDA:121,16,1,0
BRDA:137,17,0,0
BRDA:137,17,1,0
BRDA:139,18,0,0
BRDA:139,18,1,0
BRDA:140,19,0,0
BRDA:140,19,1,0
BRDA:141,20,0,0
BRDA:141,20,1,0
BRDA:150,21,0,0
BRDA:150,21,1,0
BRDA:152,22,0,0
BRDA:152,22,1,0
BRDA:153,23,0,0
BRDA:153,23,1,0
BRDA:156,24,0,0
BRDA:156,24,1,0
BRDA:158,25,0,0
BRDA:158,25,1,0
BRDA:159,26,0,0
BRDA:159,26,1,0
BRDA:170,27,0,0
BRDA:170,27,1,0
BRDA:172,28,0,0
BRDA:172,28,1,0
BRDA:173,29,0,0
BRDA:173,29,1,0
BRDA:186,30,0,0
BRDA:186,30,1,0
BRF:60
BRH:0
end_of_record
TN:
SF:/opt/missionchain/deploy/packages/contracts/contracts/treasury/ManagementBonusPoolV2.sol
FN:55,onlyOwner
FN:56,onlyCouncil
FN:58,constructor
FN:69,setThreshold
FN:79,createOrder
FN:99,approveOrder
FN:109,executeOrder
FN:126,cancelOrder
FN:136,getOrder
FN:137,isApproved
FN:138,approvalRatioBps
FNF:11
FNH:0
FNDA:0,onlyOwner
FNDA:0,onlyCouncil
FNDA:0,constructor
FNDA:0,setThreshold
FNDA:0,createOrder
FNDA:0,approveOrder
FNDA:0,executeOrder
FNDA:0,cancelOrder
FNDA:0,getOrder
FNDA:0,isApproved
FNDA:0,approvalRatioBps
DA:59,0
DA:60,0
DA:61,0
DA:62,0
DA:63,0
DA:64,0
DA:70,0
DA:71,0
DA:72,0
DA:82,0
DA:83,0
DA:85,0
DA:86,0
DA:96,0
DA:100,0
DA:101,0
DA:102,0
DA:103,0
DA:104,0
DA:105,0
DA:106,0
DA:110,0
DA:111,0
DA:112,0
DA:114,0
DA:115,0
DA:116,0
DA:117,0
DA:119,0
DA:120,0
DA:122,0
DA:123,0
DA:127,0
DA:128,0
DA:129,0
DA:130,0
DA:131,0
DA:139,0
DA:140,0
DA:141,0
LF:40
LH:0
BRDA:55,1,0,0
BRDA:55,1,1,0
BRDA:56,2,0,0
BRDA:56,2,1,0
BRDA:59,3,0,0
BRDA:59,3,1,0
BRDA:60,4,0,0
BRDA:60,4,1,0
BRDA:61,5,0,0
BRDA:61,5,1,0
BRDA:69,6,0,0
BRDA:69,6,1,0
BRDA:70,7,0,0
BRDA:70,7,1,0
BRDA:79,8,0,0
BRDA:79,8,1,0
BRDA:82,9,0,0
BRDA:82,9,1,0
BRDA:83,10,0,0
BRDA:83,10,1,0
BRDA:99,11,0,0
BRDA:99,11,1,0
BRDA:101,12,0,0
BRDA:101,12,1,0
BRDA:102,13,0,0
BRDA:102,13,1,0
BRDA:103,14,0,0
BRDA:103,14,1,0
BRDA:109,15,0,0
BRDA:109,15,1,0
BRDA:111,16,0,0
BRDA:111,16,1,0
BRDA:112,17,0,0
BRDA:112,17,1,0
BRDA:115,18,0,0
BRDA:115,18,1,0
BRDA:116,19,0,0
BRDA:116,19,1,0
BRDA:117,20,0,0
BRDA:117,20,1,0
BRDA:126,21,0,0
BRDA:126,21,1,0
BRDA:128,22,0,0
BRDA:128,22,1,0
BRDA:129,23,0,0
BRDA:129,23,1,0
BRDA:140,24,0,0
BRDA:140,24,1,0
BRF:48
BRH:0
end_of_record
TN:
SF:/opt/missionchain/deploy/packages/contracts/contracts/treasury/OperationalSalaryPool.sol
FN:69,onlyOwner
FN:73,onlyDistributor
FN:80,constructor
FN:91,setDistributor
FN:100,enrollMember
FN:125,updateMember
FN:141,removeMember
FN:169,receiveAndDistribute
FN:207,claim
FN:220,memberCount
FN:221,memberAt
FN:222,poolBalance
FN:223,currentWeekIdx
FNF:13
FNH:0
FNDA:0,onlyOwner
FNDA:0,onlyDistributor
FNDA:0,constructor
FNDA:0,setDistributor
FNDA:0,enrollMember
FNDA:0,updateMember
FNDA:0,removeMember
FNDA:0,receiveAndDistribute
FNDA:0,claim
FNDA:0,memberCount
FNDA:0,memberAt
FNDA:0,poolBalance
FNDA:0,currentWeekIdx
DA:70,0
DA:71,0
DA:74,0
DA:75,0
DA:81,0
DA:82,0
DA:83,0
DA:84,0
DA:85,0
DA:86,0
DA:92,0
DA:93,0
DA:101,0
DA:102,0
DA:103,0
DA:104,0
DA:106,0
DA:114,0
DA:115,0
DA:116,0
DA:118,0
DA:126,0
DA:127,0
DA:130,0
DA:131,0
DA:132,0
DA:133,0
DA:135,0
DA:136,0
DA:138,0
DA:142,0
DA:143,0
DA:144,0
DA:145,0
DA:148,0
DA:149,0
DA:152,0
DA:153,0
DA:154,0
DA:155,0
DA:156,0
DA:157,0
DA:159,0
DA:160,0
DA:162,0
DA:170,0
DA:171,0
DA:173,0
DA:174,0
DA:176,0
DA:177,0
DA:178,0
DA:179,0
DA:181,0
DA:183,0
DA:184,0
DA:186,0
DA:187,0
DA:188,0
DA:190,0
DA:192,0
DA:194,0
DA:195,0
DA:196,0
DA:197,0
DA:199,0
DA:202,0
DA:208,0
DA:209,0
DA:210,0
DA:211,0
DA:212,0
DA:214,0
DA:215,0
LF:74
LH:0
BRDA:70,1,0,0
BRDA:70,1,1,0
BRDA:74,2,0,0
BRDA:74,2,1,0
BRDA:81,3,0,0
BRDA:81,3,1,0
BRDA:82,4,0,0
BRDA:82,4,1,0
BRDA:83,5,0,0
BRDA:83,5,1,0
BRDA:91,6,0,0
BRDA:91,6,1,0
BRDA:100,7,0,0
BRDA:100,7,1,0
BRDA:101,8,0,0
BRDA:101,8,1,0
BRDA:102,9,0,0
BRDA:102,9,1,0
BRDA:103,10,0,0
BRDA:103,10,1,0
BRDA:104,11,0,0
BRDA:104,11,1,0
BRDA:125,12,0,0
BRDA:125,12,1,0
BRDA:127,13,0,0
BRDA:127,13,1,0
BRDA:132,14,0,0
BRDA:132,14,1,0
BRDA:141,15,0,0
BRDA:141,15,1,0
BRDA:143,16,0,0
BRDA:143,16,1,0
BRDA:154,17,0,0
BRDA:154,17,1,0
BRDA:169,18,0,0
BRDA:169,18,1,0
BRDA:169,19,0,0
BRDA:169,19,1,0
BRDA:170,20,0,0
BRDA:170,20,1,0
BRDA:179,21,0,0
BRDA:179,21,1,0
BRDA:181,22,0,0
BRDA:181,22,1,0
BRDA:184,23,0,0
BRDA:184,23,1,0
BRDA:188,24,0,0
BRDA:188,24,1,0
BRDA:190,25,0,0
BRDA:190,25,1,0
BRDA:192,26,0,0
BRDA:192,26,1,0
BRDA:207,27,0,0
BRDA:207,27,1,0
BRDA:210,28,0,0
BRDA:210,28,1,0
BRF:56
BRH:0
end_of_record
TN:
SF:/opt/missionchain/deploy/packages/contracts/contracts/treasury/OperationalSalaryPoolV2.sol
FN:55,onlyOwner
FN:57,constructor
FN:72,enrollMember
FN:95,updateMember
FN:106,removeMember
FN:131,claimable
FN:152,claim
FN:170,memberCount
FN:171,memberAt
FN:172,currentWeekIdx
FNF:10
FNH:0
FNDA:0,onlyOwner
FNDA:0,constructor
FNDA:0,enrollMember
FNDA:0,updateMember
FNDA:0,removeMember
FNDA:0,claimable
FNDA:0,claim
FNDA:0,memberCount
FNDA:0,memberAt
FNDA:0,currentWeekIdx
DA:58,0
DA:59,0
DA:60,0
DA:61,0
DA:62,0
DA:63,0
DA:73,0
DA:74,0
DA:75,0
DA:76,0
DA:78,0
DA:84,0
DA:85,0
DA:86,0
DA:88,0
DA:96,0
DA:97,0
DA:98,0
DA:99,0
DA:100,0
DA:101,0
DA:102,0
DA:103,0
DA:107,0
DA:108,0
DA:109,0
DA:110,0
DA:111,0
DA:112,0
DA:115,0
DA:116,0
DA:117,0
DA:118,0
DA:119,0
DA:120,0
DA:122,0
DA:123,0
DA:125,0
DA:132,0
DA:133,0
DA:135,0
DA:136,0
DA:137,0
DA:138,0
DA:141,0
DA:142,0
DA:143,0
DA:144,0
DA:145,0
DA:146,0
DA:148,0
DA:153,0
DA:154,0
DA:156,0
DA:157,0
DA:159,0
DA:160,0
DA:163,0
DA:165,0
LF:59
LH:0
BRDA:55,1,0,0
BRDA:55,1,1,0
BRDA:58,2,0,0
BRDA:58,2,1,0
BRDA:59,3,0,0
BRDA:59,3,1,0
BRDA:60,4,0,0
BRDA:60,4,1,0
BRDA:72,5,0,0
BRDA:72,5,1,0
BRDA:73,6,0,0
BRDA:73,6,1,0
BRDA:74,7,0,0
BRDA:74,7,1,0
BRDA:75,8,0,0
BRDA:75,8,1,0
BRDA:76,9,0,0
BRDA:76,9,1,0
BRDA:95,10,0,0
BRDA:95,10,1,0
BRDA:97,11,0,0
BRDA:97,11,1,0
BRDA:99,12,0,0
BRDA:99,12,1,0
BRDA:106,13,0,0
BRDA:106,13,1,0
BRDA:108,14,0,0
BRDA:108,14,1,0
BRDA:117,15,0,0
BRDA:117,15,1,0
BRDA:133,16,0,0
BRDA:133,16,1,0
BRDA:133,17,0,0
BRDA:133,17,1,0
BRDA:137,18,0,0
BRDA:137,18,1,0
BRDA:143,19,0,0
BRDA:143,19,1,0
BRDA:144,20,0,0
BRDA:144,20,1,0
BRDA:146,21,0,0
BRDA:146,21,1,0
BRDA:152,22,0,0
BRDA:152,22,1,0
BRDA:154,23,0,0
BRDA:154,23,1,0
BRF:46
BRH:0
end_of_record
TN:
SF:/opt/missionchain/deploy/packages/contracts/contracts/treasury/ReservedExpensesPool.sol
FN:50,onlyOwner
FN:54,onlyDistributor
FN:59,constructor
FN:66,setDistributor
FN:71,receiveAndDistribute
FN:81,requestWithdraw
FN:105,executeWithdraw
FN:121,cancelWithdraw
FN:129,poolBalance
FN:130,getRequest
FNF:10
FNH:0
FNDA:0,onlyOwner
FNDA:0,onlyDistributor
FNDA:0,constructor
FNDA:0,setDistributor
FNDA:0,receiveAndDistribute
FNDA:0,requestWithdraw
FNDA:0,executeWithdraw
FNDA:0,cancelWithdraw
FNDA:0,poolBalance
FNDA:0,getRequest
DA:51,0
DA:52,0
DA:55,0
DA:56,0
DA:60,0
DA:61,0
DA:62,0
DA:63,0
DA:67,0
DA:68,0
DA:72,0
DA:73,0
DA:74,0
DA:75,0
DA:84,0
DA:85,0
DA:86,0
DA:88,0
DA:89,0
DA:90,0
DA:101,0
DA:106,0
DA:107,0
DA:108,0
DA:109,0
DA:110,0
DA:112,0
DA:113,0
DA:114,0
DA:116,0
DA:117,0
DA:122,0
DA:123,0
DA:124,0
DA:125,0
DA:126,0
LF:36
LH:0
BRDA:51,1,0,0
BRDA:51,1,1,0
BRDA:55,2,0,0
BRDA:55,2,1,0
BRDA:60,3,0,0
BRDA:60,3,1,0
BRDA:61,4,0,0
BRDA:61,4,1,0
BRDA:66,5,0,0
BRDA:66,5,1,0
BRDA:71,6,0,0
BRDA:71,6,1,0
BRDA:71,7,0,0
BRDA:71,7,1,0
BRDA:72,8,0,0
BRDA:72,8,1,0
BRDA:81,9,0,0
BRDA:81,9,1,0
BRDA:84,10,0,0
BRDA:84,10,1,0
BRDA:85,11,0,0
BRDA:85,11,1,0
BRDA:86,12,0,0
BRDA:86,12,1,0
BRDA:105,13,0,0
BRDA:105,13,1,0
BRDA:107,14,0,0
BRDA:107,14,1,0
BRDA:108,15,0,0
BRDA:108,15,1,0
BRDA:109,16,0,0
BRDA:109,16,1,0
BRDA:110,17,0,0
BRDA:110,17,1,0
BRDA:121,18,0,0
BRDA:121,18,1,0
BRDA:123,19,0,0
BRDA:123,19,1,0
BRDA:124,20,0,0
BRDA:124,20,1,0
BRF:40
BRH:0
end_of_record
TN:
SF:/opt/missionchain/deploy/packages/contracts/contracts/treasury/ReservedExpensesPoolV2.sol
FN:44,onlyOwner
FN:46,constructor
FN:55,requestWithdraw
FN:77,executeWithdraw
FN:91,cancelWithdraw
FN:99,getRequest
FNF:6
FNH:0
FNDA:0,onlyOwner
FNDA:0,constructor
FNDA:0,requestWithdraw
FNDA:0,executeWithdraw
FNDA:0,cancelWithdraw
FNDA:0,getRequest
DA:47,0
DA:48,0
DA:49,0
DA:50,0
DA:58,0
DA:59,0
DA:61,0
DA:62,0
DA:63,0
DA:74,0
DA:78,0
DA:79,0
DA:80,0
DA:81,0
DA:82,0
DA:84,0
DA:85,0
DA:87,0
DA:88,0
DA:92,0
DA:93,0
DA:94,0
DA:95,0
DA:96,0
LF:24
LH:0
BRDA:44,1,0,0
BRDA:44,1,1,0
BRDA:47,2,0,0
BRDA:47,2,1,0
BRDA:48,3,0,0
BRDA:48,3,1,0
BRDA:55,4,0,0
BRDA:55,4,1,0
BRDA:58,5,0,0
BRDA:58,5,1,0
BRDA:59,6,0,0
BRDA:59,6,1,0
BRDA:77,7,0,0
BRDA:77,7,1,0
BRDA:79,8,0,0
BRDA:79,8,1,0
BRDA:80,9,0,0
BRDA:80,9,1,0
BRDA:81,10,0,0
BRDA:81,10,1,0
BRDA:82,11,0,0
BRDA:82,11,1,0
BRDA:91,12,0,0
BRDA:91,12,1,0
BRDA:93,13,0,0
BRDA:93,13,1,0
BRDA:94,14,0,0
BRDA:94,14,1,0
BRF:28
BRH:0
end_of_record
