{"contracts/governance/DAOGovernor.sol":{"l":{"114":41,"115":41,"116":41,"118":41,"128":29,"129":26,"132":25,"133":125,"134":125,"135":5,"140":25,"141":125,"142":125,"143":125,"146":25,"155":10,"156":9,"158":8,"161":8,"164":8,"166":8,"182":18,"183":17,"185":17,"186":17,"188":17,"189":17,"190":17,"191":17,"192":17,"193":17,"194":17,"195":17,"197":17,"199":17,"200":17,"207":23,"209":22,"210":22,"211":22,"213":21,"214":21,"216":21,"218":21,"219":9,"227":13,"228":13,"230":10,"231":10,"237":7,"240":7,"241":7,"243":0,"244":0,"248":0,"251":7,"263":9,"264":8,"265":8,"268":6,"269":14,"270":12,"271":14,"275":2,"278":2,"281":2,"282":0,"283":0,"287":0,"317":7,"318":7,"334":0,"335":0,"336":0,"343":17,"344":3,"345":2,"346":0},"path":"/opt/missionchain/deploy/packages/contracts/contracts/governance/DAOGovernor.sol","s":{"1":41,"2":41,"3":41,"4":29,"5":26,"6":25,"7":125,"8":125,"9":5,"10":25,"11":125,"12":125,"13":25,"14":10,"15":9,"16":8,"17":8,"18":8,"19":18,"20":17,"21":17,"22":17,"23":17,"24":23,"25":22,"26":22,"27":22,"28":21,"29":21,"30":13,"31":13,"32":10,"33":10,"34":7,"35":7,"36":0,"37":0,"38":7,"39":9,"40":8,"41":8,"42":6,"43":14,"44":12,"45":14,"46":2,"47":2,"48":2,"49":0,"50":0,"51":7,"52":7,"53":0,"54":0,"55":0,"56":0,"57":17,"58":14,"59":3,"60":1,"61":2,"62":2,"63":0},"b":{"1":[41,0],"2":[26,3],"3":[5,120],"4":[125,0],"5":[9,1],"6":[18,0],"7":[17,1],"8":[17,0],"9":[22,1],"10":[22,0],"11":[21,1],"12":[9,12],"13":[13,0],"14":[10,3],"15":[7,3],"16":[0,7],"17":[0,0],"18":[9,0],"19":[8,1],"20":[8,0],"21":[6,2],"22":[12,2],"23":[12,2],"24":[0,2],"25":[0,0],"26":[0,0],"27":[14,3],"28":[1,2],"29":[2,0]},"f":{"1":41,"2":29,"3":10,"4":18,"5":23,"6":13,"7":9,"8":7,"9":0,"10":17},"fnMap":{"1":{"name":"constructor","line":113,"loc":{"start":{"line":113,"column":4},"end":{"line":119,"column":4}}},"2":{"name":"setTemporaryMembers","line":126,"loc":{"start":{"line":126,"column":4},"end":{"line":147,"column":4}}},"3":{"name":"renounceOwnershipToDAO","line":153,"loc":{"start":{"line":153,"column":4},"end":{"line":167,"column":4}}},"4":{"name":"propose","line":181,"loc":{"start":{"line":177,"column":4},"end":{"line":201,"column":4}}},"5":{"name":"approve","line":206,"loc":{"start":{"line":206,"column":4},"end":{"line":221,"column":4}}},"6":{"name":"execute","line":226,"loc":{"start":{"line":226,"column":4},"end":{"line":252,"column":4}}},"7":{"name":"emergencyPause","line":261,"loc":{"start":{"line":259,"column":4},"end":{"line":289,"column":4}}},"8":{"name":"getProposal","line":303,"loc":{"start":{"line":303,"column":4},"end":{"line":328,"column":4}}},"9":{"name":"isExecutable","line":333,"loc":{"start":{"line":333,"column":4},"end":{"line":337,"column":4}}},"10":{"name":"_timelockFor","line":342,"loc":{"start":{"line":342,"column":4},"end":{"line":347,"column":4}}}},"statementMap":{"1":{"start":{"line":114,"column":8},"end":{"line":114,"column":54}},"2":{"start":{"line":116,"column":8},"end":{"line":116,"column":44}},"3":{"start":{"line":118,"column":8},"end":{"line":118,"column":57}},"4":{"start":{"line":128,"column":8},"end":{"line":128,"column":49}},"5":{"start":{"line":129,"column":8},"end":{"line":129,"column":37}},"6":{"start":{"line":132,"column":8},"end":{"line":132,"column":5419}},"7":{"start":{"line":133,"column":12},"end":{"line":133,"column":39}},"8":{"start":{"line":134,"column":12},"end":{"line":134,"column":5525}},"9":{"start":{"line":135,"column":16},"end":{"line":135,"column":48}},"10":{"start":{"line":140,"column":8},"end":{"line":140,"column":5694}},"11":{"start":{"line":141,"column":12},"end":{"line":141,"column":72}},"12":{"start":{"line":143,"column":12},"end":{"line":143,"column":50}},"13":{"start":{"line":146,"column":8},"end":{"line":146,"column":41}},"14":{"start":{"line":155,"column":8},"end":{"line":155,"column":49}},"15":{"start":{"line":156,"column":8},"end":{"line":156,"column":37}},"16":{"start":{"line":161,"column":8},"end":{"line":161,"column":52}},"17":{"start":{"line":164,"column":8},"end":{"line":164,"column":53}},"18":{"start":{"line":166,"column":8},"end":{"line":166,"column":46}},"19":{"start":{"line":182,"column":8},"end":{"line":182,"column":75}},"20":{"start":{"line":183,"column":8},"end":{"line":183,"column":56}},"21":{"start":{"line":188,"column":8},"end":{"line":188,"column":50}},"22":{"start":{"line":199,"column":8},"end":{"line":199,"column":70}},"23":{"start":{"line":200,"column":8},"end":{"line":200,"column":56}},"24":{"start":{"line":207,"column":8},"end":{"line":207,"column":75}},"25":{"start":{"line":209,"column":8},"end":{"line":209,"column":50}},"26":{"start":{"line":210,"column":8},"end":{"line":210,"column":68}},"27":{"start":{"line":211,"column":8},"end":{"line":211,"column":77}},"28":{"start":{"line":216,"column":8},"end":{"line":216,"column":70}},"29":{"start":{"line":218,"column":8},"end":{"line":218,"column":8791}},"30":{"start":{"line":227,"column":8},"end":{"line":227,"column":50}},"31":{"start":{"line":228,"column":8},"end":{"line":228,"column":70}},"32":{"start":{"line":230,"column":8},"end":{"line":230,"column":59}},"33":{"start":{"line":231,"column":8},"end":{"line":231,"column":9346}},"34":{"start":{"line":240,"column":8},"end":{"line":240,"column":75}},"35":{"start":{"line":241,"column":8},"end":{"line":241,"column":9705}},"36":{"start":{"line":243,"column":12},"end":{"line":243,"column":9787}},"37":{"start":{"line":248,"column":12},"end":{"line":248,"column":42}},"38":{"start":{"line":251,"column":8},"end":{"line":251,"column":41}},"39":{"start":{"line":263,"column":8},"end":{"line":263,"column":75}},"40":{"start":{"line":264,"column":8},"end":{"line":264,"column":56}},"41":{"start":{"line":265,"column":8},"end":{"line":265,"column":80}},"42":{"start":{"line":268,"column":8},"end":{"line":268,"column":10826}},"43":{"start":{"line":269,"column":12},"end":{"line":269,"column":86}},"44":{"start":{"line":270,"column":12},"end":{"line":270,"column":10978}},"45":{"start":{"line":271,"column":16},"end":{"line":271,"column":73}},"46":{"start":{"line":275,"column":8},"end":{"line":275,"column":55}},"47":{"start":{"line":278,"column":8},"end":{"line":278,"column":11261}},"48":{"start":{"line":281,"column":8},"end":{"line":281,"column":11381}},"49":{"start":{"line":282,"column":12},"end":{"line":282,"column":11413}},"50":{"start":{"line":287,"column":12},"end":{"line":287,"column":48}},"51":{"start":{"line":317,"column":8},"end":{"line":317,"column":50}},"52":{"start":{"line":318,"column":8},"end":{"line":318,"column":12693}},"53":{"start":{"line":334,"column":8},"end":{"line":334,"column":50}},"54":{"start":{"line":335,"column":8},"end":{"line":335,"column":59}},"55":{"start":{"line":335,"column":47},"end":{"line":335,"column":59}},"56":{"start":{"line":336,"column":8},"end":{"line":336,"column":72}},"57":{"start":{"line":343,"column":8},"end":{"line":343,"column":77}},"58":{"start":{"line":343,"column":52},"end":{"line":343,"column":77}},"59":{"start":{"line":344,"column":8},"end":{"line":344,"column":74}},"60":{"start":{"line":344,"column":52},"end":{"line":344,"column":74}},"61":{"start":{"line":345,"column":8},"end":{"line":345,"column":79}},"62":{"start":{"line":345,"column":53},"end":{"line":345,"column":79}},"63":{"start":{"line":346,"column":8},"end":{"line":346,"column":33}}},"branchMap":{"1":{"line":114,"type":"if","locations":[{"start":{"line":114,"column":8},"end":{"line":114,"column":8}},{"start":{"line":114,"column":8},"end":{"line":114,"column":8}}]},"2":{"line":128,"type":"if","locations":[{"start":{"line":128,"column":8},"end":{"line":128,"column":8}},{"start":{"line":128,"column":8},"end":{"line":128,"column":8}}]},"3":{"line":134,"type":"if","locations":[{"start":{"line":134,"column":12},"end":{"line":134,"column":12}},{"start":{"line":134,"column":12},"end":{"line":134,"column":12}}]},"4":{"line":141,"type":"if","locations":[{"start":{"line":141,"column":12},"end":{"line":141,"column":12}},{"start":{"line":141,"column":12},"end":{"line":141,"column":12}}]},"5":{"line":155,"type":"if","locations":[{"start":{"line":155,"column":8},"end":{"line":155,"column":8}},{"start":{"line":155,"column":8},"end":{"line":155,"column":8}}]},"6":{"line":181,"type":"if","locations":[{"start":{"line":181,"column":15},"end":{"line":181,"column":15}},{"start":{"line":181,"column":15},"end":{"line":181,"column":15}}]},"7":{"line":182,"type":"if","locations":[{"start":{"line":182,"column":8},"end":{"line":182,"column":8}},{"start":{"line":182,"column":8},"end":{"line":182,"column":8}}]},"8":{"line":183,"type":"if","locations":[{"start":{"line":183,"column":8},"end":{"line":183,"column":8}},{"start":{"line":183,"column":8},"end":{"line":183,"column":8}}]},"9":{"line":207,"type":"if","locations":[{"start":{"line":207,"column":8},"end":{"line":207,"column":8}},{"start":{"line":207,"column":8},"end":{"line":207,"column":8}}]},"10":{"line":210,"type":"if","locations":[{"start":{"line":210,"column":8},"end":{"line":210,"column":8}},{"start":{"line":210,"column":8},"end":{"line":210,"column":8}}]},"11":{"line":211,"type":"if","locations":[{"start":{"line":211,"column":8},"end":{"line":211,"column":8}},{"start":{"line":211,"column":8},"end":{"line":211,"column":8}}]},"12":{"line":218,"type":"if","locations":[{"start":{"line":218,"column":8},"end":{"line":218,"column":8}},{"start":{"line":218,"column":8},"end":{"line":218,"column":8}}]},"13":{"line":226,"type":"if","locations":[{"start":{"line":226,"column":50},"end":{"line":226,"column":50}},{"start":{"line":226,"column":50},"end":{"line":226,"column":50}}]},"14":{"line":228,"type":"if","locations":[{"start":{"line":228,"column":8},"end":{"line":228,"column":8}},{"start":{"line":228,"column":8},"end":{"line":228,"column":8}}]},"15":{"line":231,"type":"if","locations":[{"start":{"line":231,"column":8},"end":{"line":231,"column":8}},{"start":{"line":231,"column":8},"end":{"line":231,"column":8}}]},"16":{"line":241,"type":"if","locations":[{"start":{"line":241,"column":8},"end":{"line":241,"column":8}},{"start":{"line":241,"column":8},"end":{"line":241,"column":8}}]},"17":{"line":243,"type":"if","locations":[{"start":{"line":243,"column":12},"end":{"line":243,"column":12}},{"start":{"line":243,"column":12},"end":{"line":243,"column":12}}]},"18":{"line":261,"type":"if","locations":[{"start":{"line":261,"column":8},"end":{"line":261,"column":8}},{"start":{"line":261,"column":8},"end":{"line":261,"column":8}}]},"19":{"line":263,"type":"if","locations":[{"start":{"line":263,"column":8},"end":{"line":263,"column":8}},{"start":{"line":263,"column":8},"end":{"line":263,"column":8}}]},"20":{"line":264,"type":"if","locations":[{"start":{"line":264,"column":8},"end":{"line":264,"column":8}},{"start":{"line":264,"column":8},"end":{"line":264,"column":8}}]},"21":{"line":265,"type":"if","locations":[{"start":{"line":265,"column":8},"end":{"line":265,"column":8}},{"start":{"line":265,"column":8},"end":{"line":265,"column":8}}]},"22":{"line":269,"type":"if","locations":[{"start":{"line":269,"column":12},"end":{"line":269,"column":12}},{"start":{"line":269,"column":12},"end":{"line":269,"column":12}}]},"23":{"line":271,"type":"if","locations":[{"start":{"line":271,"column":16},"end":{"line":271,"column":16}},{"start":{"line":271,"column":16},"end":{"line":271,"column":16}}]},"24":{"line":281,"type":"if","locations":[{"start":{"line":281,"column":8},"end":{"line":281,"column":8}},{"start":{"line":281,"column":8},"end":{"line":281,"column":8}}]},"25":{"line":282,"type":"if","locations":[{"start":{"line":282,"column":12},"end":{"line":282,"column":12}},{"start":{"line":282,"column":12},"end":{"line":282,"column":12}}]},"26":{"line":335,"type":"if","locations":[{"start":{"line":335,"column":8},"end":{"line":335,"column":8}},{"start":{"line":335,"column":8},"end":{"line":335,"column":8}}]},"27":{"line":343,"type":"if","locations":[{"start":{"line":343,"column":8},"end":{"line":343,"column":8}},{"start":{"line":343,"column":8},"end":{"line":343,"column":8}}]},"28":{"line":344,"type":"if","locations":[{"start":{"line":344,"column":8},"end":{"line":344,"column":8}},{"start":{"line":344,"column":8},"end":{"line":344,"column":8}}]},"29":{"line":345,"type":"if","locations":[{"start":{"line":345,"column":8},"end":{"line":345,"column":8}},{"start":{"line":345,"column":8},"end":{"line":345,"column":8}}]}}},"contracts/governance/StewardCouncil.sol":{"l":{"42":0,"43":0,"49":0,"50":0,"62":0,"63":0,"65":0,"73":0,"74":0,"75":0,"77":0,"86":0,"87":0,"88":0,"89":0,"90":0,"91":0,"95":0,"96":0,"97":0,"98":0,"99":0,"101":0,"105":0,"106":0,"108":0,"109":0,"112":0,"113":0,"114":0,"115":0,"116":0,"117":0,"119":0,"120":0,"121":0,"123":0,"129":0,"133":0,"137":0,"146":0,"147":0,"148":0,"149":0,"150":0,"151":0,"152":0,"157":0,"158":0,"159":0,"160":0,"161":0,"162":0,"163":0},"path":"/opt/missionchain/deploy/packages/contracts/contracts/governance/StewardCouncil.sol","s":{"1":0,"2":0,"3":0,"4":0,"5":0,"6":0,"7":0,"8":0,"9":0,"10":0,"11":0,"12":0,"13":0,"14":0,"15":0,"16":0,"17":0,"18":0,"19":0,"20":0,"21":0,"22":0,"23":0,"24":0,"25":0,"26":0,"27":0,"28":0,"29":0,"30":0,"31":0,"32":0,"33":0,"34":0,"35":0,"36":0,"37":0,"38":0,"39":0},"b":{"1":[0,0],"2":[0,0],"3":[0,0],"4":[0,0],"5":[0,0],"6":[0,0],"7":[0,0],"8":[0,0],"9":[0,0],"10":[0,0],"11":[0,0],"12":[0,0],"13":[0,0],"14":[0,0],"15":[0,0],"16":[0,0],"17":[0,0],"18":[0,0]},"f":{"1":0,"2":0,"3":0,"4":0,"5":0,"6":0,"7":0,"8":0,"9":0,"10":0,"11":0},"fnMap":{"1":{"name":"onlyOwner","line":41,"loc":{"start":{"line":41,"column":4},"end":{"line":44,"column":4}}},"2":{"name":"constructor","line":48,"loc":{"start":{"line":48,"column":4},"end":{"line":51,"column":4}}},"3":{"name":"addMember","line":61,"loc":{"start":{"line":55,"column":4},"end":{"line":78,"column":4}}},"4":{"name":"updateMember","line":85,"loc":{"start":{"line":80,"column":4},"end":{"line":92,"column":4}}},"5":{"name":"setActive","line":94,"loc":{"start":{"line":94,"column":4},"end":{"line":102,"column":4}}},"6":{"name":"removeMember","line":104,"loc":{"start":{"line":104,"column":4},"end":{"line":124,"column":4}}},"7":{"name":"isMember","line":128,"loc":{"start":{"line":128,"column":4},"end":{"line":130,"column":4}}},"8":{"name":"isActiveMember","line":132,"loc":{"start":{"line":132,"column":4},"end":{"line":134,"column":4}}},"9":{"name":"memberCount","line":136,"loc":{"start":{"line":136,"column":4},"end":{"line":138,"column":4}}},"10":{"name":"getMembers","line":141,"loc":{"start":{"line":141,"column":4},"end":{"line":154,"column":4}}},"11":{"name":"getActiveMembers","line":156,"loc":{"start":{"line":156,"column":4},"end":{"line":166,"column":4}}}},"statementMap":{"1":{"start":{"line":42,"column":8},"end":{"line":42,"column":52}},"2":{"start":{"line":49,"column":8},"end":{"line":49,"column":54}},"3":{"start":{"line":62,"column":8},"end":{"line":62,"column":55}},"4":{"start":{"line":63,"column":8},"end":{"line":63,"column":63}},"5":{"start":{"line":73,"column":8},"end":{"line":73,"column":31}},"6":{"start":{"line":77,"column":8},"end":{"line":77,"column":48}},"7":{"start":{"line":86,"column":8},"end":{"line":86,"column":59}},"8":{"start":{"line":87,"column":8},"end":{"line":87,"column":42}},"9":{"start":{"line":91,"column":8},"end":{"line":91,"column":58}},"10":{"start":{"line":95,"column":8},"end":{"line":95,"column":59}},"11":{"start":{"line":96,"column":8},"end":{"line":96,"column":42}},"12":{"start":{"line":97,"column":8},"end":{"line":97,"column":38}},"13":{"start":{"line":97,"column":32},"end":{"line":97,"column":38}},"14":{"start":{"line":99,"column":8},"end":{"line":99,"column":3366}},"15":{"start":{"line":101,"column":8},"end":{"line":101,"column":48}},"16":{"start":{"line":105,"column":8},"end":{"line":105,"column":43}},"17":{"start":{"line":106,"column":8},"end":{"line":106,"column":43}},"18":{"start":{"line":108,"column":8},"end":{"line":108,"column":42}},"19":{"start":{"line":109,"column":8},"end":{"line":109,"column":35}},"20":{"start":{"line":112,"column":8},"end":{"line":112,"column":30}},"21":{"start":{"line":113,"column":8},"end":{"line":113,"column":48}},"22":{"start":{"line":114,"column":8},"end":{"line":114,"column":3820}},"23":{"start":{"line":115,"column":12},"end":{"line":115,"column":53}},"24":{"start":{"line":119,"column":8},"end":{"line":119,"column":24}},"25":{"start":{"line":123,"column":8},"end":{"line":123,"column":34}},"26":{"start":{"line":129,"column":8},"end":{"line":129,"column":40}},"27":{"start":{"line":133,"column":8},"end":{"line":133,"column":66}},"28":{"start":{"line":137,"column":8},"end":{"line":137,"column":33}},"29":{"start":{"line":146,"column":8},"end":{"line":146,"column":42}},"30":{"start":{"line":147,"column":8},"end":{"line":147,"column":51}},"31":{"start":{"line":147,"column":28},"end":{"line":147,"column":51}},"32":{"start":{"line":148,"column":8},"end":{"line":148,"column":35}},"33":{"start":{"line":149,"column":8},"end":{"line":149,"column":36}},"34":{"start":{"line":151,"column":8},"end":{"line":151,"column":5036}},"35":{"start":{"line":157,"column":8},"end":{"line":157,"column":42}},"36":{"start":{"line":159,"column":8},"end":{"line":159,"column":23}},"37":{"start":{"line":160,"column":8},"end":{"line":160,"column":5346}},"38":{"start":{"line":161,"column":12},"end":{"line":161,"column":38}},"39":{"start":{"line":162,"column":12},"end":{"line":162,"column":5440}}},"branchMap":{"1":{"line":42,"type":"if","locations":[{"start":{"line":42,"column":8},"end":{"line":42,"column":8}},{"start":{"line":42,"column":8},"end":{"line":42,"column":8}}]},"2":{"line":49,"type":"if","locations":[{"start":{"line":49,"column":8},"end":{"line":49,"column":8}},{"start":{"line":49,"column":8},"end":{"line":49,"column":8}}]},"3":{"line":61,"type":"if","locations":[{"start":{"line":61,"column":15},"end":{"line":61,"column":15}},{"start":{"line":61,"column":15},"end":{"line":61,"column":15}}]},"4":{"line":62,"type":"if","locations":[{"start":{"line":62,"column":8},"end":{"line":62,"column":8}},{"start":{"line":62,"column":8},"end":{"line":62,"column":8}}]},"5":{"line":63,"type":"if","locations":[{"start":{"line":63,"column":8},"end":{"line":63,"column":8}},{"start":{"line":63,"column":8},"end":{"line":63,"column":8}}]},"6":{"line":85,"type":"if","locations":[{"start":{"line":85,"column":15},"end":{"line":85,"column":15}},{"start":{"line":85,"column":15},"end":{"line":85,"column":15}}]},"7":{"line":86,"type":"if","locations":[{"start":{"line":86,"column":8},"end":{"line":86,"column":8}},{"start":{"line":86,"column":8},"end":{"line":86,"column":8}}]},"8":{"line":94,"type":"if","locations":[{"start":{"line":94,"column":61},"end":{"line":94,"column":61}},{"start":{"line":94,"column":61},"end":{"line":94,"column":61}}]},"9":{"line":95,"type":"if","locations":[{"start":{"line":95,"column":8},"end":{"line":95,"column":8}},{"start":{"line":95,"column":8},"end":{"line":95,"column":8}}]},"10":{"line":97,"type":"if","locations":[{"start":{"line":97,"column":8},"end":{"line":97,"column":8}},{"start":{"line":97,"column":8},"end":{"line":97,"column":8}}]},"11":{"line":99,"type":"if","locations":[{"start":{"line":99,"column":8},"end":{"line":99,"column":8}},{"start":{"line":99,"column":8},"end":{"line":99,"column":8}}]},"12":{"line":104,"type":"if","locations":[{"start":{"line":104,"column":51},"end":{"line":104,"column":51}},{"start":{"line":104,"column":51},"end":{"line":104,"column":51}}]},"13":{"line":106,"type":"if","locations":[{"start":{"line":106,"column":8},"end":{"line":106,"column":8}},{"start":{"line":106,"column":8},"end":{"line":106,"column":8}}]},"14":{"line":109,"type":"if","locations":[{"start":{"line":109,"column":8},"end":{"line":109,"column":8}},{"start":{"line":109,"column":8},"end":{"line":109,"column":8}}]},"15":{"line":114,"type":"if","locations":[{"start":{"line":114,"column":8},"end":{"line":114,"column":8}},{"start":{"line":114,"column":8},"end":{"line":114,"column":8}}]},"16":{"line":147,"type":"if","locations":[{"start":{"line":147,"column":8},"end":{"line":147,"column":8}},{"start":{"line":147,"column":8},"end":{"line":147,"column":8}}]},"17":{"line":149,"type":"if","locations":[{"start":{"line":149,"column":8},"end":{"line":149,"column":8}},{"start":{"line":149,"column":8},"end":{"line":149,"column":8}}]},"18":{"line":162,"type":"if","locations":[{"start":{"line":162,"column":12},"end":{"line":162,"column":12}},{"start":{"line":162,"column":12},"end":{"line":162,"column":12}}]}}},"contracts/infrastructure/LiquidityPool.sol":{"l":{"69":52,"70":51,"71":50,"73":49,"74":49,"76":49,"85":26,"87":25,"88":25,"90":25,"99":17,"101":16,"102":16,"104":16,"117":8,"118":7,"119":6,"121":5,"123":5,"135":8,"136":7,"137":6,"139":5,"141":5,"148":15,"153":19},"path":"/opt/missionchain/deploy/packages/contracts/contracts/infrastructure/LiquidityPool.sol","s":{"1":52,"2":51,"3":50,"4":49,"5":26,"6":25,"7":25,"8":17,"9":16,"10":16,"11":8,"12":7,"13":6,"14":5,"15":5,"16":8,"17":7,"18":6,"19":5,"20":5,"21":15,"22":19},"b":{"1":[51,1],"2":[50,1],"3":[49,1],"4":[26,2],"5":[26,0],"6":[25,1],"7":[17,2],"8":[17,0],"9":[16,1],"10":[8,2],"11":[8,0],"12":[7,1],"13":[6,1],"14":[5,1],"15":[8,2],"16":[8,0],"17":[7,1],"18":[6,1],"19":[5,1]},"f":{"1":52,"2":26,"3":17,"4":8,"5":8,"6":15,"7":19},"fnMap":{"1":{"name":"constructor","line":64,"loc":{"start":{"line":64,"column":4},"end":{"line":77,"column":4}}},"2":{"name":"receiveUSDT","line":84,"loc":{"start":{"line":84,"column":4},"end":{"line":91,"column":4}}},"3":{"name":"depositMIC","line":98,"loc":{"start":{"line":98,"column":4},"end":{"line":105,"column":4}}},"4":{"name":"withdrawUSDT","line":116,"loc":{"start":{"line":113,"column":4},"end":{"line":124,"column":4}}},"5":{"name":"withdrawMICForCEX","line":134,"loc":{"start":{"line":131,"column":4},"end":{"line":142,"column":4}}},"6":{"name":"usdtBalance","line":147,"loc":{"start":{"line":147,"column":4},"end":{"line":149,"column":4}}},"7":{"name":"micBalance","line":152,"loc":{"start":{"line":152,"column":4},"end":{"line":154,"column":4}}}},"statementMap":{"1":{"start":{"line":69,"column":8},"end":{"line":69,"column":63}},"2":{"start":{"line":70,"column":8},"end":{"line":70,"column":61}},"3":{"start":{"line":71,"column":8},"end":{"line":71,"column":64}},"4":{"start":{"line":76,"column":8},"end":{"line":76,"column":44}},"5":{"start":{"line":85,"column":8},"end":{"line":85,"column":56}},"6":{"start":{"line":87,"column":8},"end":{"line":87,"column":63}},"7":{"start":{"line":90,"column":8},"end":{"line":90,"column":45}},"8":{"start":{"line":99,"column":8},"end":{"line":99,"column":56}},"9":{"start":{"line":101,"column":8},"end":{"line":101,"column":62}},"10":{"start":{"line":104,"column":8},"end":{"line":104,"column":45}},"11":{"start":{"line":117,"column":8},"end":{"line":117,"column":65}},"12":{"start":{"line":118,"column":8},"end":{"line":118,"column":56}},"13":{"start":{"line":119,"column":8},"end":{"line":119,"column":75}},"14":{"start":{"line":121,"column":8},"end":{"line":121,"column":36}},"15":{"start":{"line":123,"column":8},"end":{"line":123,"column":38}},"16":{"start":{"line":135,"column":8},"end":{"line":135,"column":65}},"17":{"start":{"line":136,"column":8},"end":{"line":136,"column":56}},"18":{"start":{"line":137,"column":8},"end":{"line":137,"column":73}},"19":{"start":{"line":139,"column":8},"end":{"line":139,"column":35}},"20":{"start":{"line":141,"column":8},"end":{"line":141,"column":43}},"21":{"start":{"line":148,"column":8},"end":{"line":148,"column":44}},"22":{"start":{"line":153,"column":8},"end":{"line":153,"column":43}}},"branchMap":{"1":{"line":69,"type":"if","locations":[{"start":{"line":69,"column":8},"end":{"line":69,"column":8}},{"start":{"line":69,"column":8},"end":{"line":69,"column":8}}]},"2":{"line":70,"type":"if","locations":[{"start":{"line":70,"column":8},"end":{"line":70,"column":8}},{"start":{"line":70,"column":8},"end":{"line":70,"column":8}}]},"3":{"line":71,"type":"if","locations":[{"start":{"line":71,"column":8},"end":{"line":71,"column":8}},{"start":{"line":71,"column":8},"end":{"line":71,"column":8}}]},"4":{"line":84,"type":"if","locations":[{"start":{"line":84,"column":50},"end":{"line":84,"column":50}},{"start":{"line":84,"column":50},"end":{"line":84,"column":50}}]},"5":{"line":84,"type":"if","locations":[{"start":{"line":84,"column":77},"end":{"line":84,"column":77}},{"start":{"line":84,"column":77},"end":{"line":84,"column":77}}]},"6":{"line":85,"type":"if","locations":[{"start":{"line":85,"column":8},"end":{"line":85,"column":8}},{"start":{"line":85,"column":8},"end":{"line":85,"column":8}}]},"7":{"line":98,"type":"if","locations":[{"start":{"line":98,"column":49},"end":{"line":98,"column":49}},{"start":{"line":98,"column":49},"end":{"line":98,"column":49}}]},"8":{"line":98,"type":"if","locations":[{"start":{"line":98,"column":74},"end":{"line":98,"column":74}},{"start":{"line":98,"column":74},"end":{"line":98,"column":74}}]},"9":{"line":99,"type":"if","locations":[{"start":{"line":99,"column":8},"end":{"line":99,"column":8}},{"start":{"line":99,"column":8},"end":{"line":99,"column":8}}]},"10":{"line":116,"type":"if","locations":[{"start":{"line":116,"column":15},"end":{"line":116,"column":15}},{"start":{"line":116,"column":15},"end":{"line":116,"column":15}}]},"11":{"line":116,"type":"if","locations":[{"start":{"line":116,"column":44},"end":{"line":116,"column":44}},{"start":{"line":116,"column":44},"end":{"line":116,"column":44}}]},"12":{"line":117,"type":"if","locations":[{"start":{"line":117,"column":8},"end":{"line":117,"column":8}},{"start":{"line":117,"column":8},"end":{"line":117,"column":8}}]},"13":{"line":118,"type":"if","locations":[{"start":{"line":118,"column":8},"end":{"line":118,"column":8}},{"start":{"line":118,"column":8},"end":{"line":118,"column":8}}]},"14":{"line":119,"type":"if","locations":[{"start":{"line":119,"column":8},"end":{"line":119,"column":8}},{"start":{"line":119,"column":8},"end":{"line":119,"column":8}}]},"15":{"line":134,"type":"if","locations":[{"start":{"line":134,"column":15},"end":{"line":134,"column":15}},{"start":{"line":134,"column":15},"end":{"line":134,"column":15}}]},"16":{"line":134,"type":"if","locations":[{"start":{"line":134,"column":44},"end":{"line":134,"column":44}},{"start":{"line":134,"column":44},"end":{"line":134,"column":44}}]},"17":{"line":135,"type":"if","locations":[{"start":{"line":135,"column":8},"end":{"line":135,"column":8}},{"start":{"line":135,"column":8},"end":{"line":135,"column":8}}]},"18":{"line":136,"type":"if","locations":[{"start":{"line":136,"column":8},"end":{"line":136,"column":8}},{"start":{"line":136,"column":8},"end":{"line":136,"column":8}}]},"19":{"line":137,"type":"if","locations":[{"start":{"line":137,"column":8},"end":{"line":137,"column":8}},{"start":{"line":137,"column":8},"end":{"line":137,"column":8}}]}}},"contracts/infrastructure/LiquidityPoolV5.sol":{"l":{"43":0,"44":0,"45":0,"46":0,"47":0,"48":0,"49":0,"57":0,"58":0,"59":0,"60":0,"66":0,"67":0,"68":0,"69":0,"75":0,"76":0,"77":0,"81":0,"82":0,"84":0,"86":0,"87":0,"88":0,"90":0,"92":0,"93":0,"94":0,"96":0,"104":0,"109":0,"117":0,"118":0},"path":"/opt/missionchain/deploy/packages/contracts/contracts/infrastructure/LiquidityPoolV5.sol","s":{"1":0,"2":0,"3":0,"4":0,"5":0,"6":0,"7":0,"8":0,"9":0,"10":0,"11":0,"12":0,"13":0,"14":0,"15":0,"16":0,"17":0,"18":0,"19":0,"20":0,"21":0,"22":0,"23":0,"24":0,"25":0,"26":0,"27":0,"28":0},"b":{"1":[0,0],"2":[0,0],"3":[0,0],"4":[0,0],"5":[0,0],"6":[0,0],"7":[0,0],"8":[0,0],"9":[0,0],"10":[0,0],"11":[0,0],"12":[0,0],"13":[0,0],"14":[0,0],"15":[0,0],"16":[0,0],"17":[0,0],"18":[0,0]},"f":{"1":0,"2":0,"3":0,"4":0,"5":0,"6":0,"7":0,"8":0,"9":0,"10":0},"fnMap":{"1":{"name":"constructor","line":42,"loc":{"start":{"line":42,"column":4},"end":{"line":50,"column":4}}},"2":{"name":"receiveAndDistribute","line":56,"loc":{"start":{"line":56,"column":4},"end":{"line":61,"column":4}}},"3":{"name":"depositMIC","line":65,"loc":{"start":{"line":65,"column":4},"end":{"line":70,"column":4}}},"4":{"name":"setMicBurnRate","line":74,"loc":{"start":{"line":74,"column":4},"end":{"line":78,"column":4}}},"5":{"name":"swapAndBurnMIC","line":80,"loc":{"start":{"line":80,"column":4},"end":{"line":97,"column":4}}},"6":{"name":"swapUsdtToMic","line":103,"loc":{"start":{"line":103,"column":4},"end":{"line":105,"column":4}}},"7":{"name":"swapMicToUsdt","line":108,"loc":{"start":{"line":108,"column":4},"end":{"line":110,"column":4}}},"8":{"name":"usdtBalance","line":114,"loc":{"start":{"line":114,"column":4},"end":{"line":114,"column":97}}},"9":{"name":"micBalance","line":115,"loc":{"start":{"line":115,"column":4},"end":{"line":115,"column":95}}},"10":{"name":"previewBurn","line":116,"loc":{"start":{"line":116,"column":4},"end":{"line":119,"column":4}}}},"statementMap":{"1":{"start":{"line":43,"column":8},"end":{"line":43,"column":53}},"2":{"start":{"line":44,"column":8},"end":{"line":44,"column":51}},"3":{"start":{"line":45,"column":8},"end":{"line":45,"column":54}},"4":{"start":{"line":48,"column":8},"end":{"line":48,"column":44}},"5":{"start":{"line":49,"column":8},"end":{"line":49,"column":42}},"6":{"start":{"line":57,"column":8},"end":{"line":57,"column":46}},"7":{"start":{"line":58,"column":8},"end":{"line":58,"column":63}},"8":{"start":{"line":60,"column":8},"end":{"line":60,"column":45}},"9":{"start":{"line":66,"column":8},"end":{"line":66,"column":46}},"10":{"start":{"line":67,"column":8},"end":{"line":67,"column":79}},"11":{"start":{"line":69,"column":8},"end":{"line":69,"column":45}},"12":{"start":{"line":75,"column":8},"end":{"line":75,"column":45}},"13":{"start":{"line":76,"column":8},"end":{"line":76,"column":56}},"14":{"start":{"line":81,"column":8},"end":{"line":81,"column":50}},"15":{"start":{"line":82,"column":8},"end":{"line":82,"column":55}},"16":{"start":{"line":84,"column":8},"end":{"line":84,"column":67}},"17":{"start":{"line":86,"column":8},"end":{"line":86,"column":69}},"18":{"start":{"line":87,"column":8},"end":{"line":87,"column":55}},"19":{"start":{"line":88,"column":8},"end":{"line":88,"column":82}},"20":{"start":{"line":90,"column":8},"end":{"line":90,"column":26}},"21":{"start":{"line":96,"column":8},"end":{"line":96,"column":64}},"22":{"start":{"line":104,"column":8},"end":{"line":104,"column":41}},"23":{"start":{"line":109,"column":8},"end":{"line":109,"column":41}},"24":{"start":{"line":114,"column":59},"end":{"line":114,"column":95}},"25":{"start":{"line":115,"column":58},"end":{"line":115,"column":93}},"26":{"start":{"line":117,"column":8},"end":{"line":117,"column":41}},"27":{"start":{"line":117,"column":33},"end":{"line":117,"column":41}},"28":{"start":{"line":118,"column":8},"end":{"line":118,"column":56}}},"branchMap":{"1":{"line":43,"type":"if","locations":[{"start":{"line":43,"column":8},"end":{"line":43,"column":8}},{"start":{"line":43,"column":8},"end":{"line":43,"column":8}}]},"2":{"line":44,"type":"if","locations":[{"start":{"line":44,"column":8},"end":{"line":44,"column":8}},{"start":{"line":44,"column":8},"end":{"line":44,"column":8}}]},"3":{"line":45,"type":"if","locations":[{"start":{"line":45,"column":8},"end":{"line":45,"column":8}},{"start":{"line":45,"column":8},"end":{"line":45,"column":8}}]},"4":{"line":56,"type":"if","locations":[{"start":{"line":56,"column":59},"end":{"line":56,"column":59}},{"start":{"line":56,"column":59},"end":{"line":56,"column":59}}]},"5":{"line":56,"type":"if","locations":[{"start":{"line":56,"column":86},"end":{"line":56,"column":86}},{"start":{"line":56,"column":86},"end":{"line":56,"column":86}}]},"6":{"line":57,"type":"if","locations":[{"start":{"line":57,"column":8},"end":{"line":57,"column":8}},{"start":{"line":57,"column":8},"end":{"line":57,"column":8}}]},"7":{"line":65,"type":"if","locations":[{"start":{"line":65,"column":49},"end":{"line":65,"column":49}},{"start":{"line":65,"column":49},"end":{"line":65,"column":49}}]},"8":{"line":65,"type":"if","locations":[{"start":{"line":65,"column":74},"end":{"line":65,"column":74}},{"start":{"line":65,"column":74},"end":{"line":65,"column":74}}]},"9":{"line":66,"type":"if","locations":[{"start":{"line":66,"column":8},"end":{"line":66,"column":8}},{"start":{"line":66,"column":8},"end":{"line":66,"column":8}}]},"10":{"line":74,"type":"if","locations":[{"start":{"line":74,"column":54},"end":{"line":74,"column":54}},{"start":{"line":74,"column":54},"end":{"line":74,"column":54}}]},"11":{"line":75,"type":"if","locations":[{"start":{"line":75,"column":8},"end":{"line":75,"column":8}},{"start":{"line":75,"column":8},"end":{"line":75,"column":8}}]},"12":{"line":80,"type":"if","locations":[{"start":{"line":80,"column":57},"end":{"line":80,"column":57}},{"start":{"line":80,"column":57},"end":{"line":80,"column":57}}]},"13":{"line":80,"type":"if","locations":[{"start":{"line":80,"column":84},"end":{"line":80,"column":84}},{"start":{"line":80,"column":84},"end":{"line":80,"column":84}}]},"14":{"line":81,"type":"if","locations":[{"start":{"line":81,"column":8},"end":{"line":81,"column":8}},{"start":{"line":81,"column":8},"end":{"line":81,"column":8}}]},"15":{"line":82,"type":"if","locations":[{"start":{"line":82,"column":8},"end":{"line":82,"column":8}},{"start":{"line":82,"column":8},"end":{"line":82,"column":8}}]},"16":{"line":87,"type":"if","locations":[{"start":{"line":87,"column":8},"end":{"line":87,"column":8}},{"start":{"line":87,"column":8},"end":{"line":87,"column":8}}]},"17":{"line":88,"type":"if","locations":[{"start":{"line":88,"column":8},"end":{"line":88,"column":8}},{"start":{"line":88,"column":8},"end":{"line":88,"column":8}}]},"18":{"line":117,"type":"if","locations":[{"start":{"line":117,"column":8},"end":{"line":117,"column":8}},{"start":{"line":117,"column":8},"end":{"line":117,"column":8}}]}}},"contracts/infrastructure/ManagementPool.sol":{"l":{"80":44,"81":43,"83":42,"85":42,"86":252,"87":252,"90":42,"99":30,"101":29,"102":29,"105":29,"106":29,"110":29,"112":29,"120":17,"121":17,"123":14,"124":14,"126":13,"127":13,"129":13,"138":7,"139":6,"140":5,"142":4,"143":4,"145":4,"155":5,"156":5,"158":4,"159":4,"161":4,"169":7,"170":7,"176":6,"177":6},"path":"/opt/missionchain/deploy/packages/contracts/contracts/infrastructure/ManagementPool.sol","s":{"1":44,"2":43,"3":42,"4":252,"5":42,"6":30,"7":29,"8":29,"9":29,"10":17,"11":17,"12":14,"13":14,"14":13,"15":13,"16":7,"17":6,"18":5,"19":4,"20":4,"21":5,"22":5,"23":4,"24":4,"25":7,"26":7,"27":6,"28":6},"b":{"1":[43,1],"2":[42,1],"3":[252,0],"4":[30,2],"5":[30,0],"6":[29,1],"7":[17,0],"8":[17,0],"9":[14,3],"10":[13,1],"11":[7,1],"12":[7,0],"13":[6,1],"14":[5,1],"15":[4,1],"16":[5,1],"17":[5,0],"18":[4,1],"19":[7,0],"20":[6,0]},"f":{"1":44,"2":30,"3":17,"4":7,"5":5,"6":7,"7":6},"fnMap":{"1":{"name":"constructor","line":75,"loc":{"start":{"line":75,"column":4},"end":{"line":91,"column":4}}},"2":{"name":"receiveUSDT","line":98,"loc":{"start":{"line":98,"column":4},"end":{"line":113,"column":4}}},"3":{"name":"claim","line":119,"loc":{"start":{"line":119,"column":4},"end":{"line":130,"column":4}}},"4":{"name":"distributeBonus","line":137,"loc":{"start":{"line":137,"column":4},"end":{"line":146,"column":4}}},"5":{"name":"setRoleAddress","line":154,"loc":{"start":{"line":154,"column":4},"end":{"line":162,"column":4}}},"6":{"name":"getRoleAddress","line":168,"loc":{"start":{"line":168,"column":4},"end":{"line":171,"column":4}}},"7":{"name":"getRoleBps","line":175,"loc":{"start":{"line":175,"column":4},"end":{"line":178,"column":4}}}},"statementMap":{"1":{"start":{"line":80,"column":8},"end":{"line":80,"column":64}},"2":{"start":{"line":81,"column":8},"end":{"line":81,"column":65}},"3":{"start":{"line":85,"column":8},"end":{"line":85,"column":3329}},"4":{"start":{"line":86,"column":12},"end":{"line":86,"column":87}},"5":{"start":{"line":90,"column":8},"end":{"line":90,"column":44}},"6":{"start":{"line":99,"column":8},"end":{"line":99,"column":57}},"7":{"start":{"line":101,"column":8},"end":{"line":101,"column":63}},"8":{"start":{"line":105,"column":8},"end":{"line":105,"column":4105}},"9":{"start":{"line":112,"column":8},"end":{"line":112,"column":33}},"10":{"start":{"line":120,"column":8},"end":{"line":120,"column":70}},"11":{"start":{"line":121,"column":8},"end":{"line":121,"column":90}},"12":{"start":{"line":123,"column":8},"end":{"line":123,"column":49}},"13":{"start":{"line":124,"column":8},"end":{"line":124,"column":62}},"14":{"start":{"line":127,"column":8},"end":{"line":127,"column":44}},"15":{"start":{"line":129,"column":8},"end":{"line":129,"column":51}},"16":{"start":{"line":138,"column":8},"end":{"line":138,"column":73}},"17":{"start":{"line":139,"column":8},"end":{"line":139,"column":57}},"18":{"start":{"line":140,"column":8},"end":{"line":140,"column":79}},"19":{"start":{"line":143,"column":8},"end":{"line":143,"column":43}},"20":{"start":{"line":145,"column":8},"end":{"line":145,"column":48}},"21":{"start":{"line":155,"column":8},"end":{"line":155,"column":70}},"22":{"start":{"line":156,"column":8},"end":{"line":156,"column":72}},"23":{"start":{"line":158,"column":8},"end":{"line":158,"column":54}},"24":{"start":{"line":161,"column":8},"end":{"line":161,"column":66}},"25":{"start":{"line":169,"column":8},"end":{"line":169,"column":70}},"26":{"start":{"line":170,"column":8},"end":{"line":170,"column":40}},"27":{"start":{"line":176,"column":8},"end":{"line":176,"column":70}},"28":{"start":{"line":177,"column":8},"end":{"line":177,"column":34}}},"branchMap":{"1":{"line":80,"type":"if","locations":[{"start":{"line":80,"column":8},"end":{"line":80,"column":8}},{"start":{"line":80,"column":8},"end":{"line":80,"column":8}}]},"2":{"line":81,"type":"if","locations":[{"start":{"line":81,"column":8},"end":{"line":81,"column":8}},{"start":{"line":81,"column":8},"end":{"line":81,"column":8}}]},"3":{"line":86,"type":"if","locations":[{"start":{"line":86,"column":12},"end":{"line":86,"column":12}},{"start":{"line":86,"column":12},"end":{"line":86,"column":12}}]},"4":{"line":98,"type":"if","locations":[{"start":{"line":98,"column":50},"end":{"line":98,"column":50}},{"start":{"line":98,"column":50},"end":{"line":98,"column":50}}]},"5":{"line":98,"type":"if","locations":[{"start":{"line":98,"column":77},"end":{"line":98,"column":77}},{"start":{"line":98,"column":77},"end":{"line":98,"column":77}}]},"6":{"line":99,"type":"if","locations":[{"start":{"line":99,"column":8},"end":{"line":99,"column":8}},{"start":{"line":99,"column":8},"end":{"line":99,"column":8}}]},"7":{"line":119,"type":"if","locations":[{"start":{"line":119,"column":47},"end":{"line":119,"column":47}},{"start":{"line":119,"column":47},"end":{"line":119,"column":47}}]},"8":{"line":120,"type":"if","locations":[{"start":{"line":120,"column":8},"end":{"line":120,"column":8}},{"start":{"line":120,"column":8},"end":{"line":120,"column":8}}]},"9":{"line":121,"type":"if","locations":[{"start":{"line":121,"column":8},"end":{"line":121,"column":8}},{"start":{"line":121,"column":8},"end":{"line":121,"column":8}}]},"10":{"line":124,"type":"if","locations":[{"start":{"line":124,"column":8},"end":{"line":124,"column":8}},{"start":{"line":124,"column":8},"end":{"line":124,"column":8}}]},"11":{"line":137,"type":"if","locations":[{"start":{"line":137,"column":73},"end":{"line":137,"column":73}},{"start":{"line":137,"column":73},"end":{"line":137,"column":73}}]},"12":{"line":137,"type":"if","locations":[{"start":{"line":137,"column":102},"end":{"line":137,"column":102}},{"start":{"line":137,"column":102},"end":{"line":137,"column":102}}]},"13":{"line":138,"type":"if","locations":[{"start":{"line":138,"column":8},"end":{"line":138,"column":8}},{"start":{"line":138,"column":8},"end":{"line":138,"column":8}}]},"14":{"line":139,"type":"if","locations":[{"start":{"line":139,"column":8},"end":{"line":139,"column":8}},{"start":{"line":139,"column":8},"end":{"line":139,"column":8}}]},"15":{"line":140,"type":"if","locations":[{"start":{"line":140,"column":8},"end":{"line":140,"column":8}},{"start":{"line":140,"column":8},"end":{"line":140,"column":8}}]},"16":{"line":154,"type":"if","locations":[{"start":{"line":154,"column":76},"end":{"line":154,"column":76}},{"start":{"line":154,"column":76},"end":{"line":154,"column":76}}]},"17":{"line":155,"type":"if","locations":[{"start":{"line":155,"column":8},"end":{"line":155,"column":8}},{"start":{"line":155,"column":8},"end":{"line":155,"column":8}}]},"18":{"line":156,"type":"if","locations":[{"start":{"line":156,"column":8},"end":{"line":156,"column":8}},{"start":{"line":156,"column":8},"end":{"line":156,"column":8}}]},"19":{"line":169,"type":"if","locations":[{"start":{"line":169,"column":8},"end":{"line":169,"column":8}},{"start":{"line":169,"column":8},"end":{"line":169,"column":8}}]},"20":{"line":176,"type":"if","locations":[{"start":{"line":176,"column":8},"end":{"line":176,"column":8}},{"start":{"line":176,"column":8},"end":{"line":176,"column":8}}]}}},"contracts/infrastructure/TreasuryManager.sol":{"l":{"65":49,"66":48,"68":47,"69":47,"78":37,"80":36,"82":36,"83":36,"85":36,"87":36,"88":36,"89":36,"91":36,"93":36,"106":23,"107":22,"108":21,"110":20,"111":20,"114":20,"115":20,"118":19,"119":19,"123":18,"125":18,"126":18,"128":18,"141":8,"142":7,"143":6,"144":5,"146":4,"147":4,"149":4,"156":38,"157":37,"162":9,"163":8,"164":8,"169":1},"path":"/opt/missionchain/deploy/packages/contracts/contracts/infrastructure/TreasuryManager.sol","s":{"1":49,"2":48,"3":47,"4":37,"5":36,"6":36,"7":36,"8":36,"9":36,"10":23,"11":22,"12":21,"13":20,"14":20,"15":20,"16":20,"17":19,"18":19,"19":18,"20":18,"21":8,"22":7,"23":6,"24":5,"25":4,"26":4,"27":38,"28":37,"29":9,"30":8,"31":8,"32":1},"b":{"1":[48,1],"2":[47,1],"3":[37,2],"4":[37,0],"5":[36,1],"6":[23,1],"7":[23,0],"8":[22,1],"9":[21,1],"10":[20,1],"11":[20,0],"12":[19,1],"13":[18,1],"14":[8,2],"15":[8,0],"16":[7,1],"17":[6,1],"18":[5,1],"19":[4,1],"20":[37,1],"21":[8,1]},"f":{"1":49,"2":37,"3":23,"4":8,"5":38,"6":9,"7":1},"fnMap":{"1":{"name":"constructor","line":64,"loc":{"start":{"line":64,"column":4},"end":{"line":70,"column":4}}},"2":{"name":"receiveUSDT","line":77,"loc":{"start":{"line":77,"column":4},"end":{"line":94,"column":4}}},"3":{"name":"transfer","line":105,"loc":{"start":{"line":101,"column":4},"end":{"line":129,"column":4}}},"4":{"name":"emergencyWithdraw","line":140,"loc":{"start":{"line":136,"column":4},"end":{"line":150,"column":4}}},"5":{"name":"getSubPoolBalance","line":155,"loc":{"start":{"line":155,"column":4},"end":{"line":158,"column":4}}},"6":{"name":"getCurrentPeriodTransfers","line":161,"loc":{"start":{"line":161,"column":4},"end":{"line":165,"column":4}}},"7":{"name":"getContractBalance","line":168,"loc":{"start":{"line":168,"column":4},"end":{"line":170,"column":4}}}},"statementMap":{"1":{"start":{"line":65,"column":8},"end":{"line":65,"column":66}},"2":{"start":{"line":66,"column":8},"end":{"line":66,"column":67}},"3":{"start":{"line":69,"column":8},"end":{"line":69,"column":45}},"4":{"start":{"line":78,"column":8},"end":{"line":78,"column":58}},"5":{"start":{"line":80,"column":8},"end":{"line":80,"column":63}},"6":{"start":{"line":82,"column":8},"end":{"line":82,"column":61}},"7":{"start":{"line":83,"column":8},"end":{"line":83,"column":61}},"8":{"start":{"line":85,"column":8},"end":{"line":85,"column":57}},"9":{"start":{"line":93,"column":8},"end":{"line":93,"column":64}},"10":{"start":{"line":106,"column":8},"end":{"line":106,"column":73}},"11":{"start":{"line":107,"column":8},"end":{"line":107,"column":75}},"12":{"start":{"line":108,"column":8},"end":{"line":108,"column":72}},"13":{"start":{"line":110,"column":8},"end":{"line":110,"column":49}},"14":{"start":{"line":111,"column":8},"end":{"line":111,"column":58}},"15":{"start":{"line":114,"column":8},"end":{"line":114,"column":64}},"16":{"start":{"line":115,"column":8},"end":{"line":115,"column":72}},"17":{"start":{"line":118,"column":8},"end":{"line":118,"column":63}},"18":{"start":{"line":119,"column":8},"end":{"line":119,"column":5218}},"19":{"start":{"line":126,"column":8},"end":{"line":126,"column":36}},"20":{"start":{"line":128,"column":8},"end":{"line":128,"column":42}},"21":{"start":{"line":141,"column":8},"end":{"line":141,"column":73}},"22":{"start":{"line":142,"column":8},"end":{"line":142,"column":75}},"23":{"start":{"line":143,"column":8},"end":{"line":143,"column":72}},"24":{"start":{"line":144,"column":8},"end":{"line":144,"column":90}},"25":{"start":{"line":147,"column":8},"end":{"line":147,"column":36}},"26":{"start":{"line":149,"column":8},"end":{"line":149,"column":51}},"27":{"start":{"line":156,"column":8},"end":{"line":156,"column":73}},"28":{"start":{"line":157,"column":8},"end":{"line":157,"column":38}},"29":{"start":{"line":162,"column":8},"end":{"line":162,"column":73}},"30":{"start":{"line":163,"column":8},"end":{"line":163,"column":63}},"31":{"start":{"line":164,"column":8},"end":{"line":164,"column":56}},"32":{"start":{"line":169,"column":8},"end":{"line":169,"column":44}}},"branchMap":{"1":{"line":65,"type":"if","locations":[{"start":{"line":65,"column":8},"end":{"line":65,"column":8}},{"start":{"line":65,"column":8},"end":{"line":65,"column":8}}]},"2":{"line":66,"type":"if","locations":[{"start":{"line":66,"column":8},"end":{"line":66,"column":8}},{"start":{"line":66,"column":8},"end":{"line":66,"column":8}}]},"3":{"line":77,"type":"if","locations":[{"start":{"line":77,"column":50},"end":{"line":77,"column":50}},{"start":{"line":77,"column":50},"end":{"line":77,"column":50}}]},"4":{"line":77,"type":"if","locations":[{"start":{"line":77,"column":77},"end":{"line":77,"column":77}},{"start":{"line":77,"column":77},"end":{"line":77,"column":77}}]},"5":{"line":78,"type":"if","locations":[{"start":{"line":78,"column":8},"end":{"line":78,"column":8}},{"start":{"line":78,"column":8},"end":{"line":78,"column":8}}]},"6":{"line":105,"type":"if","locations":[{"start":{"line":105,"column":15},"end":{"line":105,"column":15}},{"start":{"line":105,"column":15},"end":{"line":105,"column":15}}]},"7":{"line":105,"type":"if","locations":[{"start":{"line":105,"column":44},"end":{"line":105,"column":44}},{"start":{"line":105,"column":44},"end":{"line":105,"column":44}}]},"8":{"line":106,"type":"if","locations":[{"start":{"line":106,"column":8},"end":{"line":106,"column":8}},{"start":{"line":106,"column":8},"end":{"line":106,"column":8}}]},"9":{"line":107,"type":"if","locations":[{"start":{"line":107,"column":8},"end":{"line":107,"column":8}},{"start":{"line":107,"column":8},"end":{"line":107,"column":8}}]},"10":{"line":108,"type":"if","locations":[{"start":{"line":108,"column":8},"end":{"line":108,"column":8}},{"start":{"line":108,"column":8},"end":{"line":108,"column":8}}]},"11":{"line":111,"type":"if","locations":[{"start":{"line":111,"column":8},"end":{"line":111,"column":8}},{"start":{"line":111,"column":8},"end":{"line":111,"column":8}}]},"12":{"line":115,"type":"if","locations":[{"start":{"line":115,"column":8},"end":{"line":115,"column":8}},{"start":{"line":115,"column":8},"end":{"line":115,"column":8}}]},"13":{"line":119,"type":"if","locations":[{"start":{"line":119,"column":8},"end":{"line":119,"column":8}},{"start":{"line":119,"column":8},"end":{"line":119,"column":8}}]},"14":{"line":140,"type":"if","locations":[{"start":{"line":140,"column":15},"end":{"line":140,"column":15}},{"start":{"line":140,"column":15},"end":{"line":140,"column":15}}]},"15":{"line":140,"type":"if","locations":[{"start":{"line":140,"column":34},"end":{"line":140,"column":34}},{"start":{"line":140,"column":34},"end":{"line":140,"column":34}}]},"16":{"line":141,"type":"if","locations":[{"start":{"line":141,"column":8},"end":{"line":141,"column":8}},{"start":{"line":141,"column":8},"end":{"line":141,"column":8}}]},"17":{"line":142,"type":"if","locations":[{"start":{"line":142,"column":8},"end":{"line":142,"column":8}},{"start":{"line":142,"column":8},"end":{"line":142,"column":8}}]},"18":{"line":143,"type":"if","locations":[{"start":{"line":143,"column":8},"end":{"line":143,"column":8}},{"start":{"line":143,"column":8},"end":{"line":143,"column":8}}]},"19":{"line":144,"type":"if","locations":[{"start":{"line":144,"column":8},"end":{"line":144,"column":8}},{"start":{"line":144,"column":8},"end":{"line":144,"column":8}}]},"20":{"line":156,"type":"if","locations":[{"start":{"line":156,"column":8},"end":{"line":156,"column":8}},{"start":{"line":156,"column":8},"end":{"line":156,"column":8}}]},"21":{"line":162,"type":"if","locations":[{"start":{"line":162,"column":8},"end":{"line":162,"column":8}},{"start":{"line":162,"column":8},"end":{"line":162,"column":8}}]}}},"contracts/interfaces/ILockManager.sol":{"l":{},"path":"/opt/missionchain/deploy/packages/contracts/contracts/interfaces/ILockManager.sol","s":{},"b":{},"f":{},"fnMap":{},"statementMap":{},"branchMap":{}},"contracts/marketplace/P2PEscrowMFP.sol":{"l":{"96":0,"97":0,"98":0,"99":0,"100":0,"101":0,"102":0,"109":0,"118":0,"123":0,"124":0,"129":0,"144":0,"145":0,"146":0,"150":0,"154":0,"155":0,"161":0,"162":0,"173":0,"174":0,"175":0,"183":0,"184":0,"185":0,"186":0,"187":0,"190":0,"192":0,"195":0,"198":0,"199":0,"202":0,"203":0,"204":0,"205":0,"208":0,"209":0,"210":0,"212":0,"214":0,"215":0,"216":0,"219":0,"220":0,"228":0,"229":0,"230":0,"232":0,"233":0,"234":0,"235":0,"238":0,"239":0,"240":0,"243":0,"245":0,"253":0,"254":0,"255":0,"257":0,"258":0,"259":0,"261":0,"263":0,"272":0,"273":0,"274":0,"280":0,"282":0,"283":0,"285":0,"286":0,"292":0,"293":0,"294":0,"300":0,"301":0,"311":0,"312":0,"313":0,"314":0,"316":0,"317":0,"318":0,"320":0,"322":0},"path":"/opt/missionchain/deploy/packages/contracts/contracts/marketplace/P2PEscrowMFP.sol","s":{"1":0,"2":0,"3":0,"4":0,"5":0,"6":0,"7":0,"8":0,"9":0,"10":0,"11":0,"12":0,"13":0,"14":0,"15":0,"16":0,"17":0,"18":0,"19":0,"20":0,"21":0,"22":0,"23":0,"24":0,"25":0,"26":0,"27":0,"28":0,"29":0,"30":0,"31":0,"32":0,"33":0,"34":0,"35":0,"36":0,"37":0,"38":0,"39":0,"40":0,"41":0,"42":0,"43":0,"44":0,"45":0,"46":0,"47":0,"48":0,"49":0,"50":0,"51":0,"52":0,"53":0,"54":0,"55":0,"56":0,"57":0,"58":0,"59":0,"60":0,"61":0,"62":0,"63":0,"64":0,"65":0},"b":{"1":[0,0],"2":[0,0],"3":[0,0],"4":[0,0],"5":[0,0],"6":[0,0],"7":[0,0],"8":[0,0],"9":[0,0],"10":[0,0],"11":[0,0],"12":[0,0],"13":[0,0],"14":[0,0],"15":[0,0],"16":[0,0],"17":[0,0],"18":[0,0],"19":[0,0],"20":[0,0],"21":[0,0],"22":[0,0],"23":[0,0],"24":[0,0],"25":[0,0],"26":[0,0],"27":[0,0],"28":[0,0],"29":[0,0],"30":[0,0],"31":[0,0],"32":[0,0],"33":[0,0],"34":[0,0],"35":[0,0],"36":[0,0],"37":[0,0],"38":[0,0],"39":[0,0],"40":[0,0]},"f":{"1":0,"2":0,"3":0,"4":0,"5":0,"6":0,"7":0,"8":0,"9":0,"10":0,"11":0,"12":0,"13":0,"14":0},"fnMap":{"1":{"name":"constructor","line":95,"loc":{"start":{"line":95,"column":4},"end":{"line":103,"column":4}}},"2":{"name":"onERC721Received","line":106,"loc":{"start":{"line":106,"column":4},"end":{"line":110,"column":4}}},"3":{"name":"activeOrderForToken","line":117,"loc":{"start":{"line":117,"column":4},"end":{"line":119,"column":4}}},"4":{"name":"isExpired","line":122,"loc":{"start":{"line":122,"column":4},"end":{"line":125,"column":4}}},"5":{"name":"getOrder","line":128,"loc":{"start":{"line":128,"column":4},"end":{"line":130,"column":4}}},"6":{"name":"createOrder","line":142,"loc":{"start":{"line":141,"column":4},"end":{"line":176,"column":4}}},"7":{"name":"matchOrder","line":182,"loc":{"start":{"line":182,"column":4},"end":{"line":221,"column":4}}},"8":{"name":"cancelOrder","line":227,"loc":{"start":{"line":227,"column":4},"end":{"line":246,"column":4}}},"9":{"name":"expireOrder","line":252,"loc":{"start":{"line":252,"column":4},"end":{"line":264,"column":4}}},"10":{"name":"setFee","line":271,"loc":{"start":{"line":271,"column":4},"end":{"line":275,"column":4}}},"11":{"name":"setFeeRecipient","line":279,"loc":{"start":{"line":279,"column":4},"end":{"line":287,"column":4}}},"12":{"name":"setCancellationFee","line":291,"loc":{"start":{"line":291,"column":4},"end":{"line":295,"column":4}}},"13":{"name":"pauseTrading","line":299,"loc":{"start":{"line":299,"column":4},"end":{"line":302,"column":4}}},"14":{"name":"emergencyRecoverNFT","line":309,"loc":{"start":{"line":308,"column":4},"end":{"line":323,"column":4}}}},"statementMap":{"1":{"start":{"line":96,"column":8},"end":{"line":96,"column":76}},"2":{"start":{"line":97,"column":8},"end":{"line":97,"column":66}},"3":{"start":{"line":98,"column":8},"end":{"line":98,"column":55}},"4":{"start":{"line":102,"column":8},"end":{"line":102,"column":45}},"5":{"start":{"line":109,"column":8},"end":{"line":109,"column":56}},"6":{"start":{"line":118,"column":8},"end":{"line":118,"column":42}},"7":{"start":{"line":123,"column":8},"end":{"line":123,"column":35}},"8":{"start":{"line":124,"column":8},"end":{"line":124,"column":74}},"9":{"start":{"line":129,"column":8},"end":{"line":129,"column":25}},"10":{"start":{"line":144,"column":8},"end":{"line":144,"column":38}},"11":{"start":{"line":145,"column":8},"end":{"line":145,"column":77}},"12":{"start":{"line":146,"column":8},"end":{"line":146,"column":5736}},"13":{"start":{"line":150,"column":8},"end":{"line":150,"column":5875}},"14":{"start":{"line":154,"column":8},"end":{"line":154,"column":72}},"15":{"start":{"line":155,"column":8},"end":{"line":155,"column":6106}},"16":{"start":{"line":174,"column":8},"end":{"line":174,"column":63}},"17":{"start":{"line":175,"column":8},"end":{"line":175,"column":83}},"18":{"start":{"line":183,"column":8},"end":{"line":183,"column":38}},"19":{"start":{"line":184,"column":8},"end":{"line":184,"column":36}},"20":{"start":{"line":185,"column":8},"end":{"line":185,"column":62}},"21":{"start":{"line":186,"column":8},"end":{"line":186,"column":62}},"22":{"start":{"line":187,"column":8},"end":{"line":187,"column":69}},"23":{"start":{"line":190,"column":8},"end":{"line":190,"column":7635}},"24":{"start":{"line":192,"column":8},"end":{"line":192,"column":101}},"25":{"start":{"line":195,"column":8},"end":{"line":195,"column":58}},"26":{"start":{"line":198,"column":8},"end":{"line":198,"column":89}},"27":{"start":{"line":199,"column":8},"end":{"line":199,"column":67}},"28":{"start":{"line":208,"column":8},"end":{"line":208,"column":61}},"29":{"start":{"line":209,"column":8},"end":{"line":209,"column":8493}},"30":{"start":{"line":210,"column":12},"end":{"line":210,"column":76}},"31":{"start":{"line":212,"column":8},"end":{"line":212,"column":8648}},"32":{"start":{"line":214,"column":12},"end":{"line":214,"column":70}},"33":{"start":{"line":215,"column":12},"end":{"line":215,"column":53}},"34":{"start":{"line":216,"column":12},"end":{"line":216,"column":64}},"35":{"start":{"line":219,"column":8},"end":{"line":219,"column":65}},"36":{"start":{"line":220,"column":8},"end":{"line":220,"column":92}},"37":{"start":{"line":228,"column":8},"end":{"line":228,"column":36}},"38":{"start":{"line":229,"column":8},"end":{"line":229,"column":62}},"39":{"start":{"line":230,"column":8},"end":{"line":230,"column":57}},"40":{"start":{"line":232,"column":8},"end":{"line":232,"column":9691}},"41":{"start":{"line":233,"column":12},"end":{"line":233,"column":80}},"42":{"start":{"line":234,"column":12},"end":{"line":234,"column":63}},"43":{"start":{"line":235,"column":12},"end":{"line":235,"column":74}},"44":{"start":{"line":243,"column":8},"end":{"line":243,"column":59}},"45":{"start":{"line":245,"column":8},"end":{"line":245,"column":64}},"46":{"start":{"line":253,"column":8},"end":{"line":253,"column":36}},"47":{"start":{"line":254,"column":8},"end":{"line":254,"column":62}},"48":{"start":{"line":255,"column":8},"end":{"line":255,"column":69}},"49":{"start":{"line":261,"column":8},"end":{"line":261,"column":59}},"50":{"start":{"line":263,"column":8},"end":{"line":263,"column":41}},"51":{"start":{"line":272,"column":8},"end":{"line":272,"column":88}},"52":{"start":{"line":273,"column":8},"end":{"line":273,"column":39}},"53":{"start":{"line":280,"column":8},"end":{"line":280,"column":65}},"54":{"start":{"line":282,"column":8},"end":{"line":282,"column":12006}},"55":{"start":{"line":283,"column":12},"end":{"line":283,"column":45}},"56":{"start":{"line":285,"column":8},"end":{"line":285,"column":60}},"57":{"start":{"line":292,"column":8},"end":{"line":292,"column":91}},"58":{"start":{"line":293,"column":8},"end":{"line":293,"column":65}},"59":{"start":{"line":301,"column":8},"end":{"line":301,"column":28}},"60":{"start":{"line":311,"column":8},"end":{"line":311,"column":47}},"61":{"start":{"line":312,"column":8},"end":{"line":312,"column":41}},"62":{"start":{"line":313,"column":8},"end":{"line":313,"column":62}},"63":{"start":{"line":314,"column":8},"end":{"line":314,"column":48}},"64":{"start":{"line":320,"column":8},"end":{"line":320,"column":53}},"65":{"start":{"line":322,"column":8},"end":{"line":322,"column":44}}},"branchMap":{"1":{"line":96,"type":"if","locations":[{"start":{"line":96,"column":8},"end":{"line":96,"column":8}},{"start":{"line":96,"column":8},"end":{"line":96,"column":8}}]},"2":{"line":97,"type":"if","locations":[{"start":{"line":97,"column":8},"end":{"line":97,"column":8}},{"start":{"line":97,"column":8},"end":{"line":97,"column":8}}]},"3":{"line":98,"type":"if","locations":[{"start":{"line":98,"column":8},"end":{"line":98,"column":8}},{"start":{"line":98,"column":8},"end":{"line":98,"column":8}}]},"4":{"line":142,"type":"if","locations":[{"start":{"line":142,"column":17},"end":{"line":142,"column":17}},{"start":{"line":142,"column":17},"end":{"line":142,"column":17}}]},"5":{"line":144,"type":"if","locations":[{"start":{"line":144,"column":8},"end":{"line":144,"column":8}},{"start":{"line":144,"column":8},"end":{"line":144,"column":8}}]},"6":{"line":145,"type":"if","locations":[{"start":{"line":145,"column":8},"end":{"line":145,"column":8}},{"start":{"line":145,"column":8},"end":{"line":145,"column":8}}]},"7":{"line":146,"type":"if","locations":[{"start":{"line":146,"column":8},"end":{"line":146,"column":8}},{"start":{"line":146,"column":8},"end":{"line":146,"column":8}}]},"8":{"line":150,"type":"if","locations":[{"start":{"line":150,"column":8},"end":{"line":150,"column":8}},{"start":{"line":150,"column":8},"end":{"line":150,"column":8}}]},"9":{"line":154,"type":"if","locations":[{"start":{"line":154,"column":8},"end":{"line":154,"column":8}},{"start":{"line":154,"column":8},"end":{"line":154,"column":8}}]},"10":{"line":155,"type":"if","locations":[{"start":{"line":155,"column":8},"end":{"line":155,"column":8}},{"start":{"line":155,"column":8},"end":{"line":155,"column":8}}]},"11":{"line":156,"type":"cond-expr","locations":[{"start":{"line":156,"column":12},"end":{"line":156,"column":58}},{"start":{"line":157,"column":16},"end":{"line":157,"column":56}}]},"12":{"line":182,"type":"if","locations":[{"start":{"line":182,"column":45},"end":{"line":182,"column":45}},{"start":{"line":182,"column":45},"end":{"line":182,"column":45}}]},"13":{"line":183,"type":"if","locations":[{"start":{"line":183,"column":8},"end":{"line":183,"column":8}},{"start":{"line":183,"column":8},"end":{"line":183,"column":8}}]},"14":{"line":185,"type":"if","locations":[{"start":{"line":185,"column":8},"end":{"line":185,"column":8}},{"start":{"line":185,"column":8},"end":{"line":185,"column":8}}]},"15":{"line":186,"type":"if","locations":[{"start":{"line":186,"column":8},"end":{"line":186,"column":8}},{"start":{"line":186,"column":8},"end":{"line":186,"column":8}}]},"16":{"line":187,"type":"if","locations":[{"start":{"line":187,"column":8},"end":{"line":187,"column":8}},{"start":{"line":187,"column":8},"end":{"line":187,"column":8}}]},"17":{"line":192,"type":"if","locations":[{"start":{"line":192,"column":8},"end":{"line":192,"column":8}},{"start":{"line":192,"column":8},"end":{"line":192,"column":8}}]},"18":{"line":198,"type":"if","locations":[{"start":{"line":198,"column":8},"end":{"line":198,"column":8}},{"start":{"line":198,"column":8},"end":{"line":198,"column":8}}]},"19":{"line":209,"type":"if","locations":[{"start":{"line":209,"column":8},"end":{"line":209,"column":8}},{"start":{"line":209,"column":8},"end":{"line":209,"column":8}}]},"20":{"line":212,"type":"if","locations":[{"start":{"line":212,"column":8},"end":{"line":212,"column":8}},{"start":{"line":212,"column":8},"end":{"line":212,"column":8}}]},"21":{"line":227,"type":"if","locations":[{"start":{"line":227,"column":46},"end":{"line":227,"column":46}},{"start":{"line":227,"column":46},"end":{"line":227,"column":46}}]},"22":{"line":229,"type":"if","locations":[{"start":{"line":229,"column":8},"end":{"line":229,"column":8}},{"start":{"line":229,"column":8},"end":{"line":229,"column":8}}]},"23":{"line":230,"type":"if","locations":[{"start":{"line":230,"column":8},"end":{"line":230,"column":8}},{"start":{"line":230,"column":8},"end":{"line":230,"column":8}}]},"24":{"line":232,"type":"if","locations":[{"start":{"line":232,"column":8},"end":{"line":232,"column":8}},{"start":{"line":232,"column":8},"end":{"line":232,"column":8}}]},"25":{"line":252,"type":"if","locations":[{"start":{"line":252,"column":46},"end":{"line":252,"column":46}},{"start":{"line":252,"column":46},"end":{"line":252,"column":46}}]},"26":{"line":254,"type":"if","locations":[{"start":{"line":254,"column":8},"end":{"line":254,"column":8}},{"start":{"line":254,"column":8},"end":{"line":254,"column":8}}]},"27":{"line":255,"type":"if","locations":[{"start":{"line":255,"column":8},"end":{"line":255,"column":8}},{"start":{"line":255,"column":8},"end":{"line":255,"column":8}}]},"28":{"line":271,"type":"if","locations":[{"start":{"line":271,"column":44},"end":{"line":271,"column":44}},{"start":{"line":271,"column":44},"end":{"line":271,"column":44}}]},"29":{"line":272,"type":"if","locations":[{"start":{"line":272,"column":8},"end":{"line":272,"column":8}},{"start":{"line":272,"column":8},"end":{"line":272,"column":8}}]},"30":{"line":279,"type":"if","locations":[{"start":{"line":279,"column":60},"end":{"line":279,"column":60}},{"start":{"line":279,"column":60},"end":{"line":279,"column":60}}]},"31":{"line":280,"type":"if","locations":[{"start":{"line":280,"column":8},"end":{"line":280,"column":8}},{"start":{"line":280,"column":8},"end":{"line":280,"column":8}}]},"32":{"line":282,"type":"if","locations":[{"start":{"line":282,"column":8},"end":{"line":282,"column":8}},{"start":{"line":282,"column":8},"end":{"line":282,"column":8}}]},"33":{"line":291,"type":"if","locations":[{"start":{"line":291,"column":58},"end":{"line":291,"column":58}},{"start":{"line":291,"column":58},"end":{"line":291,"column":58}}]},"34":{"line":292,"type":"if","locations":[{"start":{"line":292,"column":8},"end":{"line":292,"column":8}},{"start":{"line":292,"column":8},"end":{"line":292,"column":8}}]},"35":{"line":299,"type":"if","locations":[{"start":{"line":299,"column":49},"end":{"line":299,"column":49}},{"start":{"line":299,"column":49},"end":{"line":299,"column":49}}]},"36":{"line":309,"type":"if","locations":[{"start":{"line":309,"column":17},"end":{"line":309,"column":17}},{"start":{"line":309,"column":17},"end":{"line":309,"column":17}}]},"37":{"line":309,"type":"if","locations":[{"start":{"line":309,"column":46},"end":{"line":309,"column":46}},{"start":{"line":309,"column":46},"end":{"line":309,"column":46}}]},"38":{"line":311,"type":"if","locations":[{"start":{"line":311,"column":8},"end":{"line":311,"column":8}},{"start":{"line":311,"column":8},"end":{"line":311,"column":8}}]},"39":{"line":313,"type":"if","locations":[{"start":{"line":313,"column":8},"end":{"line":313,"column":8}},{"start":{"line":313,"column":8},"end":{"line":313,"column":8}}]},"40":{"line":314,"type":"if","locations":[{"start":{"line":314,"column":8},"end":{"line":314,"column":8}},{"start":{"line":314,"column":8},"end":{"line":314,"column":8}}]}}},"contracts/mining/EmissionController.sol":{"l":{"82":50,"83":50,"84":50,"85":50,"86":50,"87":50,"88":50,"90":50,"91":50,"92":50,"94":50,"95":50,"101":30,"103":30,"104":30,"106":30,"109":29,"113":29,"114":29,"120":28,"123":28,"129":29,"131":28,"132":28,"133":27,"134":24,"140":30,"141":30,"142":30,"143":9,"150":14,"151":14,"152":14,"153":5,"155":5,"156":5,"161":25,"162":25,"164":23,"165":23,"166":23,"167":23,"170":23,"173":23,"174":23,"177":23,"178":23,"180":23,"185":17,"186":16,"188":15,"189":15,"190":1,"191":1,"194":14,"195":14,"199":14,"200":14,"203":14,"204":14,"205":14,"206":14,"209":14,"210":14,"211":14,"212":14,"214":14,"215":14,"221":6,"222":6,"226":4,"227":4,"233":2,"234":1,"238":0,"239":0,"243":0,"244":0,"248":0,"249":0,"264":5,"267":4,"272":3,"277":3,"282":3,"287":3,"288":3,"289":3,"290":3,"292":3},"path":"/opt/missionchain/deploy/packages/contracts/contracts/mining/EmissionController.sol","s":{"1":50,"2":50,"3":50,"4":30,"5":30,"6":30,"7":30,"8":1,"9":29,"10":29,"11":29,"12":28,"13":28,"14":29,"15":1,"16":28,"17":28,"18":1,"19":27,"20":3,"21":24,"22":30,"23":30,"24":30,"25":21,"26":9,"27":14,"28":14,"29":14,"30":9,"31":5,"32":5,"33":5,"34":25,"35":25,"36":2,"37":23,"38":23,"39":23,"40":23,"41":23,"42":23,"43":23,"44":23,"45":23,"46":23,"47":17,"48":16,"49":15,"50":15,"51":1,"52":14,"53":14,"54":14,"55":14,"56":14,"57":14,"58":14,"59":14,"60":14,"61":14,"62":14,"63":14,"64":14,"65":14,"66":14,"67":14,"68":6,"69":4,"70":2,"71":0,"72":0,"73":0,"74":5,"75":4,"76":3,"77":3,"78":3,"79":3},"b":{"1":[50,0],"2":[1,29],"3":[1,28],"4":[1,27],"5":[3,24],"6":[21,9],"7":[9,5],"8":[2,23],"9":[2,21],"10":[1,22],"11":[17,0],"12":[16,1],"13":[15,1],"14":[1,14],"15":[14,0],"16":[14,0],"17":[14,0],"18":[14,0],"19":[6,1],"20":[4,0],"21":[2,1],"22":[1,1],"23":[0,0],"24":[0,0],"25":[0,0],"26":[0,0],"27":[0,0],"28":[0,0],"29":[5,0],"30":[4,1],"31":[3,1],"32":[4,0],"33":[3,0],"34":[3,0],"35":[3,0],"36":[0,3],"37":[3,0]},"f":{"1":50,"2":30,"3":28,"4":29,"5":30,"6":14,"7":25,"8":17,"9":6,"10":4,"11":2,"12":0,"13":0,"14":0,"15":5},"fnMap":{"1":{"name":"constructor","line":73,"loc":{"start":{"line":73,"column":4},"end":{"line":96,"column":4}}},"2":{"name":"eBase","line":100,"loc":{"start":{"line":100,"column":4},"end":{"line":115,"column":4}}},"3":{"name":"demandFactor","line":119,"loc":{"start":{"line":119,"column":4},"end":{"line":124,"column":4}}},"4":{"name":"roiFactor","line":128,"loc":{"start":{"line":128,"column":4},"end":{"line":135,"column":4}}},"5":{"name":"warmUpFactor","line":139,"loc":{"start":{"line":139,"column":4},"end":{"line":144,"column":4}}},"6":{"name":"_currentMinerBps","line":149,"loc":{"start":{"line":149,"column":4},"end":{"line":157,"column":4}}},"7":{"name":"dailyEmission","line":160,"loc":{"start":{"line":160,"column":4},"end":{"line":181,"column":4}}},"8":{"name":"distributeDaily","line":184,"loc":{"start":{"line":184,"column":4},"end":{"line":216,"column":4}}},"9":{"name":"setROI","line":220,"loc":{"start":{"line":220,"column":4},"end":{"line":223,"column":4}}},"10":{"name":"setPriceFloorBreached","line":225,"loc":{"start":{"line":225,"column":4},"end":{"line":228,"column":4}}},"11":{"name":"setMiningPool","line":232,"loc":{"start":{"line":232,"column":4},"end":{"line":235,"column":4}}},"12":{"name":"setStakingPool","line":237,"loc":{"start":{"line":237,"column":4},"end":{"line":240,"column":4}}},"13":{"name":"setDaoTreasury","line":242,"loc":{"start":{"line":242,"column":4},"end":{"line":245,"column":4}}},"14":{"name":"setCommunityNFTPool","line":247,"loc":{"start":{"line":247,"column":4},"end":{"line":250,"column":4}}},"15":{"name":"setSplitRatios","line":262,"loc":{"start":{"line":257,"column":4},"end":{"line":293,"column":4}}}},"statementMap":{"1":{"start":{"line":82,"column":8},"end":{"line":82,"column":89}},"2":{"start":{"line":94,"column":8},"end":{"line":94,"column":44}},"3":{"start":{"line":95,"column":8},"end":{"line":95,"column":37}},"4":{"start":{"line":101,"column":8},"end":{"line":101,"column":54}},"5":{"start":{"line":103,"column":8},"end":{"line":103,"column":46}},"6":{"start":{"line":104,"column":8},"end":{"line":104,"column":47}},"7":{"start":{"line":106,"column":8},"end":{"line":106,"column":36}},"8":{"start":{"line":106,"column":28},"end":{"line":106,"column":36}},"9":{"start":{"line":109,"column":8},"end":{"line":109,"column":37}},"10":{"start":{"line":113,"column":8},"end":{"line":113,"column":70}},"11":{"start":{"line":114,"column":8},"end":{"line":114,"column":37}},"12":{"start":{"line":120,"column":8},"end":{"line":120,"column":53}},"13":{"start":{"line":123,"column":8},"end":{"line":123,"column":48}},"14":{"start":{"line":129,"column":8},"end":{"line":129,"column":40}},"15":{"start":{"line":129,"column":29},"end":{"line":129,"column":40}},"16":{"start":{"line":131,"column":8},"end":{"line":131,"column":47}},"17":{"start":{"line":132,"column":8},"end":{"line":132,"column":33}},"18":{"start":{"line":132,"column":22},"end":{"line":132,"column":33}},"19":{"start":{"line":133,"column":8},"end":{"line":133,"column":33}},"20":{"start":{"line":133,"column":22},"end":{"line":133,"column":33}},"21":{"start":{"line":134,"column":8},"end":{"line":134,"column":16}},"22":{"start":{"line":140,"column":8},"end":{"line":140,"column":54}},"23":{"start":{"line":141,"column":8},"end":{"line":141,"column":36}},"24":{"start":{"line":142,"column":8},"end":{"line":142,"column":46}},"25":{"start":{"line":142,"column":35},"end":{"line":142,"column":46}},"26":{"start":{"line":143,"column":8},"end":{"line":143,"column":44}},"27":{"start":{"line":150,"column":8},"end":{"line":150,"column":54}},"28":{"start":{"line":151,"column":8},"end":{"line":151,"column":36}},"29":{"start":{"line":152,"column":8},"end":{"line":152,"column":51}},"30":{"start":{"line":152,"column":35},"end":{"line":152,"column":51}},"31":{"start":{"line":153,"column":8},"end":{"line":153,"column":46}},"32":{"start":{"line":155,"column":8},"end":{"line":155,"column":56}},"33":{"start":{"line":156,"column":8},"end":{"line":156,"column":32}},"34":{"start":{"line":161,"column":8},"end":{"line":161,"column":53}},"35":{"start":{"line":162,"column":8},"end":{"line":162,"column":33}},"36":{"start":{"line":162,"column":25},"end":{"line":162,"column":33}},"37":{"start":{"line":164,"column":8},"end":{"line":164,"column":30}},"38":{"start":{"line":165,"column":8},"end":{"line":165,"column":34}},"39":{"start":{"line":166,"column":8},"end":{"line":166,"column":31}},"40":{"start":{"line":167,"column":8},"end":{"line":167,"column":34}},"41":{"start":{"line":170,"column":8},"end":{"line":170,"column":68}},"42":{"start":{"line":173,"column":8},"end":{"line":173,"column":35}},"43":{"start":{"line":174,"column":8},"end":{"line":174,"column":52}},"44":{"start":{"line":177,"column":8},"end":{"line":177,"column":58}},"45":{"start":{"line":178,"column":8},"end":{"line":178,"column":54}},"46":{"start":{"line":180,"column":8},"end":{"line":180,"column":23}},"47":{"start":{"line":185,"column":8},"end":{"line":185,"column":77}},"48":{"start":{"line":186,"column":8},"end":{"line":186,"column":63}},"49":{"start":{"line":188,"column":8},"end":{"line":188,"column":42}},"50":{"start":{"line":189,"column":8},"end":{"line":189,"column":7294}},"51":{"start":{"line":191,"column":12},"end":{"line":191,"column":18}},"52":{"start":{"line":199,"column":8},"end":{"line":199,"column":51}},"53":{"start":{"line":200,"column":8},"end":{"line":200,"column":73}},"54":{"start":{"line":203,"column":8},"end":{"line":203,"column":69}},"55":{"start":{"line":204,"column":8},"end":{"line":204,"column":69}},"56":{"start":{"line":205,"column":8},"end":{"line":205,"column":69}},"57":{"start":{"line":206,"column":8},"end":{"line":206,"column":73}},"58":{"start":{"line":209,"column":8},"end":{"line":209,"column":77}},"59":{"start":{"line":209,"column":32},"end":{"line":209,"column":76}},"60":{"start":{"line":210,"column":8},"end":{"line":210,"column":79}},"61":{"start":{"line":210,"column":32},"end":{"line":210,"column":78}},"62":{"start":{"line":211,"column":8},"end":{"line":211,"column":75}},"63":{"start":{"line":211,"column":32},"end":{"line":211,"column":74}},"64":{"start":{"line":212,"column":8},"end":{"line":212,"column":89}},"65":{"start":{"line":212,"column":32},"end":{"line":212,"column":88}},"66":{"start":{"line":214,"column":8},"end":{"line":214,"column":61}},"67":{"start":{"line":215,"column":8},"end":{"line":215,"column":88}},"68":{"start":{"line":221,"column":8},"end":{"line":221,"column":43}},"69":{"start":{"line":227,"column":8},"end":{"line":227,"column":40}},"70":{"start":{"line":233,"column":8},"end":{"line":233,"column":55}},"71":{"start":{"line":238,"column":8},"end":{"line":238,"column":55}},"72":{"start":{"line":243,"column":8},"end":{"line":243,"column":54}},"73":{"start":{"line":248,"column":8},"end":{"line":248,"column":55}},"74":{"start":{"line":264,"column":8},"end":{"line":264,"column":89}},"75":{"start":{"line":267,"column":8},"end":{"line":267,"column":10303}},"76":{"start":{"line":272,"column":8},"end":{"line":272,"column":10523}},"77":{"start":{"line":277,"column":8},"end":{"line":277,"column":10749}},"78":{"start":{"line":282,"column":8},"end":{"line":282,"column":10951}},"79":{"start":{"line":292,"column":8},"end":{"line":292,"column":71}}},"branchMap":{"1":{"line":82,"type":"if","locations":[{"start":{"line":82,"column":8},"end":{"line":82,"column":8}},{"start":{"line":82,"column":8},"end":{"line":82,"column":8}}]},"2":{"line":106,"type":"if","locations":[{"start":{"line":106,"column":8},"end":{"line":106,"column":8}},{"start":{"line":106,"column":8},"end":{"line":106,"column":8}}]},"3":{"line":129,"type":"if","locations":[{"start":{"line":129,"column":8},"end":{"line":129,"column":8}},{"start":{"line":129,"column":8},"end":{"line":129,"column":8}}]},"4":{"line":132,"type":"if","locations":[{"start":{"line":132,"column":8},"end":{"line":132,"column":8}},{"start":{"line":132,"column":8},"end":{"line":132,"column":8}}]},"5":{"line":133,"type":"if","locations":[{"start":{"line":133,"column":8},"end":{"line":133,"column":8}},{"start":{"line":133,"column":8},"end":{"line":133,"column":8}}]},"6":{"line":142,"type":"if","locations":[{"start":{"line":142,"column":8},"end":{"line":142,"column":8}},{"start":{"line":142,"column":8},"end":{"line":142,"column":8}}]},"7":{"line":152,"type":"if","locations":[{"start":{"line":152,"column":8},"end":{"line":152,"column":8}},{"start":{"line":152,"column":8},"end":{"line":152,"column":8}}]},"8":{"line":162,"type":"if","locations":[{"start":{"line":162,"column":8},"end":{"line":162,"column":8}},{"start":{"line":162,"column":8},"end":{"line":162,"column":8}}]},"9":{"line":174,"type":"if","locations":[{"start":{"line":174,"column":8},"end":{"line":174,"column":8}},{"start":{"line":174,"column":8},"end":{"line":174,"column":8}}]},"10":{"line":178,"type":"if","locations":[{"start":{"line":178,"column":8},"end":{"line":178,"column":8}},{"start":{"line":178,"column":8},"end":{"line":178,"column":8}}]},"11":{"line":184,"type":"if","locations":[{"start":{"line":184,"column":40},"end":{"line":184,"column":40}},{"start":{"line":184,"column":40},"end":{"line":184,"column":40}}]},"12":{"line":185,"type":"if","locations":[{"start":{"line":185,"column":8},"end":{"line":185,"column":8}},{"start":{"line":185,"column":8},"end":{"line":185,"column":8}}]},"13":{"line":186,"type":"if","locations":[{"start":{"line":186,"column":8},"end":{"line":186,"column":8}},{"start":{"line":186,"column":8},"end":{"line":186,"column":8}}]},"14":{"line":189,"type":"if","locations":[{"start":{"line":189,"column":8},"end":{"line":189,"column":8}},{"start":{"line":189,"column":8},"end":{"line":189,"column":8}}]},"15":{"line":209,"type":"if","locations":[{"start":{"line":209,"column":8},"end":{"line":209,"column":8}},{"start":{"line":209,"column":8},"end":{"line":209,"column":8}}]},"16":{"line":210,"type":"if","locations":[{"start":{"line":210,"column":8},"end":{"line":210,"column":8}},{"start":{"line":210,"column":8},"end":{"line":210,"column":8}}]},"17":{"line":211,"type":"if","locations":[{"start":{"line":211,"column":8},"end":{"line":211,"column":8}},{"start":{"line":211,"column":8},"end":{"line":211,"column":8}}]},"18":{"line":212,"type":"if","locations":[{"start":{"line":212,"column":8},"end":{"line":212,"column":8}},{"start":{"line":212,"column":8},"end":{"line":212,"column":8}}]},"19":{"line":220,"type":"if","locations":[{"start":{"line":220,"column":45},"end":{"line":220,"column":45}},{"start":{"line":220,"column":45},"end":{"line":220,"column":45}}]},"20":{"line":225,"type":"if","locations":[{"start":{"line":225,"column":59},"end":{"line":225,"column":59}},{"start":{"line":225,"column":59},"end":{"line":225,"column":59}}]},"21":{"line":232,"type":"if","locations":[{"start":{"line":232,"column":51},"end":{"line":232,"column":51}},{"start":{"line":232,"column":51},"end":{"line":232,"column":51}}]},"22":{"line":233,"type":"if","locations":[{"start":{"line":233,"column":8},"end":{"line":233,"column":8}},{"start":{"line":233,"column":8},"end":{"line":233,"column":8}}]},"23":{"line":237,"type":"if","locations":[{"start":{"line":237,"column":52},"end":{"line":237,"column":52}},{"start":{"line":237,"column":52},"end":{"line":237,"column":52}}]},"24":{"line":238,"type":"if","locations":[{"start":{"line":238,"column":8},"end":{"line":238,"column":8}},{"start":{"line":238,"column":8},"end":{"line":238,"column":8}}]},"25":{"line":242,"type":"if","locations":[{"start":{"line":242,"column":51},"end":{"line":242,"column":51}},{"start":{"line":242,"column":51},"end":{"line":242,"column":51}}]},"26":{"line":243,"type":"if","locations":[{"start":{"line":243,"column":8},"end":{"line":243,"column":8}},{"start":{"line":243,"column":8},"end":{"line":243,"column":8}}]},"27":{"line":247,"type":"if","locations":[{"start":{"line":247,"column":57},"end":{"line":247,"column":57}},{"start":{"line":247,"column":57},"end":{"line":247,"column":57}}]},"28":{"line":248,"type":"if","locations":[{"start":{"line":248,"column":8},"end":{"line":248,"column":8}},{"start":{"line":248,"column":8},"end":{"line":248,"column":8}}]},"29":{"line":262,"type":"if","locations":[{"start":{"line":262,"column":15},"end":{"line":262,"column":15}},{"start":{"line":262,"column":15},"end":{"line":262,"column":15}}]},"30":{"line":264,"type":"if","locations":[{"start":{"line":264,"column":8},"end":{"line":264,"column":8}},{"start":{"line":264,"column":8},"end":{"line":264,"column":8}}]},"31":{"line":267,"type":"if","locations":[{"start":{"line":267,"column":8},"end":{"line":267,"column":8}},{"start":{"line":267,"column":8},"end":{"line":267,"column":8}}]},"32":{"line":268,"type":"if","locations":[{"start":{"line":268,"column":58},"end":{"line":268,"column":88}},{"start":{"line":268,"column":92},"end":{"line":268,"column":92}}]},"33":{"line":272,"type":"if","locations":[{"start":{"line":272,"column":8},"end":{"line":272,"column":8}},{"start":{"line":272,"column":8},"end":{"line":272,"column":8}}]},"34":{"line":273,"type":"if","locations":[{"start":{"line":273,"column":60},"end":{"line":273,"column":91}},{"start":{"line":273,"column":95},"end":{"line":273,"column":95}}]},"35":{"line":277,"type":"if","locations":[{"start":{"line":277,"column":8},"end":{"line":277,"column":8}},{"start":{"line":277,"column":8},"end":{"line":277,"column":8}}]},"36":{"line":278,"type":"if","locations":[{"start":{"line":278,"column":52},"end":{"line":278,"column":79}},{"start":{"line":278,"column":83},"end":{"line":278,"column":83}}]},"37":{"line":282,"type":"if","locations":[{"start":{"line":282,"column":8},"end":{"line":282,"column":8}},{"start":{"line":282,"column":8},"end":{"line":282,"column":8}}]}}},"contracts/mining/MiningPool.sol":{"l":{"43":67,"44":65,"45":65,"46":65,"51":61,"52":9,"54":60,"55":60,"65":46,"66":45,"67":44,"69":43,"70":43,"72":73,"73":73,"74":1,"76":73,"77":73,"80":43,"85":39,"86":38,"87":38,"90":37,"91":37,"93":37,"98":23,"99":23,"100":22,"102":20,"103":20,"105":18,"107":18,"108":18,"110":18,"112":18,"117":6,"118":6,"119":3,"120":3,"125":6},"path":"/opt/missionchain/deploy/packages/contracts/contracts/mining/MiningPool.sol","s":{"1":67,"2":65,"3":65,"4":61,"5":9,"6":60,"7":46,"8":45,"9":44,"10":43,"11":43,"12":73,"13":73,"14":43,"15":39,"16":38,"17":38,"18":37,"19":23,"20":23,"21":22,"22":20,"23":20,"24":18,"25":18,"26":18,"27":18,"28":6,"29":6,"30":3,"31":3,"32":3,"33":6},"b":{"1":[65,2],"2":[61,3],"3":[9,52],"4":[8,1],"5":[46,3],"6":[45,1],"7":[44,1],"8":[43,1],"9":[1,72],"10":[39,3],"11":[38,1],"12":[37,1],"13":[
[...]
ne":131,"column":4},"end":{"line":149,"column":4}}},"7":{"name":"claim","line":152,"loc":{"start":{"line":152,"column":4},"end":{"line":166,"column":4}}},"8":{"name":"memberCount","line":170,"loc":{"start":{"line":170,"column":4},"end":{"line":170,"column":88}}},"9":{"name":"memberAt","line":171,"loc":{"start":{"line":171,"column":4},"end":{"line":171,"column":90}}},"10":{"name":"currentWeekIdx","line":172,"loc":{"start":{"line":172,"column":4},"end":{"line":172,"column":97}}}},"statementMap":{"1":{"start":{"line":55,"column":27},"end":{"line":55,"column":74}},"2":{"start":{"line":58,"column":8},"end":{"line":58,"column":64}},"3":{"start":{"line":59,"column":8},"end":{"line":59,"column":67}},"4":{"start":{"line":60,"column":8},"end":{"line":60,"column":62}},"5":{"start":{"line":73,"column":8},"end":{"line":73,"column":75}},"6":{"start":{"line":74,"column":8},"end":{"line":74,"column":68}},"7":{"start":{"line":75,"column":8},"end":{"line":75,"column":52}},"8":{"start":{"line":76,"column":8},"end":{"line":76,"column":84}},"9":{"start":{"line":84,"column":8},"end":{"line":84,"column":31}},"10":{"start":{"line":88,"column":8},"end":{"line":88,"column":66}},"11":{"start":{"line":96,"column":8},"end":{"line":96,"column":46}},"12":{"start":{"line":97,"column":8},"end":{"line":97,"column":49}},"13":{"start":{"line":98,"column":8},"end":{"line":98,"column":72}},"14":{"start":{"line":99,"column":8},"end":{"line":99,"column":56}},"15":{"start":{"line":103,"column":8},"end":{"line":103,"column":71}},"16":{"start":{"line":107,"column":8},"end":{"line":107,"column":43}},"17":{"start":{"line":108,"column":8},"end":{"line":108,"column":48}},"18":{"start":{"line":109,"column":8},"end":{"line":109,"column":46}},"19":{"start":{"line":115,"column":8},"end":{"line":115,"column":30}},"20":{"start":{"line":116,"column":8},"end":{"line":116,"column":48}},"21":{"start":{"line":117,"column":8},"end":{"line":117,"column":4688}},"22":{"start":{"line":118,"column":12},"end":{"line":118,"column":53}},"23":{"start":{"line":122,"column":8},"end":{"line":122,"column":24}},"24":{"start":{"line":125,"column":8},"end":{"line":125,"column":34}},"25":{"start":{"line":132,"column":8},"end":{"line":132,"column":45}},"26":{"start":{"line":133,"column":8},"end":{"line":133,"column":55}},"27":{"start":{"line":133,"column":47},"end":{"line":133,"column":55}},"28":{"start":{"line":135,"column":8},"end":{"line":135,"column":78}},"29":{"start":{"line":136,"column":8},"end":{"line":136,"column":72}},"30":{"start":{"line":137,"column":8},"end":{"line":137,"column":53}},"31":{"start":{"line":137,"column":45},"end":{"line":137,"column":53}},"32":{"start":{"line":138,"column":8},"end":{"line":138,"column":58}},"33":{"start":{"line":141,"column":8},"end":{"line":141,"column":50}},"34":{"start":{"line":142,"column":8},"end":{"line":142,"column":55}},"35":{"start":{"line":143,"column":8},"end":{"line":143,"column":5736}},"36":{"start":{"line":144,"column":12},"end":{"line":144,"column":52}},"37":{"start":{"line":144,"column":44},"end":{"line":144,"column":52}},"38":{"start":{"line":145,"column":12},"end":{"line":145,"column":61}},"39":{"start":{"line":146,"column":12},"end":{"line":146,"column":68}},"40":{"start":{"line":148,"column":8},"end":{"line":148,"column":24}},"41":{"start":{"line":153,"column":8},"end":{"line":153,"column":46}},"42":{"start":{"line":154,"column":8},"end":{"line":154,"column":53}},"43":{"start":{"line":156,"column":8},"end":{"line":156,"column":50}},"44":{"start":{"line":159,"column":8},"end":{"line":159,"column":50}},"45":{"start":{"line":163,"column":8},"end":{"line":163,"column":63}},"46":{"start":{"line":165,"column":8},"end":{"line":165,"column":49}},"47":{"start":{"line":170,"column":61},"end":{"line":170,"column":86}},"48":{"start":{"line":171,"column":67},"end":{"line":171,"column":88}},"49":{"start":{"line":172,"column":64},"end":{"line":172,"column":95}}},"branchMap":{"1":{"line":55,"type":"if","locations":[{"start":{"line":55,"column":27},"end":{"line":55,"column":27}},{"start":{"line":55,"column":27},"end":{"line":55,"column":27}}]},"2":{"line":58,"type":"if","locations":[{"start":{"line":58,"column":8},"end":{"line":58,"column":8}},{"start":{"line":58,"column":8},"end":{"line":58,"column":8}}]},"3":{"line":59,"type":"if","locations":[{"start":{"line":59,"column":8},"end":{"line":59,"column":8}},{"start":{"line":59,"column":8},"end":{"line":59,"column":8}}]},"4":{"line":60,"type":"if","locations":[{"start":{"line":60,"column":8},"end":{"line":60,"column":8}},{"start":{"line":60,"column":8},"end":{"line":60,"column":8}}]},"5":{"line":72,"type":"if","locations":[{"start":{"line":72,"column":15},"end":{"line":72,"column":15}},{"start":{"line":72,"column":15},"end":{"line":72,"column":15}}]},"6":{"line":73,"type":"if","locations":[{"start":{"line":73,"column":8},"end":{"line":73,"column":8}},{"start":{"line":73,"column":8},"end":{"line":73,"column":8}}]},"7":{"line":74,"type":"if","locations":[{"start":{"line":74,"column":8},"end":{"line":74,"column":8}},{"start":{"line":74,"column":8},"end":{"line":74,"column":8}}]},"8":{"line":75,"type":"if","locations":[{"start":{"line":75,"column":8},"end":{"line":75,"column":8}},{"start":{"line":75,"column":8},"end":{"line":75,"column":8}}]},"9":{"line":76,"type":"if","locations":[{"start":{"line":76,"column":8},"end":{"line":76,"column":8}},{"start":{"line":76,"column":8},"end":{"line":76,"column":8}}]},"10":{"line":95,"type":"if","locations":[{"start":{"line":95,"column":15},"end":{"line":95,"column":15}},{"start":{"line":95,"column":15},"end":{"line":95,"column":15}}]},"11":{"line":97,"type":"if","locations":[{"start":{"line":97,"column":8},"end":{"line":97,"column":8}},{"start":{"line":97,"column":8},"end":{"line":97,"column":8}}]},"12":{"line":99,"type":"if","locations":[{"start":{"line":99,"column":8},"end":{"line":99,"column":8}},{"start":{"line":99,"column":8},"end":{"line":99,"column":8}}]},"13":{"line":106,"type":"if","locations":[{"start":{"line":106,"column":51},"end":{"line":106,"column":51}},{"start":{"line":106,"column":51},"end":{"line":106,"column":51}}]},"14":{"line":108,"type":"if","locations":[{"start":{"line":108,"column":8},"end":{"line":108,"column":8}},{"start":{"line":108,"column":8},"end":{"line":108,"column":8}}]},"15":{"line":117,"type":"if","locations":[{"start":{"line":117,"column":8},"end":{"line":117,"column":8}},{"start":{"line":117,"column":8},"end":{"line":117,"column":8}}]},"16":{"line":133,"type":"if","locations":[{"start":{"line":133,"column":8},"end":{"line":133,"column":8}},{"start":{"line":133,"column":8},"end":{"line":133,"column":8}}]},"17":{"line":133,"type":"cond-expr","locations":[{"start":{"line":133,"column":12},"end":{"line":133,"column":22}},{"start":{"line":133,"column":27},"end":{"line":133,"column":44}}]},"18":{"line":137,"type":"if","locations":[{"start":{"line":137,"column":8},"end":{"line":137,"column":8}},{"start":{"line":137,"column":8},"end":{"line":137,"column":8}}]},"19":{"line":143,"type":"if","locations":[{"start":{"line":143,"column":8},"end":{"line":143,"column":8}},{"start":{"line":143,"column":8},"end":{"line":143,"column":8}}]},"20":{"line":144,"type":"if","locations":[{"start":{"line":144,"column":12},"end":{"line":144,"column":12}},{"start":{"line":144,"column":12},"end":{"line":144,"column":12}}]},"21":{"line":146,"type":"if","locations":[{"start":{"line":146,"column":12},"end":{"line":146,"column":12}},{"start":{"line":146,"column":12},"end":{"line":146,"column":12}}]},"22":{"line":152,"type":"if","locations":[{"start":{"line":152,"column":30},"end":{"line":152,"column":30}},{"start":{"line":152,"column":30},"end":{"line":152,"column":30}}]},"23":{"line":154,"type":"if","locations":[{"start":{"line":154,"column":8},"end":{"line":154,"column":8}},{"start":{"line":154,"column":8},"end":{"line":154,"column":8}}]}}},"contracts/treasury/ReservedExpensesPool.sol":{"l":{"51":0,"52":0,"55":0,"56":0,"60":0,"61":0,"62":0,"63":0,"67":0,"68":0,"72":0,"73":0,"74":0,"75":0,"84":0,"85":0,"86":0,"88":0,"89":0,"90":0,"101":0,"106":0,"107":0,"108":0,"109":0,"110":0,"112":0,"113":0,"114":0,"116":0,"117":0,"122":0,"123":0,"124":0,"125":0,"126":0},"path":"/opt/missionchain/deploy/packages/contracts/contracts/treasury/ReservedExpensesPool.sol","s":{"1":0,"2":0,"3":0,"4":0,"5":0,"6":0,"7":0,"8":0,"9":0,"10":0,"11":0,"12":0,"13":0,"14":0,"15":0,"16":0,"17":0,"18":0,"19":0,"20":0,"21":0,"22":0,"23":0,"24":0,"25":0,"26":0},"b":{"1":[0,0],"2":[0,0],"3":[0,0],"4":[0,0],"5":[0,0],"6":[0,0],"7":[0,0],"8":[0,0],"9":[0,0],"10":[0,0],"11":[0,0],"12":[0,0],"13":[0,0],"14":[0,0],"15":[0,0],"16":[0,0],"17":[0,0],"18":[0,0],"19":[0,0],"20":[0,0]},"f":{"1":0,"2":0,"3":0,"4":0,"5":0,"6":0,"7":0,"8":0,"9":0,"10":0},"fnMap":{"1":{"name":"onlyOwner","line":50,"loc":{"start":{"line":50,"column":4},"end":{"line":53,"column":4}}},"2":{"name":"onlyDistributor","line":54,"loc":{"start":{"line":54,"column":4},"end":{"line":57,"column":4}}},"3":{"name":"constructor","line":59,"loc":{"start":{"line":59,"column":4},"end":{"line":64,"column":4}}},"4":{"name":"setDistributor","line":66,"loc":{"start":{"line":66,"column":4},"end":{"line":69,"column":4}}},"5":{"name":"receiveAndDistribute","line":71,"loc":{"start":{"line":71,"column":4},"end":{"line":76,"column":4}}},"6":{"name":"requestWithdraw","line":81,"loc":{"start":{"line":79,"column":4},"end":{"line":102,"column":4}}},"7":{"name":"executeWithdraw","line":105,"loc":{"start":{"line":105,"column":4},"end":{"line":118,"column":4}}},"8":{"name":"cancelWithdraw","line":121,"loc":{"start":{"line":121,"column":4},"end":{"line":127,"column":4}}},"9":{"name":"poolBalance","line":129,"loc":{"start":{"line":129,"column":4},"end":{"line":129,"column":99}}},"10":{"name":"getRequest","line":130,"loc":{"start":{"line":130,"column":4},"end":{"line":130,"column":106}}}},"statementMap":{"1":{"start":{"line":51,"column":8},"end":{"line":51,"column":53}},"2":{"start":{"line":55,"column":8},"end":{"line":55,"column":65}},"3":{"start":{"line":60,"column":8},"end":{"line":60,"column":53}},"4":{"start":{"line":61,"column":8},"end":{"line":61,"column":55}},"5":{"start":{"line":68,"column":8},"end":{"line":68,"column":41}},"6":{"start":{"line":72,"column":8},"end":{"line":72,"column":46}},"7":{"start":{"line":73,"column":8},"end":{"line":73,"column":63}},"8":{"start":{"line":75,"column":8},"end":{"line":75,"column":44}},"9":{"start":{"line":84,"column":8},"end":{"line":84,"column":62}},"10":{"start":{"line":85,"column":8},"end":{"line":85,"column":46}},"11":{"start":{"line":86,"column":8},"end":{"line":86,"column":84}},"12":{"start":{"line":89,"column":8},"end":{"line":89,"column":63}},"13":{"start":{"line":101,"column":8},"end":{"line":101,"column":74}},"14":{"start":{"line":106,"column":8},"end":{"line":106,"column":48}},"15":{"start":{"line":107,"column":8},"end":{"line":107,"column":56}},"16":{"start":{"line":108,"column":8},"end":{"line":108,"column":69}},"17":{"start":{"line":109,"column":8},"end":{"line":109,"column":72}},"18":{"start":{"line":110,"column":8},"end":{"line":110,"column":86}},"19":{"start":{"line":116,"column":8},"end":{"line":116,"column":47}},"20":{"start":{"line":117,"column":8},"end":{"line":117,"column":56}},"21":{"start":{"line":122,"column":8},"end":{"line":122,"column":48}},"22":{"start":{"line":123,"column":8},"end":{"line":123,"column":56}},"23":{"start":{"line":124,"column":8},"end":{"line":124,"column":69}},"24":{"start":{"line":126,"column":8},"end":{"line":126,"column":46}},"25":{"start":{"line":129,"column":61},"end":{"line":129,"column":97}},"26":{"start":{"line":130,"column":85},"end":{"line":130,"column":104}}},"branchMap":{"1":{"line":51,"type":"if","locations":[{"start":{"line":51,"column":8},"end":{"line":51,"column":8}},{"start":{"line":51,"column":8},"end":{"line":51,"column":8}}]},"2":{"line":55,"type":"if","locations":[{"start":{"line":55,"column":8},"end":{"line":55,"column":8}},{"start":{"line":55,"column":8},"end":{"line":55,"column":8}}]},"3":{"line":60,"type":"if","locations":[{"start":{"line":60,"column":8},"end":{"line":60,"column":8}},{"start":{"line":60,"column":8},"end":{"line":60,"column":8}}]},"4":{"line":61,"type":"if","locations":[{"start":{"line":61,"column":8},"end":{"line":61,"column":8}},{"start":{"line":61,"column":8},"end":{"line":61,"column":8}}]},"5":{"line":66,"type":"if","locations":[{"start":{"line":66,"column":59},"end":{"line":66,"column":59}},{"start":{"line":66,"column":59},"end":{"line":66,"column":59}}]},"6":{"line":71,"type":"if","locations":[{"start":{"line":71,"column":59},"end":{"line":71,"column":59}},{"start":{"line":71,"column":59},"end":{"line":71,"column":59}}]},"7":{"line":71,"type":"if","locations":[{"start":{"line":71,"column":75},"end":{"line":71,"column":75}},{"start":{"line":71,"column":75},"end":{"line":71,"column":75}}]},"8":{"line":72,"type":"if","locations":[{"start":{"line":72,"column":8},"end":{"line":72,"column":8}},{"start":{"line":72,"column":8},"end":{"line":72,"column":8}}]},"9":{"line":81,"type":"if","locations":[{"start":{"line":81,"column":8},"end":{"line":81,"column":8}},{"start":{"line":81,"column":8},"end":{"line":81,"column":8}}]},"10":{"line":84,"type":"if","locations":[{"start":{"line":84,"column":8},"end":{"line":84,"column":8}},{"start":{"line":84,"column":8},"end":{"line":84,"column":8}}]},"11":{"line":85,"type":"if","locations":[{"start":{"line":85,"column":8},"end":{"line":85,"column":8}},{"start":{"line":85,"column":8},"end":{"line":85,"column":8}}]},"12":{"line":86,"type":"if","locations":[{"start":{"line":86,"column":8},"end":{"line":86,"column":8}},{"start":{"line":86,"column":8},"end":{"line":86,"column":8}}]},"13":{"line":105,"type":"if","locations":[{"start":{"line":105,"column":50},"end":{"line":105,"column":50}},{"start":{"line":105,"column":50},"end":{"line":105,"column":50}}]},"14":{"line":107,"type":"if","locations":[{"start":{"line":107,"column":8},"end":{"line":107,"column":8}},{"start":{"line":107,"column":8},"end":{"line":107,"column":8}}]},"15":{"line":108,"type":"if","locations":[{"start":{"line":108,"column":8},"end":{"line":108,"column":8}},{"start":{"line":108,"column":8},"end":{"line":108,"column":8}}]},"16":{"line":109,"type":"if","locations":[{"start":{"line":109,"column":8},"end":{"line":109,"column":8}},{"start":{"line":109,"column":8},"end":{"line":109,"column":8}}]},"17":{"line":110,"type":"if","locations":[{"start":{"line":110,"column":8},"end":{"line":110,"column":8}},{"start":{"line":110,"column":8},"end":{"line":110,"column":8}}]},"18":{"line":121,"type":"if","locations":[{"start":{"line":121,"column":49},"end":{"line":121,"column":49}},{"start":{"line":121,"column":49},"end":{"line":121,"column":49}}]},"19":{"line":123,"type":"if","locations":[{"start":{"line":123,"column":8},"end":{"line":123,"column":8}},{"start":{"line":123,"column":8},"end":{"line":123,"column":8}}]},"20":{"line":124,"type":"if","locations":[{"start":{"line":124,"column":8},"end":{"line":124,"column":8}},{"start":{"line":124,"column":8},"end":{"line":124,"column":8}}]}}},"contracts/treasury/ReservedExpensesPoolV2.sol":{"l":{"47":0,"48":0,"49":0,"50":0,"58":0,"59":0,"61":0,"62":0,"63":0,"74":0,"78":0,"79":0,"80":0,"81":0,"82":0,"84":0,"85":0,"87":0,"88":0,"92":0,"93":0,"94":0,"95":0,"96":0},"path":"/opt/missionchain/deploy/packages/contracts/contracts/treasury/ReservedExpensesPoolV2.sol","s":{"1":0,"2":0,"3":0,"4":0,"5":0,"6":0,"7":0,"8":0,"9":0,"10":0,"11":0,"12":0,"13":0,"14":0,"15":0,"16":0,"17":0,"18":0,"19":0},"b":{"1":[0,0],"2":[0,0],"3":[0,0],"4":[0,0],"5":[0,0],"6":[0,0],"7":[0,0],"8":[0,0],"9":[0,0],"10":[0,0],"11":[0,0],"12":[0,0],"13":[0,0],"14":[0,0]},"f":{"1":0,"2":0,"3":0,"4":0,"5":0,"6":0},"fnMap":{"1":{"name":"onlyOwner","line":44,"loc":{"start":{"line":44,"column":4},"end":{"line":44,"column":80}}},"2":{"name":"constructor","line":46,"loc":{"start":{"line":46,"column":4},"end":{"line":51,"column":4}}},"3":{"name":"requestWithdraw","line":55,"loc":{"start":{"line":53,"column":4},"end":{"line":75,"column":4}}},"4":{"name":"executeWithdraw","line":77,"loc":{"start":{"line":77,"column":4},"end":{"line":89,"column":4}}},"5":{"name":"cancelWithdraw","line":91,"loc":{"start":{"line":91,"column":4},"end":{"line":97,"column":4}}},"6":{"name":"getRequest","line":99,"loc":{"start":{"line":99,"column":4},"end":{"line":99,"column":106}}}},"statementMap":{"1":{"start":{"line":44,"column":27},"end":{"line":44,"column":74}},"2":{"start":{"line":47,"column":8},"end":{"line":47,"column":67}},"3":{"start":{"line":48,"column":8},"end":{"line":48,"column":57}},"4":{"start":{"line":58,"column":8},"end":{"line":58,"column":64}},"5":{"start":{"line":59,"column":8},"end":{"line":59,"column":48}},"6":{"start":{"line":62,"column":8},"end":{"line":62,"column":63}},"7":{"start":{"line":74,"column":8},"end":{"line":74,"column":74}},"8":{"start":{"line":78,"column":8},"end":{"line":78,"column":48}},"9":{"start":{"line":79,"column":8},"end":{"line":79,"column":58}},"10":{"start":{"line":80,"column":8},"end":{"line":80,"column":71}},"11":{"start":{"line":81,"column":8},"end":{"line":81,"column":74}},"12":{"start":{"line":82,"column":8},"end":{"line":82,"column":101}},"13":{"start":{"line":87,"column":8},"end":{"line":87,"column":63}},"14":{"start":{"line":88,"column":8},"end":{"line":88,"column":56}},"15":{"start":{"line":92,"column":8},"end":{"line":92,"column":48}},"16":{"start":{"line":93,"column":8},"end":{"line":93,"column":58}},"17":{"start":{"line":94,"column":8},"end":{"line":94,"column":71}},"18":{"start":{"line":96,"column":8},"end":{"line":96,"column":46}},"19":{"start":{"line":99,"column":85},"end":{"line":99,"column":104}}},"branchMap":{"1":{"line":44,"type":"if","locations":[{"start":{"line":44,"column":27},"end":{"line":44,"column":27}},{"start":{"line":44,"column":27},"end":{"line":44,"column":27}}]},"2":{"line":47,"type":"if","locations":[{"start":{"line":47,"column":8},"end":{"line":47,"column":8}},{"start":{"line":47,"column":8},"end":{"line":47,"column":8}}]},"3":{"line":48,"type":"if","locations":[{"start":{"line":48,"column":8},"end":{"line":48,"column":8}},{"start":{"line":48,"column":8},"end":{"line":48,"column":8}}]},"4":{"line":55,"type":"if","locations":[{"start":{"line":55,"column":8},"end":{"line":55,"column":8}},{"start":{"line":55,"column":8},"end":{"line":55,"column":8}}]},"5":{"line":58,"type":"if","locations":[{"start":{"line":58,"column":8},"end":{"line":58,"column":8}},{"start":{"line":58,"column":8},"end":{"line":58,"column":8}}]},"6":{"line":59,"type":"if","locations":[{"start":{"line":59,"column":8},"end":{"line":59,"column":8}},{"start":{"line":59,"column":8},"end":{"line":59,"column":8}}]},"7":{"line":77,"type":"if","locations":[{"start":{"line":77,"column":50},"end":{"line":77,"column":50}},{"start":{"line":77,"column":50},"end":{"line":77,"column":50}}]},"8":{"line":79,"type":"if","locations":[{"start":{"line":79,"column":8},"end":{"line":79,"column":8}},{"start":{"line":79,"column":8},"end":{"line":79,"column":8}}]},"9":{"line":80,"type":"if","locations":[{"start":{"line":80,"column":8},"end":{"line":80,"column":8}},{"start":{"line":80,"column":8},"end":{"line":80,"column":8}}]},"10":{"line":81,"type":"if","locations":[{"start":{"line":81,"column":8},"end":{"line":81,"column":8}},{"start":{"line":81,"column":8},"end":{"line":81,"column":8}}]},"11":{"line":82,"type":"if","locations":[{"start":{"line":82,"column":8},"end":{"line":82,"column":8}},{"start":{"line":82,"column":8},"end":{"line":82,"column":8}}]},"12":{"line":91,"type":"if","locations":[{"start":{"line":91,"column":49},"end":{"line":91,"column":49}},{"start":{"line":91,"column":49},"end":{"line":91,"column":49}}]},"13":{"line":93,"type":"if","locations":[{"start":{"line":93,"column":8},"end":{"line":93,"column":8}},{"start":{"line":93,"column":8},"end":{"line":93,"column":8}}]},"14":{"line":94,"type":"if","locations":[{"start":{"line":94,"column":8},"end":{"line":94,"column":8}},{"start":{"line":94,"column":8},"end":{"line":94,"column":8}}]}}}}